mode: set
github.com/decisiveai/mdai-operator/api/v1/mdaicollector_types.go:130.13,132.2 1 0
github.com/decisiveai/mdai-operator/api/v1/mdaihub_types.go:169.13,171.2 1 0
github.com/decisiveai/mdai-operator/api/v1/mdaiobserver_types.go:106.13,108.2 1 0
github.com/decisiveai/mdai-operator/api/v1/zz_generated.deepcopy.go:31.51,33.34 2 0
github.com/decisiveai/mdai-operator/api/v1/zz_generated.deepcopy.go:33.34,37.3 3 0
github.com/decisiveai/mdai-operator/api/v1/zz_generated.deepcopy.go:41.44,42.15 1 0
github.com/decisiveai/mdai-operator/api/v1/zz_generated.deepcopy.go:42.15,44.3 1 0
github.com/decisiveai/mdai-operator/api/v1/zz_generated.deepcopy.go:45.2,47.12 3 0
github.com/decisiveai/mdai-operator/api/v1/zz_generated.deepcopy.go:51.73,53.2 1 0
github.com/decisiveai/mdai-operator/api/v1/zz_generated.deepcopy.go:56.66,57.15 1 0
github.com/decisiveai/mdai-operator/api/v1/zz_generated.deepcopy.go:57.15,59.3 1 0
github.com/decisiveai/mdai-operator/api/v1/zz_generated.deepcopy.go:60.2,62.12 3 0
github.com/decisiveai/mdai-operator/api/v1/zz_generated.deepcopy.go:66.53,68.24 2 0
github.com/decisiveai/mdai-operator/api/v1/zz_generated.deepcopy.go:68.24,71.22 3 0
github.com/decisiveai/mdai-operator/api/v1/zz_generated.deepcopy.go:71.22,73.4 1 0
github.com/decisiveai/mdai-operator/api/v1/zz_generated.deepcopy.go:78.46,79.15 1 0
github.com/decisiveai/mdai-operator/api/v1/zz_generated.deepcopy.go:79.15,81.3 1 0
github.com/decisiveai/mdai-operator/api/v1/zz_generated.deepcopy.go:82.2,84.12 3 0
github.com/decisiveai/mdai-operator/api/v1/zz_generated.deepcopy.go:88.61,90.25 2 0
github.com/decisiveai/mdai-operator/api/v1/zz_generated.deepcopy.go:90.25,93.29 3 0
github.com/decisiveai/mdai-operator/api/v1/zz_generated.deepcopy.go:93.29,95.4 1 0
github.com/decisiveai/mdai-operator/api/v1/zz_generated.deepcopy.go:100.54,101.15 1 0
github.com/decisiveai/mdai-operator/api/v1/zz_generated.deepcopy.go:101.15,103.3 1 0
github.com/decisiveai/mdai-operator/api/v1/zz_generated.deepcopy.go:104.2,106.12 3 0
github.com/decisiveai/mdai-operator/api/v1/zz_generated.deepcopy.go:110.45,112.34 2 0
github.com/decisiveai/mdai-operator/api/v1/zz_generated.deepcopy.go:112.34,116.3 3 0
github.com/decisiveai/mdai-operator/api/v1/zz_generated.deepcopy.go:120.38,121.15 1 0
github.com/decisiveai/mdai-operator/api/v1/zz_generated.deepcopy.go:121.15,123.3 1 0
github.com/decisiveai/mdai-operator/api/v1/zz_generated.deepcopy.go:124.2,126.12 3 0
github.com/decisiveai/mdai-operator/api/v1/zz_generated.deepcopy.go:130.63,132.2 1 0
github.com/decisiveai/mdai-operator/api/v1/zz_generated.deepcopy.go:135.56,136.15 1 0
github.com/decisiveai/mdai-operator/api/v1/zz_generated.deepcopy.go:136.15,138.3 1 0
github.com/decisiveai/mdai-operator/api/v1/zz_generated.deepcopy.go:139.2,141.12 3 0
github.com/decisiveai/mdai-operator/api/v1/zz_generated.deepcopy.go:145.53,147.18 2 0
github.com/decisiveai/mdai-operator/api/v1/zz_generated.deepcopy.go:147.18,151.3 3 0
github.com/decisiveai/mdai-operator/api/v1/zz_generated.deepcopy.go:152.2,152.20 1 0
github.com/decisiveai/mdai-operator/api/v1/zz_generated.deepcopy.go:152.20,156.3 3 0
github.com/decisiveai/mdai-operator/api/v1/zz_generated.deepcopy.go:160.46,161.15 1 0
github.com/decisiveai/mdai-operator/api/v1/zz_generated.deepcopy.go:161.15,163.3 1 0
github.com/decisiveai/mdai-operator/api/v1/zz_generated.deepcopy.go:164.2,166.12 3 0
github.com/decisiveai/mdai-operator/api/v1/zz_generated.deepcopy.go:170.63,172.27 2 0
github.com/decisiveai/mdai-operator/api/v1/zz_generated.deepcopy.go:172.27,176.3 3 0
github.com/decisiveai/mdai-operator/api/v1/zz_generated.deepcopy.go:180.56,181.15 1 0
github.com/decisiveai/mdai-operator/api/v1/zz_generated.deepcopy.go:181.15,183.3 1 0
github.com/decisiveai/mdai-operator/api/v1/zz_generated.deepcopy.go:184.2,186.12 3 0
github.com/decisiveai/mdai-operator/api/v1/zz_generated.deepcopy.go:190.59,196.2 5 0
github.com/decisiveai/mdai-operator/api/v1/zz_generated.deepcopy.go:199.52,200.15 1 0
github.com/decisiveai/mdai-operator/api/v1/zz_generated.deepcopy.go:200.15,202.3 1 0
github.com/decisiveai/mdai-operator/api/v1/zz_generated.deepcopy.go:203.2,205.12 3 0
github.com/decisiveai/mdai-operator/api/v1/zz_generated.deepcopy.go:209.58,210.34 1 0
github.com/decisiveai/mdai-operator/api/v1/zz_generated.deepcopy.go:210.34,212.3 1 0
github.com/decisiveai/mdai-operator/api/v1/zz_generated.deepcopy.go:213.2,213.12 1 0
github.com/decisiveai/mdai-operator/api/v1/zz_generated.deepcopy.go:217.67,221.21 4 0
github.com/decisiveai/mdai-operator/api/v1/zz_generated.deepcopy.go:221.21,224.22 3 0
github.com/decisiveai/mdai-operator/api/v1/zz_generated.deepcopy.go:224.22,226.4 1 0
github.com/decisiveai/mdai-operator/api/v1/zz_generated.deepcopy.go:231.60,232.15 1 0
github.com/decisiveai/mdai-operator/api/v1/zz_generated.deepcopy.go:232.15,234.3 1 0
github.com/decisiveai/mdai-operator/api/v1/zz_generated.deepcopy.go:235.2,237.12 3 0
github.com/decisiveai/mdai-operator/api/v1/zz_generated.deepcopy.go:241.62,242.34 1 0
github.com/decisiveai/mdai-operator/api/v1/zz_generated.deepcopy.go:242.34,244.3 1 0
github.com/decisiveai/mdai-operator/api/v1/zz_generated.deepcopy.go:245.2,245.12 1 0
github.com/decisiveai/mdai-operator/api/v1/zz_generated.deepcopy.go:249.67,251.25 2 0
github.com/decisiveai/mdai-operator/api/v1/zz_generated.deepcopy.go:251.25,255.3 3 0
github.com/decisiveai/mdai-operator/api/v1/zz_generated.deepcopy.go:256.2,256.20 1 0
github.com/decisiveai/mdai-operator/api/v1/zz_generated.deepcopy.go:256.20,260.3 3 0
github.com/decisiveai/mdai-operator/api/v1/zz_generated.deepcopy.go:264.60,265.15 1 0
github.com/decisiveai/mdai-operator/api/v1/zz_generated.deepcopy.go:265.15,267.3 1 0
github.com/decisiveai/mdai-operator/api/v1/zz_generated.deepcopy.go:268.2,270.12 3 0
github.com/decisiveai/mdai-operator/api/v1/zz_generated.deepcopy.go:274.71,276.31 2 0
github.com/decisiveai/mdai-operator/api/v1/zz_generated.deepcopy.go:276.31,279.3 2 0
github.com/decisiveai/mdai-operator/api/v1/zz_generated.deepcopy.go:280.2,280.26 1 0
github.com/decisiveai/mdai-operator/api/v1/zz_generated.deepcopy.go:280.26,283.22 3 0
github.com/decisiveai/mdai-operator/api/v1/zz_generated.deepcopy.go:283.22,285.4 1 0
github.com/decisiveai/mdai-operator/api/v1/zz_generated.deepcopy.go:290.64,291.15 1 0
github.com/decisiveai/mdai-operator/api/v1/zz_generated.deepcopy.go:291.15,293.3 1 0
github.com/decisiveai/mdai-operator/api/v1/zz_generated.deepcopy.go:294.2,296.12 3 0
github.com/decisiveai/mdai-operator/api/v1/zz_generated.deepcopy.go:300.47,306.2 5 0
github.com/decisiveai/mdai-operator/api/v1/zz_generated.deepcopy.go:309.40,310.15 1 0
github.com/decisiveai/mdai-operator/api/v1/zz_generated.deepcopy.go:310.15,312.3 1 0
github.com/decisiveai/mdai-operator/api/v1/zz_generated.deepcopy.go:313.2,315.12 3 0
github.com/decisiveai/mdai-operator/api/v1/zz_generated.deepcopy.go:319.52,320.34 1 0
github.com/decisiveai/mdai-operator/api/v1/zz_generated.deepcopy.go:320.34,322.3 1 0
github.com/decisiveai/mdai-operator/api/v1/zz_generated.deepcopy.go:323.2,323.12 1 0
github.com/decisiveai/mdai-operator/api/v1/zz_generated.deepcopy.go:327.55,331.21 4 0
github.com/decisiveai/mdai-operator/api/v1/zz_generated.deepcopy.go:331.21,334.22 3 0
github.com/decisiveai/mdai-operator/api/v1/zz_generated.deepcopy.go:334.22,336.4 1 0
github.com/decisiveai/mdai-operator/api/v1/zz_generated.deepcopy.go:341.48,342.15 1 0
github.com/decisiveai/mdai-operator/api/v1/zz_generated.deepcopy.go:342.15,344.3 1 0
github.com/decisiveai/mdai-operator/api/v1/zz_generated.deepcopy.go:345.2,347.12 3 0
github.com/decisiveai/mdai-operator/api/v1/zz_generated.deepcopy.go:351.56,352.34 1 0
github.com/decisiveai/mdai-operator/api/v1/zz_generated.deepcopy.go:352.34,354.3 1 0
github.com/decisiveai/mdai-operator/api/v1/zz_generated.deepcopy.go:355.2,355.12 1 0
github.com/decisiveai/mdai-operator/api/v1/zz_generated.deepcopy.go:359.55,361.22 2 0
github.com/decisiveai/mdai-operator/api/v1/zz_generated.deepcopy.go:361.22,365.3 3 0
github.com/decisiveai/mdai-operator/api/v1/zz_generated.deepcopy.go:366.2,366.25 1 0
github.com/decisiveai/mdai-operator/api/v1/zz_generated.deepcopy.go:366.25,369.22 3 0
github.com/decisiveai/mdai-operator/api/v1/zz_generated.deepcopy.go:369.22,371.4 1 0
github.com/decisiveai/mdai-operator/api/v1/zz_generated.deepcopy.go:373.2,373.31 1 0
github.com/decisiveai/mdai-operator/api/v1/zz_generated.deepcopy.go:373.31,376.22 3 0
github.com/decisiveai/mdai-operator/api/v1/zz_generated.deepcopy.go:376.22,378.4 1 0
github.com/decisiveai/mdai-operator/api/v1/zz_generated.deepcopy.go:380.2,380.27 1 0
github.com/decisiveai/mdai-operator/api/v1/zz_generated.deepcopy.go:380.27,383.22 3 0
github.com/decisiveai/mdai-operator/api/v1/zz_generated.deepcopy.go:383.22,385.4 1 0
github.com/decisiveai/mdai-operator/api/v1/zz_generated.deepcopy.go:390.48,391.15 1 0
github.com/decisiveai/mdai-operator/api/v1/zz_generated.deepcopy.go:391.15,393.3 1 0
github.com/decisiveai/mdai-operator/api/v1/zz_generated.deepcopy.go:394.2,396.12 3 0
github.com/decisiveai/mdai-operator/api/v1/zz_generated.deepcopy.go:400.59,402.31 2 0
github.com/decisiveai/mdai-operator/api/v1/zz_generated.deepcopy.go:402.31,405.3 2 0
github.com/decisiveai/mdai-operator/api/v1/zz_generated.deepcopy.go:406.2,406.26 1 0
github.com/decisiveai/mdai-operator/api/v1/zz_generated.deepcopy.go:406.26,409.22 3 0
github.com/decisiveai/mdai-operator/api/v1/zz_generated.deepcopy.go:409.22,411.4 1 0
github.com/decisiveai/mdai-operator/api/v1/zz_generated.deepcopy.go:416.52,417.15 1 0
github.com/decisiveai/mdai-operator/api/v1/zz_generated.deepcopy.go:417.15,419.3 1 0
github.com/decisiveai/mdai-operator/api/v1/zz_generated.deepcopy.go:420.2,422.12 3 0
github.com/decisiveai/mdai-operator/api/v1/zz_generated.deepcopy.go:426.57,432.2 5 0
github.com/decisiveai/mdai-operator/api/v1/zz_generated.deepcopy.go:435.50,436.15 1 0
github.com/decisiveai/mdai-operator/api/v1/zz_generated.deepcopy.go:436.15,438.3 1 0
github.com/decisiveai/mdai-operator/api/v1/zz_generated.deepcopy.go:439.2,441.12 3 0
github.com/decisiveai/mdai-operator/api/v1/zz_generated.deepcopy.go:445.57,446.34 1 0
github.com/decisiveai/mdai-operator/api/v1/zz_generated.deepcopy.go:446.34,448.3 1 0
github.com/decisiveai/mdai-operator/api/v1/zz_generated.deepcopy.go:449.2,449.12 1 0
github.com/decisiveai/mdai-operator/api/v1/zz_generated.deepcopy.go:453.65,457.21 4 0
github.com/decisiveai/mdai-operator/api/v1/zz_generated.deepcopy.go:457.21,460.22 3 0
github.com/decisiveai/mdai-operator/api/v1/zz_generated.deepcopy.go:460.22,462.4 1 0
github.com/decisiveai/mdai-operator/api/v1/zz_generated.deepcopy.go:467.58,468.15 1 0
github.com/decisiveai/mdai-operator/api/v1/zz_generated.deepcopy.go:468.15,470.3 1 0
github.com/decisiveai/mdai-operator/api/v1/zz_generated.deepcopy.go:471.2,473.12 3 0
github.com/decisiveai/mdai-operator/api/v1/zz_generated.deepcopy.go:477.61,478.34 1 0
github.com/decisiveai/mdai-operator/api/v1/zz_generated.deepcopy.go:478.34,480.3 1 0
github.com/decisiveai/mdai-operator/api/v1/zz_generated.deepcopy.go:481.2,481.12 1 0
github.com/decisiveai/mdai-operator/api/v1/zz_generated.deepcopy.go:485.65,487.25 2 0
github.com/decisiveai/mdai-operator/api/v1/zz_generated.deepcopy.go:487.25,490.22 3 0
github.com/decisiveai/mdai-operator/api/v1/zz_generated.deepcopy.go:490.22,492.4 1 0
github.com/decisiveai/mdai-operator/api/v1/zz_generated.deepcopy.go:494.2,494.57 1 0
github.com/decisiveai/mdai-operator/api/v1/zz_generated.deepcopy.go:498.58,499.15 1 0
github.com/decisiveai/mdai-operator/api/v1/zz_generated.deepcopy.go:499.15,501.3 1 0
github.com/decisiveai/mdai-operator/api/v1/zz_generated.deepcopy.go:502.2,504.12 3 0
github.com/decisiveai/mdai-operator/api/v1/zz_generated.deepcopy.go:508.69,510.31 2 0
github.com/decisiveai/mdai-operator/api/v1/zz_generated.deepcopy.go:510.31,513.3 2 0
github.com/decisiveai/mdai-operator/api/v1/zz_generated.deepcopy.go:514.2,514.26 1 0
github.com/decisiveai/mdai-operator/api/v1/zz_generated.deepcopy.go:514.26,517.22 3 0
github.com/decisiveai/mdai-operator/api/v1/zz_generated.deepcopy.go:517.22,519.4 1 0
github.com/decisiveai/mdai-operator/api/v1/zz_generated.deepcopy.go:524.62,525.15 1 0
github.com/decisiveai/mdai-operator/api/v1/zz_generated.deepcopy.go:525.15,527.3 1 0
github.com/decisiveai/mdai-operator/api/v1/zz_generated.deepcopy.go:528.2,530.12 3 0
github.com/decisiveai/mdai-operator/api/v1/zz_generated.deepcopy.go:534.49,536.39 2 0
github.com/decisiveai/mdai-operator/api/v1/zz_generated.deepcopy.go:536.39,540.3 3 0
github.com/decisiveai/mdai-operator/api/v1/zz_generated.deepcopy.go:541.2,541.31 1 0
github.com/decisiveai/mdai-operator/api/v1/zz_generated.deepcopy.go:541.31,545.3 3 0
github.com/decisiveai/mdai-operator/api/v1/zz_generated.deepcopy.go:546.2,546.31 1 0
github.com/decisiveai/mdai-operator/api/v1/zz_generated.deepcopy.go:546.31,550.3 3 0
github.com/decisiveai/mdai-operator/api/v1/zz_generated.deepcopy.go:551.2,551.22 1 0
github.com/decisiveai/mdai-operator/api/v1/zz_generated.deepcopy.go:551.22,555.3 3 0
github.com/decisiveai/mdai-operator/api/v1/zz_generated.deepcopy.go:559.42,560.15 1 0
github.com/decisiveai/mdai-operator/api/v1/zz_generated.deepcopy.go:560.15,562.3 1 0
github.com/decisiveai/mdai-operator/api/v1/zz_generated.deepcopy.go:563.2,565.12 3 0
github.com/decisiveai/mdai-operator/api/v1/zz_generated.deepcopy.go:569.61,571.25 2 0
github.com/decisiveai/mdai-operator/api/v1/zz_generated.deepcopy.go:571.25,575.3 3 0
github.com/decisiveai/mdai-operator/api/v1/zz_generated.deepcopy.go:576.2,576.20 1 0
github.com/decisiveai/mdai-operator/api/v1/zz_generated.deepcopy.go:576.20,580.3 3 0
github.com/decisiveai/mdai-operator/api/v1/zz_generated.deepcopy.go:584.54,585.15 1 0
github.com/decisiveai/mdai-operator/api/v1/zz_generated.deepcopy.go:585.15,587.3 1 0
github.com/decisiveai/mdai-operator/api/v1/zz_generated.deepcopy.go:588.2,590.12 3 0
github.com/decisiveai/mdai-operator/api/v1/zz_generated.deepcopy.go:594.69,596.25 2 0
github.com/decisiveai/mdai-operator/api/v1/zz_generated.deepcopy.go:596.25,600.3 3 0
github.com/decisiveai/mdai-operator/api/v1/zz_generated.deepcopy.go:604.62,605.15 1 0
github.com/decisiveai/mdai-operator/api/v1/zz_generated.deepcopy.go:605.15,607.3 1 0
github.com/decisiveai/mdai-operator/api/v1/zz_generated.deepcopy.go:608.2,610.12 3 0
github.com/decisiveai/mdai-operator/api/v1/zz_generated.deepcopy.go:614.65,616.21 2 0
github.com/decisiveai/mdai-operator/api/v1/zz_generated.deepcopy.go:616.21,620.3 3 0
github.com/decisiveai/mdai-operator/api/v1/zz_generated.deepcopy.go:621.2,621.24 1 0
github.com/decisiveai/mdai-operator/api/v1/zz_generated.deepcopy.go:621.24,625.3 3 0
github.com/decisiveai/mdai-operator/api/v1/zz_generated.deepcopy.go:626.2,626.25 1 0
github.com/decisiveai/mdai-operator/api/v1/zz_generated.deepcopy.go:626.25,630.3 3 0
github.com/decisiveai/mdai-operator/api/v1/zz_generated.deepcopy.go:631.2,631.38 1 0
github.com/decisiveai/mdai-operator/api/v1/zz_generated.deepcopy.go:631.38,635.3 3 0
github.com/decisiveai/mdai-operator/api/v1/zz_generated.deepcopy.go:636.2,636.35 1 0
github.com/decisiveai/mdai-operator/api/v1/zz_generated.deepcopy.go:636.35,640.3 3 0
github.com/decisiveai/mdai-operator/api/v1/zz_generated.deepcopy.go:644.58,645.15 1 0
github.com/decisiveai/mdai-operator/api/v1/zz_generated.deepcopy.go:645.15,647.3 1 0
github.com/decisiveai/mdai-operator/api/v1/zz_generated.deepcopy.go:648.2,650.12 3 0
github.com/decisiveai/mdai-operator/api/v1/zz_generated.deepcopy.go:654.61,656.25 2 0
github.com/decisiveai/mdai-operator/api/v1/zz_generated.deepcopy.go:656.25,660.3 3 0
github.com/decisiveai/mdai-operator/api/v1/zz_generated.deepcopy.go:661.2,661.29 1 0
github.com/decisiveai/mdai-operator/api/v1/zz_generated.deepcopy.go:661.29,665.3 3 0
github.com/decisiveai/mdai-operator/api/v1/zz_generated.deepcopy.go:666.2,666.23 1 0
github.com/decisiveai/mdai-operator/api/v1/zz_generated.deepcopy.go:666.23,670.3 3 0
github.com/decisiveai/mdai-operator/api/v1/zz_generated.deepcopy.go:671.2,671.25 1 0
github.com/decisiveai/mdai-operator/api/v1/zz_generated.deepcopy.go:671.25,675.3 3 0
github.com/decisiveai/mdai-operator/api/v1/zz_generated.deepcopy.go:679.54,680.15 1 0
github.com/decisiveai/mdai-operator/api/v1/zz_generated.deepcopy.go:680.15,682.3 1 0
github.com/decisiveai/mdai-operator/api/v1/zz_generated.deepcopy.go:683.2,685.12 3 0
github.com/decisiveai/mdai-operator/api/v1/zz_generated.deepcopy.go:689.63,692.19 3 0
github.com/decisiveai/mdai-operator/api/v1/zz_generated.deepcopy.go:692.19,696.3 3 0
github.com/decisiveai/mdai-operator/api/v1/zz_generated.deepcopy.go:697.2,697.29 1 0
github.com/decisiveai/mdai-operator/api/v1/zz_generated.deepcopy.go:697.29,701.3 3 0
github.com/decisiveai/mdai-operator/api/v1/zz_generated.deepcopy.go:702.2,702.24 1 0
github.com/decisiveai/mdai-operator/api/v1/zz_generated.deepcopy.go:702.24,706.3 3 0
github.com/decisiveai/mdai-operator/api/v1/zz_generated.deepcopy.go:710.56,711.15 1 0
github.com/decisiveai/mdai-operator/api/v1/zz_generated.deepcopy.go:711.15,713.3 1 0
github.com/decisiveai/mdai-operator/api/v1/zz_generated.deepcopy.go:714.2,716.12 3 0
github.com/decisiveai/mdai-operator/api/v1/zz_generated.deepcopy.go:720.57,722.25 2 0
github.com/decisiveai/mdai-operator/api/v1/zz_generated.deepcopy.go:722.25,726.3 3 0
github.com/decisiveai/mdai-operator/api/v1/zz_generated.deepcopy.go:727.2,727.29 1 0
github.com/decisiveai/mdai-operator/api/v1/zz_generated.deepcopy.go:727.29,731.3 3 0
github.com/decisiveai/mdai-operator/api/v1/zz_generated.deepcopy.go:732.2,732.23 1 0
github.com/decisiveai/mdai-operator/api/v1/zz_generated.deepcopy.go:732.23,736.3 3 0
github.com/decisiveai/mdai-operator/api/v1/zz_generated.deepcopy.go:737.2,737.25 1 0
github.com/decisiveai/mdai-operator/api/v1/zz_generated.deepcopy.go:737.25,741.3 3 0
github.com/decisiveai/mdai-operator/api/v1/zz_generated.deepcopy.go:745.50,746.15 1 0
github.com/decisiveai/mdai-operator/api/v1/zz_generated.deepcopy.go:746.15,748.3 1 0
github.com/decisiveai/mdai-operator/api/v1/zz_generated.deepcopy.go:749.2,751.12 3 0
github.com/decisiveai/mdai-operator/api/v1/zz_generated.deepcopy.go:755.53,757.28 2 0
github.com/decisiveai/mdai-operator/api/v1/zz_generated.deepcopy.go:757.28,760.22 3 0
github.com/decisiveai/mdai-operator/api/v1/zz_generated.deepcopy.go:760.22,762.4 1 0
github.com/decisiveai/mdai-operator/api/v1/zz_generated.deepcopy.go:767.46,768.15 1 0
github.com/decisiveai/mdai-operator/api/v1/zz_generated.deepcopy.go:768.15,770.3 1 0
github.com/decisiveai/mdai-operator/api/v1/zz_generated.deepcopy.go:771.2,773.12 3 0
github.com/decisiveai/mdai-operator/api/v1/zz_generated.deepcopy.go:777.49,779.28 2 0
github.com/decisiveai/mdai-operator/api/v1/zz_generated.deepcopy.go:779.28,783.3 3 0
github.com/decisiveai/mdai-operator/api/v1/zz_generated.deepcopy.go:784.2,784.27 1 0
github.com/decisiveai/mdai-operator/api/v1/zz_generated.deepcopy.go:784.27,787.22 3 0
github.com/decisiveai/mdai-operator/api/v1/zz_generated.deepcopy.go:787.22,789.4 1 0
github.com/decisiveai/mdai-operator/api/v1/zz_generated.deepcopy.go:794.42,795.15 1 0
github.com/decisiveai/mdai-operator/api/v1/zz_generated.deepcopy.go:795.15,797.3 1 0
github.com/decisiveai/mdai-operator/api/v1/zz_generated.deepcopy.go:798.2,800.12 3 0
github.com/decisiveai/mdai-operator/api/v1/zz_generated.deepcopy.go:804.71,806.20 2 0
github.com/decisiveai/mdai-operator/api/v1/zz_generated.deepcopy.go:806.20,810.3 3 0
github.com/decisiveai/mdai-operator/api/v1/zz_generated.deepcopy.go:814.64,815.15 1 0
github.com/decisiveai/mdai-operator/api/v1/zz_generated.deepcopy.go:815.15,817.3 1 0
github.com/decisiveai/mdai-operator/api/v1/zz_generated.deepcopy.go:818.2,820.12 3 0
github.com/decisiveai/mdai-operator/api/v1/mdaicollector_types.go:130.13,132.2 1 1
github.com/decisiveai/mdai-operator/api/v1/mdaihub_types.go:169.13,171.2 1 1
github.com/decisiveai/mdai-operator/api/v1/mdaiobserver_types.go:106.13,108.2 1 1
github.com/decisiveai/mdai-operator/api/v1/zz_generated.deepcopy.go:31.51,33.34 2 0
github.com/decisiveai/mdai-operator/api/v1/zz_generated.deepcopy.go:33.34,37.3 3 0
github.com/decisiveai/mdai-operator/api/v1/zz_generated.deepcopy.go:41.44,42.15 1 0
github.com/decisiveai/mdai-operator/api/v1/zz_generated.deepcopy.go:42.15,44.3 1 0
github.com/decisiveai/mdai-operator/api/v1/zz_generated.deepcopy.go:45.2,47.12 3 0
github.com/decisiveai/mdai-operator/api/v1/zz_generated.deepcopy.go:51.73,53.2 1 0
github.com/decisiveai/mdai-operator/api/v1/zz_generated.deepcopy.go:56.66,57.15 1 0
github.com/decisiveai/mdai-operator/api/v1/zz_generated.deepcopy.go:57.15,59.3 1 0
github.com/decisiveai/mdai-operator/api/v1/zz_generated.deepcopy.go:60.2,62.12 3 0
github.com/decisiveai/mdai-operator/api/v1/zz_generated.deepcopy.go:66.53,68.24 2 0
github.com/decisiveai/mdai-operator/api/v1/zz_generated.deepcopy.go:68.24,71.22 3 0
github.com/decisiveai/mdai-operator/api/v1/zz_generated.deepcopy.go:71.22,73.4 1 0
github.com/decisiveai/mdai-operator/api/v1/zz_generated.deepcopy.go:78.46,79.15 1 0
github.com/decisiveai/mdai-operator/api/v1/zz_generated.deepcopy.go:79.15,81.3 1 0
github.com/decisiveai/mdai-operator/api/v1/zz_generated.deepcopy.go:82.2,84.12 3 0
github.com/decisiveai/mdai-operator/api/v1/zz_generated.deepcopy.go:88.61,90.25 2 0
github.com/decisiveai/mdai-operator/api/v1/zz_generated.deepcopy.go:90.25,93.29 3 0
github.com/decisiveai/mdai-operator/api/v1/zz_generated.deepcopy.go:93.29,95.4 1 0
github.com/decisiveai/mdai-operator/api/v1/zz_generated.deepcopy.go:100.54,101.15 1 0
github.com/decisiveai/mdai-operator/api/v1/zz_generated.deepcopy.go:101.15,103.3 1 0
github.com/decisiveai/mdai-operator/api/v1/zz_generated.deepcopy.go:104.2,106.12 3 0
github.com/decisiveai/mdai-operator/api/v1/zz_generated.deepcopy.go:110.45,112.34 2 0
github.com/decisiveai/mdai-operator/api/v1/zz_generated.deepcopy.go:112.34,116.3 3 0
github.com/decisiveai/mdai-operator/api/v1/zz_generated.deepcopy.go:120.38,121.15 1 0
github.com/decisiveai/mdai-operator/api/v1/zz_generated.deepcopy.go:121.15,123.3 1 0
github.com/decisiveai/mdai-operator/api/v1/zz_generated.deepcopy.go:124.2,126.12 3 0
github.com/decisiveai/mdai-operator/api/v1/zz_generated.deepcopy.go:130.63,132.2 1 0
github.com/decisiveai/mdai-operator/api/v1/zz_generated.deepcopy.go:135.56,136.15 1 0
github.com/decisiveai/mdai-operator/api/v1/zz_generated.deepcopy.go:136.15,138.3 1 0
github.com/decisiveai/mdai-operator/api/v1/zz_generated.deepcopy.go:139.2,141.12 3 0
github.com/decisiveai/mdai-operator/api/v1/zz_generated.deepcopy.go:145.53,147.18 2 0
github.com/decisiveai/mdai-operator/api/v1/zz_generated.deepcopy.go:147.18,151.3 3 0
github.com/decisiveai/mdai-operator/api/v1/zz_generated.deepcopy.go:152.2,152.20 1 0
github.com/decisiveai/mdai-operator/api/v1/zz_generated.deepcopy.go:152.20,156.3 3 0
github.com/decisiveai/mdai-operator/api/v1/zz_generated.deepcopy.go:160.46,161.15 1 0
github.com/decisiveai/mdai-operator/api/v1/zz_generated.deepcopy.go:161.15,163.3 1 0
github.com/decisiveai/mdai-operator/api/v1/zz_generated.deepcopy.go:164.2,166.12 3 0
github.com/decisiveai/mdai-operator/api/v1/zz_generated.deepcopy.go:170.63,172.27 2 0
github.com/decisiveai/mdai-operator/api/v1/zz_generated.deepcopy.go:172.27,176.3 3 0
github.com/decisiveai/mdai-operator/api/v1/zz_generated.deepcopy.go:180.56,181.15 1 0
github.com/decisiveai/mdai-operator/api/v1/zz_generated.deepcopy.go:181.15,183.3 1 0
github.com/decisiveai/mdai-operator/api/v1/zz_generated.deepcopy.go:184.2,186.12 3 0
github.com/decisiveai/mdai-operator/api/v1/zz_generated.deepcopy.go:190.59,196.2 5 0
github.com/decisiveai/mdai-operator/api/v1/zz_generated.deepcopy.go:199.52,200.15 1 0
github.com/decisiveai/mdai-operator/api/v1/zz_generated.deepcopy.go:200.15,202.3 1 0
github.com/decisiveai/mdai-operator/api/v1/zz_generated.deepcopy.go:203.2,205.12 3 0
github.com/decisiveai/mdai-operator/api/v1/zz_generated.deepcopy.go:209.58,210.34 1 0
github.com/decisiveai/mdai-operator/api/v1/zz_generated.deepcopy.go:210.34,212.3 1 0
github.com/decisiveai/mdai-operator/api/v1/zz_generated.deepcopy.go:213.2,213.12 1 0
github.com/decisiveai/mdai-operator/api/v1/zz_generated.deepcopy.go:217.67,221.21 4 0
github.com/decisiveai/mdai-operator/api/v1/zz_generated.deepcopy.go:221.21,224.22 3 0
github.com/decisiveai/mdai-operator/api/v1/zz_generated.deepcopy.go:224.22,226.4 1 0
github.com/decisiveai/mdai-operator/api/v1/zz_generated.deepcopy.go:231.60,232.15 1 0
github.com/decisiveai/mdai-operator/api/v1/zz_generated.deepcopy.go:232.15,234.3 1 0
github.com/decisiveai/mdai-operator/api/v1/zz_generated.deepcopy.go:235.2,237.12 3 0
github.com/decisiveai/mdai-operator/api/v1/zz_generated.deepcopy.go:241.62,242.34 1 0
github.com/decisiveai/mdai-operator/api/v1/zz_generated.deepcopy.go:242.34,244.3 1 0
github.com/decisiveai/mdai-operator/api/v1/zz_generated.deepcopy.go:245.2,245.12 1 0
github.com/decisiveai/mdai-operator/api/v1/zz_generated.deepcopy.go:249.67,251.25 2 0
github.com/decisiveai/mdai-operator/api/v1/zz_generated.deepcopy.go:251.25,255.3 3 0
github.com/decisiveai/mdai-operator/api/v1/zz_generated.deepcopy.go:256.2,256.20 1 0
github.com/decisiveai/mdai-operator/api/v1/zz_generated.deepcopy.go:256.20,260.3 3 0
github.com/decisiveai/mdai-operator/api/v1/zz_generated.deepcopy.go:264.60,265.15 1 0
github.com/decisiveai/mdai-operator/api/v1/zz_generated.deepcopy.go:265.15,267.3 1 0
github.com/decisiveai/mdai-operator/api/v1/zz_generated.deepcopy.go:268.2,270.12 3 0
github.com/decisiveai/mdai-operator/api/v1/zz_generated.deepcopy.go:274.71,276.31 2 0
github.com/decisiveai/mdai-operator/api/v1/zz_generated.deepcopy.go:276.31,279.3 2 0
github.com/decisiveai/mdai-operator/api/v1/zz_generated.deepcopy.go:280.2,280.26 1 0
github.com/decisiveai/mdai-operator/api/v1/zz_generated.deepcopy.go:280.26,283.22 3 0
github.com/decisiveai/mdai-operator/api/v1/zz_generated.deepcopy.go:283.22,285.4 1 0
github.com/decisiveai/mdai-operator/api/v1/zz_generated.deepcopy.go:290.64,291.15 1 0
github.com/decisiveai/mdai-operator/api/v1/zz_generated.deepcopy.go:291.15,293.3 1 0
github.com/decisiveai/mdai-operator/api/v1/zz_generated.deepcopy.go:294.2,296.12 3 0
github.com/decisiveai/mdai-operator/api/v1/zz_generated.deepcopy.go:300.47,306.2 5 0
github.com/decisiveai/mdai-operator/api/v1/zz_generated.deepcopy.go:309.40,310.15 1 0
github.com/decisiveai/mdai-operator/api/v1/zz_generated.deepcopy.go:310.15,312.3 1 0
github.com/decisiveai/mdai-operator/api/v1/zz_generated.deepcopy.go:313.2,315.12 3 0
github.com/decisiveai/mdai-operator/api/v1/zz_generated.deepcopy.go:319.52,320.34 1 0
github.com/decisiveai/mdai-operator/api/v1/zz_generated.deepcopy.go:320.34,322.3 1 0
github.com/decisiveai/mdai-operator/api/v1/zz_generated.deepcopy.go:323.2,323.12 1 0
github.com/decisiveai/mdai-operator/api/v1/zz_generated.deepcopy.go:327.55,331.21 4 0
github.com/decisiveai/mdai-operator/api/v1/zz_generated.deepcopy.go:331.21,334.22 3 0
github.com/decisiveai/mdai-operator/api/v1/zz_generated.deepcopy.go:334.22,336.4 1 0
github.com/decisiveai/mdai-operator/api/v1/zz_generated.deepcopy.go:341.48,342.15 1 0
github.com/decisiveai/mdai-operator/api/v1/zz_generated.deepcopy.go:342.15,344.3 1 0
github.com/decisiveai/mdai-operator/api/v1/zz_generated.deepcopy.go:345.2,347.12 3 0
github.com/decisiveai/mdai-operator/api/v1/zz_generated.deepcopy.go:351.56,352.34 1 0
github.com/decisiveai/mdai-operator/api/v1/zz_generated.deepcopy.go:352.34,354.3 1 0
github.com/decisiveai/mdai-operator/api/v1/zz_generated.deepcopy.go:355.2,355.12 1 0
github.com/decisiveai/mdai-operator/api/v1/zz_generated.deepcopy.go:359.55,361.22 2 0
github.com/decisiveai/mdai-operator/api/v1/zz_generated.deepcopy.go:361.22,365.3 3 0
github.com/decisiveai/mdai-operator/api/v1/zz_generated.deepcopy.go:366.2,366.25 1 0
github.com/decisiveai/mdai-operator/api/v1/zz_generated.deepcopy.go:366.25,369.22 3 0
github.com/decisiveai/mdai-operator/api/v1/zz_generated.deepcopy.go:369.22,371.4 1 0
github.com/decisiveai/mdai-operator/api/v1/zz_generated.deepcopy.go:373.2,373.31 1 0
github.com/decisiveai/mdai-operator/api/v1/zz_generated.deepcopy.go:373.31,376.22 3 0
github.com/decisiveai/mdai-operator/api/v1/zz_generated.deepcopy.go:376.22,378.4 1 0
github.com/decisiveai/mdai-operator/api/v1/zz_generated.deepcopy.go:380.2,380.27 1 0
github.com/decisiveai/mdai-operator/api/v1/zz_generated.deepcopy.go:380.27,383.22 3 0
github.com/decisiveai/mdai-operator/api/v1/zz_generated.deepcopy.go:383.22,385.4 1 0
github.com/decisiveai/mdai-operator/api/v1/zz_generated.deepcopy.go:390.48,391.15 1 0
github.com/decisiveai/mdai-operator/api/v1/zz_generated.deepcopy.go:391.15,393.3 1 0
github.com/decisiveai/mdai-operator/api/v1/zz_generated.deepcopy.go:394.2,396.12 3 0
github.com/decisiveai/mdai-operator/api/v1/zz_generated.deepcopy.go:400.59,402.31 2 0
github.com/decisiveai/mdai-operator/api/v1/zz_generated.deepcopy.go:402.31,405.3 2 0
github.com/decisiveai/mdai-operator/api/v1/zz_generated.deepcopy.go:406.2,406.26 1 0
github.com/decisiveai/mdai-operator/api/v1/zz_generated.deepcopy.go:406.26,409.22 3 0
github.com/decisiveai/mdai-operator/api/v1/zz_generated.deepcopy.go:409.22,411.4 1 0
github.com/decisiveai/mdai-operator/api/v1/zz_generated.deepcopy.go:416.52,417.15 1 0
github.com/decisiveai/mdai-operator/api/v1/zz_generated.deepcopy.go:417.15,419.3 1 0
github.com/decisiveai/mdai-operator/api/v1/zz_generated.deepcopy.go:420.2,422.12 3 0
github.com/decisiveai/mdai-operator/api/v1/zz_generated.deepcopy.go:426.57,432.2 5 0
github.com/decisiveai/mdai-operator/api/v1/zz_generated.deepcopy.go:435.50,436.15 1 0
github.com/decisiveai/mdai-operator/api/v1/zz_generated.deepcopy.go:436.15,438.3 1 0
github.com/decisiveai/mdai-operator/api/v1/zz_generated.deepcopy.go:439.2,441.12 3 0
github.com/decisiveai/mdai-operator/api/v1/zz_generated.deepcopy.go:445.57,446.34 1 0
github.com/decisiveai/mdai-operator/api/v1/zz_generated.deepcopy.go:446.34,448.3 1 0
github.com/decisiveai/mdai-operator/api/v1/zz_generated.deepcopy.go:449.2,449.12 1 0
github.com/decisiveai/mdai-operator/api/v1/zz_generated.deepcopy.go:453.65,457.21 4 0
github.com/decisiveai/mdai-operator/api/v1/zz_generated.deepcopy.go:457.21,460.22 3 0
github.com/decisiveai/mdai-operator/api/v1/zz_generated.deepcopy.go:460.22,462.4 1 0
github.com/decisiveai/mdai-operator/api/v1/zz_generated.deepcopy.go:467.58,468.15 1 0
github.com/decisiveai/mdai-operator/api/v1/zz_generated.deepcopy.go:468.15,470.3 1 0
github.com/decisiveai/mdai-operator/api/v1/zz_generated.deepcopy.go:471.2,473.12 3 0
github.com/decisiveai/mdai-operator/api/v1/zz_generated.deepcopy.go:477.61,478.34 1 0
github.com/decisiveai/mdai-operator/api/v1/zz_generated.deepcopy.go:478.34,480.3 1 0
github.com/decisiveai/mdai-operator/api/v1/zz_generated.deepcopy.go:481.2,481.12 1 0
github.com/decisiveai/mdai-operator/api/v1/zz_generated.deepcopy.go:485.65,487.25 2 0
github.com/decisiveai/mdai-operator/api/v1/zz_generated.deepcopy.go:487.25,490.22 3 0
github.com/decisiveai/mdai-operator/api/v1/zz_generated.deepcopy.go:490.22,492.4 1 0
github.com/decisiveai/mdai-operator/api/v1/zz_generated.deepcopy.go:494.2,494.57 1 0
github.com/decisiveai/mdai-operator/api/v1/zz_generated.deepcopy.go:498.58,499.15 1 0
github.com/decisiveai/mdai-operator/api/v1/zz_generated.deepcopy.go:499.15,501.3 1 0
github.com/decisiveai/mdai-operator/api/v1/zz_generated.deepcopy.go:502.2,504.12 3 0
github.com/decisiveai/mdai-operator/api/v1/zz_generated.deepcopy.go:508.69,510.31 2 0
github.com/decisiveai/mdai-operator/api/v1/zz_generated.deepcopy.go:510.31,513.3 2 0
github.com/decisiveai/mdai-operator/api/v1/zz_generated.deepcopy.go:514.2,514.26 1 0
github.com/decisiveai/mdai-operator/api/v1/zz_generated.deepcopy.go:514.26,517.22 3 0
github.com/decisiveai/mdai-operator/api/v1/zz_generated.deepcopy.go:517.22,519.4 1 0
github.com/decisiveai/mdai-operator/api/v1/zz_generated.deepcopy.go:524.62,525.15 1 0
github.com/decisiveai/mdai-operator/api/v1/zz_generated.deepcopy.go:525.15,527.3 1 0
github.com/decisiveai/mdai-operator/api/v1/zz_generated.deepcopy.go:528.2,530.12 3 0
github.com/decisiveai/mdai-operator/api/v1/zz_generated.deepcopy.go:534.49,536.39 2 0
github.com/decisiveai/mdai-operator/api/v1/zz_generated.deepcopy.go:536.39,540.3 3 0
github.com/decisiveai/mdai-operator/api/v1/zz_generated.deepcopy.go:541.2,541.31 1 0
github.com/decisiveai/mdai-operator/api/v1/zz_generated.deepcopy.go:541.31,545.3 3 0
github.com/decisiveai/mdai-operator/api/v1/zz_generated.deepcopy.go:546.2,546.31 1 0
github.com/decisiveai/mdai-operator/api/v1/zz_generated.deepcopy.go:546.31,550.3 3 0
github.com/decisiveai/mdai-operator/api/v1/zz_generated.deepcopy.go:551.2,551.22 1 0
github.com/decisiveai/mdai-operator/api/v1/zz_generated.deepcopy.go:551.22,555.3 3 0
github.com/decisiveai/mdai-operator/api/v1/zz_generated.deepcopy.go:559.42,560.15 1 0
github.com/decisiveai/mdai-operator/api/v1/zz_generated.deepcopy.go:560.15,562.3 1 0
github.com/decisiveai/mdai-operator/api/v1/zz_generated.deepcopy.go:563.2,565.12 3 0
github.com/decisiveai/mdai-operator/api/v1/zz_generated.deepcopy.go:569.61,571.25 2 0
github.com/decisiveai/mdai-operator/api/v1/zz_generated.deepcopy.go:571.25,575.3 3 0
github.com/decisiveai/mdai-operator/api/v1/zz_generated.deepcopy.go:576.2,576.20 1 0
github.com/decisiveai/mdai-operator/api/v1/zz_generated.deepcopy.go:576.20,580.3 3 0
github.com/decisiveai/mdai-operator/api/v1/zz_generated.deepcopy.go:584.54,585.15 1 0
github.com/decisiveai/mdai-operator/api/v1/zz_generated.deepcopy.go:585.15,587.3 1 0
github.com/decisiveai/mdai-operator/api/v1/zz_generated.deepcopy.go:588.2,590.12 3 0
github.com/decisiveai/mdai-operator/api/v1/zz_generated.deepcopy.go:594.69,596.25 2 0
github.com/decisiveai/mdai-operator/api/v1/zz_generated.deepcopy.go:596.25,600.3 3 0
github.com/decisiveai/mdai-operator/api/v1/zz_generated.deepcopy.go:604.62,605.15 1 0
github.com/decisiveai/mdai-operator/api/v1/zz_generated.deepcopy.go:605.15,607.3 1 0
github.com/decisiveai/mdai-operator/api/v1/zz_generated.deepcopy.go:608.2,610.12 3 0
github.com/decisiveai/mdai-operator/api/v1/zz_generated.deepcopy.go:614.65,616.21 2 0
github.com/decisiveai/mdai-operator/api/v1/zz_generated.deepcopy.go:616.21,620.3 3 0
github.com/decisiveai/mdai-operator/api/v1/zz_generated.deepcopy.go:621.2,621.24 1 0
github.com/decisiveai/mdai-operator/api/v1/zz_generated.deepcopy.go:621.24,625.3 3 0
github.com/decisiveai/mdai-operator/api/v1/zz_generated.deepcopy.go:626.2,626.25 1 0
github.com/decisiveai/mdai-operator/api/v1/zz_generated.deepcopy.go:626.25,630.3 3 0
github.com/decisiveai/mdai-operator/api/v1/zz_generated.deepcopy.go:631.2,631.38 1 0
github.com/decisiveai/mdai-operator/api/v1/zz_generated.deepcopy.go:631.38,635.3 3 0
github.com/decisiveai/mdai-operator/api/v1/zz_generated.deepcopy.go:636.2,636.35 1 0
github.com/decisiveai/mdai-operator/api/v1/zz_generated.deepcopy.go:636.35,640.3 3 0
github.com/decisiveai/mdai-operator/api/v1/zz_generated.deepcopy.go:644.58,645.15 1 0
github.com/decisiveai/mdai-operator/api/v1/zz_generated.deepcopy.go:645.15,647.3 1 0
github.com/decisiveai/mdai-operator/api/v1/zz_generated.deepcopy.go:648.2,650.12 3 0
github.com/decisiveai/mdai-operator/api/v1/zz_generated.deepcopy.go:654.61,656.25 2 0
github.com/decisiveai/mdai-operator/api/v1/zz_generated.deepcopy.go:656.25,660.3 3 0
github.com/decisiveai/mdai-operator/api/v1/zz_generated.deepcopy.go:661.2,661.29 1 0
github.com/decisiveai/mdai-operator/api/v1/zz_generated.deepcopy.go:661.29,665.3 3 0
github.com/decisiveai/mdai-operator/api/v1/zz_generated.deepcopy.go:666.2,666.23 1 0
github.com/decisiveai/mdai-operator/api/v1/zz_generated.deepcopy.go:666.23,670.3 3 0
github.com/decisiveai/mdai-operator/api/v1/zz_generated.deepcopy.go:671.2,671.25 1 0
github.com/decisiveai/mdai-operator/api/v1/zz_generated.deepcopy.go:671.25,675.3 3 0
github.com/decisiveai/mdai-operator/api/v1/zz_generated.deepcopy.go:679.54,680.15 1 0
github.com/decisiveai/mdai-operator/api/v1/zz_generated.deepcopy.go:680.15,682.3 1 0
github.com/decisiveai/mdai-operator/api/v1/zz_generated.deepcopy.go:683.2,685.12 3 0
github.com/decisiveai/mdai-operator/api/v1/zz_generated.deepcopy.go:689.63,692.19 3 0
github.com/decisiveai/mdai-operator/api/v1/zz_generated.deepcopy.go:692.19,696.3 3 0
github.com/decisiveai/mdai-operator/api/v1/zz_generated.deepcopy.go:697.2,697.29 1 0
github.com/decisiveai/mdai-operator/api/v1/zz_generated.deepcopy.go:697.29,701.3 3 0
github.com/decisiveai/mdai-operator/api/v1/zz_generated.deepcopy.go:702.2,702.24 1 0
github.com/decisiveai/mdai-operator/api/v1/zz_generated.deepcopy.go:702.24,706.3 3 0
github.com/decisiveai/mdai-operator/api/v1/zz_generated.deepcopy.go:710.56,711.15 1 0
github.com/decisiveai/mdai-operator/api/v1/zz_generated.deepcopy.go:711.15,713.3 1 0
github.com/decisiveai/mdai-operator/api/v1/zz_generated.deepcopy.go:714.2,716.12 3 0
github.com/decisiveai/mdai-operator/api/v1/zz_generated.deepcopy.go:720.57,722.25 2 0
github.com/decisiveai/mdai-operator/api/v1/zz_generated.deepcopy.go:722.25,726.3 3 0
github.com/decisiveai/mdai-operator/api/v1/zz_generated.deepcopy.go:727.2,727.29 1 0
github.com/decisiveai/mdai-operator/api/v1/zz_generated.deepcopy.go:727.29,731.3 3 0
github.com/decisiveai/mdai-operator/api/v1/zz_generated.deepcopy.go:732.2,732.23 1 0
github.com/decisiveai/mdai-operator/api/v1/zz_generated.deepcopy.go:732.23,736.3 3 0
github.com/decisiveai/mdai-operator/api/v1/zz_generated.deepcopy.go:737.2,737.25 1 0
github.com/decisiveai/mdai-operator/api/v1/zz_generated.deepcopy.go:737.25,741.3 3 0
github.com/decisiveai/mdai-operator/api/v1/zz_generated.deepcopy.go:745.50,746.15 1 0
github.com/decisiveai/mdai-operator/api/v1/zz_generated.deepcopy.go:746.15,748.3 1 0
github.com/decisiveai/mdai-operator/api/v1/zz_generated.deepcopy.go:749.2,751.12 3 0
github.com/decisiveai/mdai-operator/api/v1/zz_generated.deepcopy.go:755.53,757.28 2 0
github.com/decisiveai/mdai-operator/api/v1/zz_generated.deepcopy.go:757.28,760.22 3 0
github.com/decisiveai/mdai-operator/api/v1/zz_generated.deepcopy.go:760.22,762.4 1 0
github.com/decisiveai/mdai-operator/api/v1/zz_generated.deepcopy.go:767.46,768.15 1 0
github.com/decisiveai/mdai-operator/api/v1/zz_generated.deepcopy.go:768.15,770.3 1 0
github.com/decisiveai/mdai-operator/api/v1/zz_generated.deepcopy.go:771.2,773.12 3 0
github.com/decisiveai/mdai-operator/api/v1/zz_generated.deepcopy.go:777.49,779.28 2 0
github.com/decisiveai/mdai-operator/api/v1/zz_generated.deepcopy.go:779.28,783.3 3 0
github.com/decisiveai/mdai-operator/api/v1/zz_generated.deepcopy.go:784.2,784.27 1 0
github.com/decisiveai/mdai-operator/api/v1/zz_generated.deepcopy.go:784.27,787.22 3 0
github.com/decisiveai/mdai-operator/api/v1/zz_generated.deepcopy.go:787.22,789.4 1 0
github.com/decisiveai/mdai-operator/api/v1/zz_generated.deepcopy.go:794.42,795.15 1 0
github.com/decisiveai/mdai-operator/api/v1/zz_generated.deepcopy.go:795.15,797.3 1 0
github.com/decisiveai/mdai-operator/api/v1/zz_generated.deepcopy.go:798.2,800.12 3 0
github.com/decisiveai/mdai-operator/api/v1/zz_generated.deepcopy.go:804.71,806.20 2 0
github.com/decisiveai/mdai-operator/api/v1/zz_generated.deepcopy.go:806.20,810.3 3 0
github.com/decisiveai/mdai-operator/api/v1/zz_generated.deepcopy.go:814.64,815.15 1 0
github.com/decisiveai/mdai-operator/api/v1/zz_generated.deepcopy.go:815.15,817.3 1 0
github.com/decisiveai/mdai-operator/api/v1/zz_generated.deepcopy.go:818.2,820.12 3 0
github.com/decisiveai/mdai-operator/internal/webhook/v1/mdaicollector_webhook.go:53.67,57.2 1 1
github.com/decisiveai/mdai-operator/internal/webhook/v1/mdaicollector_webhook.go:74.124,76.9 2 1
github.com/decisiveai/mdai-operator/internal/webhook/v1/mdaicollector_webhook.go:76.9,78.3 1 0
github.com/decisiveai/mdai-operator/internal/webhook/v1/mdaicollector_webhook.go:79.2,81.34 2 1
github.com/decisiveai/mdai-operator/internal/webhook/v1/mdaicollector_webhook.go:85.135,87.9 2 1
github.com/decisiveai/mdai-operator/internal/webhook/v1/mdaicollector_webhook.go:87.9,89.3 1 0
github.com/decisiveai/mdai-operator/internal/webhook/v1/mdaicollector_webhook.go:90.2,92.34 2 1
github.com/decisiveai/mdai-operator/internal/webhook/v1/mdaicollector_webhook.go:96.124,98.9 2 0
github.com/decisiveai/mdai-operator/internal/webhook/v1/mdaicollector_webhook.go:98.9,100.3 1 0
github.com/decisiveai/mdai-operator/internal/webhook/v1/mdaicollector_webhook.go:101.2,103.34 2 0
github.com/decisiveai/mdai-operator/internal/webhook/v1/mdaicollector_webhook.go:106.37,108.37 1 1
github.com/decisiveai/mdai-operator/internal/webhook/v1/mdaicollector_webhook.go:108.37,110.3 1 0
github.com/decisiveai/mdai-operator/internal/webhook/v1/mdaicollector_webhook.go:112.2,112.41 1 1
github.com/decisiveai/mdai-operator/internal/webhook/v1/mdaicollector_webhook.go:115.114,118.26 2 1
github.com/decisiveai/mdai-operator/internal/webhook/v1/mdaicollector_webhook.go:118.26,120.3 1 0
github.com/decisiveai/mdai-operator/internal/webhook/v1/mdaicollector_webhook.go:122.2,122.39 1 1
github.com/decisiveai/mdai-operator/internal/webhook/v1/mdaicollector_webhook.go:122.39,124.3 1 1
github.com/decisiveai/mdai-operator/internal/webhook/v1/mdaicollector_webhook.go:126.2,131.26 4 1
github.com/decisiveai/mdai-operator/internal/webhook/v1/mdaicollector_webhook.go:131.26,134.17 3 1
github.com/decisiveai/mdai-operator/internal/webhook/v1/mdaicollector_webhook.go:134.17,136.4 1 1
github.com/decisiveai/mdai-operator/internal/webhook/v1/mdaicollector_webhook.go:138.3,140.17 3 1
github.com/decisiveai/mdai-operator/internal/webhook/v1/mdaicollector_webhook.go:140.17,142.4 1 0
github.com/decisiveai/mdai-operator/internal/webhook/v1/mdaicollector_webhook.go:143.8,145.3 1 1
github.com/decisiveai/mdai-operator/internal/webhook/v1/mdaicollector_webhook.go:147.2,147.22 1 1
github.com/decisiveai/mdai-operator/internal/webhook/v1/mdaicollector_webhook.go:154.31,155.28 1 1
github.com/decisiveai/mdai-operator/internal/webhook/v1/mdaicollector_webhook.go:155.28,156.26 1 1
github.com/decisiveai/mdai-operator/internal/webhook/v1/mdaicollector_webhook.go:156.26,158.4 1 1
github.com/decisiveai/mdai-operator/internal/webhook/v1/mdaicollector_webhook.go:159.3,160.34 2 1
github.com/decisiveai/mdai-operator/internal/webhook/v1/mdaicollector_webhook.go:160.34,162.4 1 0
github.com/decisiveai/mdai-operator/internal/webhook/v1/mdaicollector_webhook.go:163.3,163.34 1 1
github.com/decisiveai/mdai-operator/internal/webhook/v1/mdaicollector_webhook.go:163.34,165.4 1 0
github.com/decisiveai/mdai-operator/internal/webhook/v1/mdaicollector_webhook.go:166.3,166.71 1 1
github.com/decisiveai/mdai-operator/internal/webhook/v1/mdaicollector_webhook.go:166.71,168.4 1 0
github.com/decisiveai/mdai-operator/internal/webhook/v1/mdaicollector_webhook.go:169.3,169.171 1 1
github.com/decisiveai/mdai-operator/internal/webhook/v1/mdaicollector_webhook.go:169.171,171.4 1 0
github.com/decisiveai/mdai-operator/internal/webhook/v1/mdaicollector_webhook.go:172.3,172.153 1 1
github.com/decisiveai/mdai-operator/internal/webhook/v1/mdaicollector_webhook.go:172.153,174.4 1 0
github.com/decisiveai/mdai-operator/internal/webhook/v1/mdaicollector_webhook.go:175.3,175.159 1 1
github.com/decisiveai/mdai-operator/internal/webhook/v1/mdaicollector_webhook.go:175.159,177.4 1 0
github.com/decisiveai/mdai-operator/internal/webhook/v1/mdaicollector_webhook.go:180.2,181.25 2 1
github.com/decisiveai/mdai-operator/internal/webhook/v1/mdaicollector_webhook.go:181.25,183.3 1 1
github.com/decisiveai/mdai-operator/internal/webhook/v1/mdaicollector_webhook.go:185.2,185.57 1 1
github.com/decisiveai/mdai-operator/internal/webhook/v1/mdaicollector_webhook.go:185.57,187.3 1 0
github.com/decisiveai/mdai-operator/internal/webhook/v1/mdaicollector_webhook.go:188.2,188.22 1 1
github.com/decisiveai/mdai-operator/internal/webhook/v1/mdaicollector_webhook.go:191.154,192.31 1 1
github.com/decisiveai/mdai-operator/internal/webhook/v1/mdaicollector_webhook.go:192.31,194.32 2 0
github.com/decisiveai/mdai-operator/internal/webhook/v1/mdaicollector_webhook.go:194.32,196.4 1 0
github.com/decisiveai/mdai-operator/internal/webhook/v1/mdaicollector_webhook.go:197.3,197.67 1 0
github.com/decisiveai/mdai-operator/internal/webhook/v1/mdaicollector_webhook.go:197.67,199.4 1 0
github.com/decisiveai/mdai-operator/internal/webhook/v1/mdaicollector_webhook.go:200.3,200.165 1 0
github.com/decisiveai/mdai-operator/internal/webhook/v1/mdaicollector_webhook.go:200.165,202.4 1 0
github.com/decisiveai/mdai-operator/internal/webhook/v1/mdaicollector_webhook.go:203.3,203.147 1 0
github.com/decisiveai/mdai-operator/internal/webhook/v1/mdaicollector_webhook.go:203.147,205.4 1 0
github.com/decisiveai/mdai-operator/internal/webhook/v1/mdaicollector_webhook.go:206.3,206.153 1 0
github.com/decisiveai/mdai-operator/internal/webhook/v1/mdaicollector_webhook.go:206.153,208.4 1 0
github.com/decisiveai/mdai-operator/internal/webhook/v1/mdaicollector_webhook.go:210.2,210.22 1 1
github.com/decisiveai/mdai-operator/internal/webhook/v1/mdaihub_webhook.go:40.61,45.2 1 1
github.com/decisiveai/mdai-operator/internal/webhook/v1/mdaihub_webhook.go:61.87,64.9 2 0
github.com/decisiveai/mdai-operator/internal/webhook/v1/mdaihub_webhook.go:64.9,66.3 1 0
github.com/decisiveai/mdai-operator/internal/webhook/v1/mdaihub_webhook.go:67.2,71.12 2 0
github.com/decisiveai/mdai-operator/internal/webhook/v1/mdaihub_webhook.go:91.116,93.9 2 1
github.com/decisiveai/mdai-operator/internal/webhook/v1/mdaihub_webhook.go:93.9,95.3 1 0
github.com/decisiveai/mdai-operator/internal/webhook/v1/mdaihub_webhook.go:96.2,98.28 2 1
github.com/decisiveai/mdai-operator/internal/webhook/v1/mdaihub_webhook.go:102.127,104.9 2 1
github.com/decisiveai/mdai-operator/internal/webhook/v1/mdaihub_webhook.go:104.9,106.3 1 0
github.com/decisiveai/mdai-operator/internal/webhook/v1/mdaihub_webhook.go:107.2,108.9 2 1
github.com/decisiveai/mdai-operator/internal/webhook/v1/mdaihub_webhook.go:108.9,110.3 1 0
github.com/decisiveai/mdai-operator/internal/webhook/v1/mdaihub_webhook.go:113.2,113.71 1 1
github.com/decisiveai/mdai-operator/internal/webhook/v1/mdaihub_webhook.go:113.71,115.58 2 1
github.com/decisiveai/mdai-operator/internal/webhook/v1/mdaihub_webhook.go:115.58,116.52 1 1
github.com/decisiveai/mdai-operator/internal/webhook/v1/mdaihub_webhook.go:116.52,118.5 1 1
github.com/decisiveai/mdai-operator/internal/webhook/v1/mdaihub_webhook.go:121.3,121.54 1 1
github.com/decisiveai/mdai-operator/internal/webhook/v1/mdaihub_webhook.go:121.54,122.51 1 1
github.com/decisiveai/mdai-operator/internal/webhook/v1/mdaihub_webhook.go:122.51,123.13 1 1
github.com/decisiveai/mdai-operator/internal/webhook/v1/mdaihub_webhook.go:125.4,125.69 1 1
github.com/decisiveai/mdai-operator/internal/webhook/v1/mdaihub_webhook.go:125.69,126.79 1 1
github.com/decisiveai/mdai-operator/internal/webhook/v1/mdaihub_webhook.go:126.79,128.6 1 1
github.com/decisiveai/mdai-operator/internal/webhook/v1/mdaihub_webhook.go:133.2,135.28 2 1
github.com/decisiveai/mdai-operator/internal/webhook/v1/mdaihub_webhook.go:139.116,141.9 2 0
github.com/decisiveai/mdai-operator/internal/webhook/v1/mdaihub_webhook.go:141.9,143.3 1 0
github.com/decisiveai/mdai-operator/internal/webhook/v1/mdaihub_webhook.go:144.2,147.17 2 0
github.com/decisiveai/mdai-operator/internal/webhook/v1/mdaihub_webhook.go:150.96,154.16 3 1
github.com/decisiveai/mdai-operator/internal/webhook/v1/mdaihub_webhook.go:154.16,156.3 1 1
github.com/decisiveai/mdai-operator/internal/webhook/v1/mdaihub_webhook.go:158.2,159.27 2 1
github.com/decisiveai/mdai-operator/internal/webhook/v1/mdaihub_webhook.go:159.27,161.3 1 0
github.com/decisiveai/mdai-operator/internal/webhook/v1/mdaihub_webhook.go:161.8,162.42 1 1
github.com/decisiveai/mdai-operator/internal/webhook/v1/mdaihub_webhook.go:162.42,163.70 1 1
github.com/decisiveai/mdai-operator/internal/webhook/v1/mdaihub_webhook.go:163.70,165.5 1 1
github.com/decisiveai/mdai-operator/internal/webhook/v1/mdaihub_webhook.go:169.2,170.37 2 1
github.com/decisiveai/mdai-operator/internal/webhook/v1/mdaihub_webhook.go:170.37,171.55 1 0
github.com/decisiveai/mdai-operator/internal/webhook/v1/mdaihub_webhook.go:171.55,172.62 1 0
github.com/decisiveai/mdai-operator/internal/webhook/v1/mdaihub_webhook.go:172.62,174.5 1 0
github.com/decisiveai/mdai-operator/internal/webhook/v1/mdaihub_webhook.go:175.4,175.50 1 0
github.com/decisiveai/mdai-operator/internal/webhook/v1/mdaihub_webhook.go:179.2,179.22 1 1
github.com/decisiveai/mdai-operator/internal/webhook/v1/mdaihub_webhook.go:182.155,186.25 4 1
github.com/decisiveai/mdai-operator/internal/webhook/v1/mdaihub_webhook.go:186.25,188.3 1 0
github.com/decisiveai/mdai-operator/internal/webhook/v1/mdaihub_webhook.go:188.8,189.38 1 1
github.com/decisiveai/mdai-operator/internal/webhook/v1/mdaihub_webhook.go:189.38,190.70 1 1
github.com/decisiveai/mdai-operator/internal/webhook/v1/mdaihub_webhook.go:190.70,192.5 1 0
github.com/decisiveai/mdai-operator/internal/webhook/v1/mdaihub_webhook.go:193.4,193.47 1 1
github.com/decisiveai/mdai-operator/internal/webhook/v1/mdaihub_webhook.go:193.47,195.5 1 1
github.com/decisiveai/mdai-operator/internal/webhook/v1/mdaihub_webhook.go:196.4,199.66 3 1
github.com/decisiveai/mdai-operator/internal/webhook/v1/mdaihub_webhook.go:199.66,201.5 1 1
github.com/decisiveai/mdai-operator/internal/webhook/v1/mdaihub_webhook.go:202.4,202.65 1 1
github.com/decisiveai/mdai-operator/internal/webhook/v1/mdaihub_webhook.go:202.65,204.5 1 1
github.com/decisiveai/mdai-operator/internal/webhook/v1/mdaihub_webhook.go:205.4,205.125 1 1
github.com/decisiveai/mdai-operator/internal/webhook/v1/mdaihub_webhook.go:205.125,207.5 1 1
github.com/decisiveai/mdai-operator/internal/webhook/v1/mdaihub_webhook.go:209.4,209.46 1 1
github.com/decisiveai/mdai-operator/internal/webhook/v1/mdaihub_webhook.go:209.46,210.62 1 1
github.com/decisiveai/mdai-operator/internal/webhook/v1/mdaihub_webhook.go:210.62,212.6 1 1
github.com/decisiveai/mdai-operator/internal/webhook/v1/mdaihub_webhook.go:213.5,216.30 3 1
github.com/decisiveai/mdai-operator/internal/webhook/v1/mdaihub_webhook.go:217.78,218.32 1 1
github.com/decisiveai/mdai-operator/internal/webhook/v1/mdaihub_webhook.go:218.32,220.7 1 1
github.com/decisiveai/mdai-operator/internal/webhook/v1/mdaihub_webhook.go:221.194,222.31 1 1
github.com/decisiveai/mdai-operator/internal/webhook/v1/mdaihub_webhook.go:222.31,224.7 1 1
github.com/decisiveai/mdai-operator/internal/webhook/v1/mdaihub_webhook.go:225.13,226.121 1 0
github.com/decisiveai/mdai-operator/internal/webhook/v1/mdaihub_webhook.go:231.2,231.28 1 1
github.com/decisiveai/mdai-operator/internal/webhook/v1/mdaiobserver_webhook.go:37.66,41.2 1 1
github.com/decisiveai/mdai-operator/internal/webhook/v1/mdaiobserver_webhook.go:60.123,62.9 2 1
github.com/decisiveai/mdai-operator/internal/webhook/v1/mdaiobserver_webhook.go:62.9,64.3 1 0
github.com/decisiveai/mdai-operator/internal/webhook/v1/mdaiobserver_webhook.go:65.2,67.62 2 1
github.com/decisiveai/mdai-operator/internal/webhook/v1/mdaiobserver_webhook.go:71.134,73.9 2 0
github.com/decisiveai/mdai-operator/internal/webhook/v1/mdaiobserver_webhook.go:73.9,75.3 1 0
github.com/decisiveai/mdai-operator/internal/webhook/v1/mdaiobserver_webhook.go:76.2,78.62 2 0
github.com/decisiveai/mdai-operator/internal/webhook/v1/mdaiobserver_webhook.go:82.123,84.9 2 0
github.com/decisiveai/mdai-operator/internal/webhook/v1/mdaiobserver_webhook.go:84.9,86.3 1 0
github.com/decisiveai/mdai-operator/internal/webhook/v1/mdaiobserver_webhook.go:87.2,91.17 2 0
github.com/decisiveai/mdai-operator/internal/webhook/v1/mdaiobserver_webhook.go:94.140,99.38 4 1
github.com/decisiveai/mdai-operator/internal/webhook/v1/mdaiobserver_webhook.go:99.38,101.3 1 1
github.com/decisiveai/mdai-operator/internal/webhook/v1/mdaiobserver_webhook.go:102.2,102.39 1 1
github.com/decisiveai/mdai-operator/internal/webhook/v1/mdaiobserver_webhook.go:102.39,104.3 1 0
github.com/decisiveai/mdai-operator/internal/webhook/v1/mdaiobserver_webhook.go:106.2,106.25 1 1
github.com/decisiveai/mdai-operator/internal/webhook/v1/mdaiobserver_webhook.go:106.25,108.3 1 0
github.com/decisiveai/mdai-operator/internal/webhook/v1/mdaiobserver_webhook.go:108.8,109.38 1 1
github.com/decisiveai/mdai-operator/internal/webhook/v1/mdaiobserver_webhook.go:109.38,110.74 1 1
github.com/decisiveai/mdai-operator/internal/webhook/v1/mdaiobserver_webhook.go:110.74,112.5 1 0
github.com/decisiveai/mdai-operator/internal/webhook/v1/mdaiobserver_webhook.go:113.4,113.50 1 1
github.com/decisiveai/mdai-operator/internal/webhook/v1/mdaiobserver_webhook.go:113.50,115.5 1 0
github.com/decisiveai/mdai-operator/internal/webhook/v1/mdaiobserver_webhook.go:119.2,119.25 1 1
github.com/decisiveai/mdai-operator/api/v1/mdaicollector_types.go:130.13,132.2 1 1
github.com/decisiveai/mdai-operator/api/v1/mdaihub_types.go:169.13,171.2 1 1
github.com/decisiveai/mdai-operator/api/v1/mdaiobserver_types.go:106.13,108.2 1 1
github.com/decisiveai/mdai-operator/api/v1/zz_generated.deepcopy.go:31.51,33.34 2 0
github.com/decisiveai/mdai-operator/api/v1/zz_generated.deepcopy.go:33.34,37.3 3 0
github.com/decisiveai/mdai-operator/api/v1/zz_generated.deepcopy.go:41.44,42.15 1 0
github.com/decisiveai/mdai-operator/api/v1/zz_generated.deepcopy.go:42.15,44.3 1 0
github.com/decisiveai/mdai-operator/api/v1/zz_generated.deepcopy.go:45.2,47.12 3 0
github.com/decisiveai/mdai-operator/api/v1/zz_generated.deepcopy.go:51.73,53.2 1 0
github.com/decisiveai/mdai-operator/api/v1/zz_generated.deepcopy.go:56.66,57.15 1 0
github.com/decisiveai/mdai-operator/api/v1/zz_generated.deepcopy.go:57.15,59.3 1 0
github.com/decisiveai/mdai-operator/api/v1/zz_generated.deepcopy.go:60.2,62.12 3 0
github.com/decisiveai/mdai-operator/api/v1/zz_generated.deepcopy.go:66.53,68.24 2 1
github.com/decisiveai/mdai-operator/api/v1/zz_generated.deepcopy.go:68.24,71.22 3 1
github.com/decisiveai/mdai-operator/api/v1/zz_generated.deepcopy.go:71.22,73.4 1 1
github.com/decisiveai/mdai-operator/api/v1/zz_generated.deepcopy.go:78.46,79.15 1 0
github.com/decisiveai/mdai-operator/api/v1/zz_generated.deepcopy.go:79.15,81.3 1 0
github.com/decisiveai/mdai-operator/api/v1/zz_generated.deepcopy.go:82.2,84.12 3 0
github.com/decisiveai/mdai-operator/api/v1/zz_generated.deepcopy.go:88.61,90.25 2 1
github.com/decisiveai/mdai-operator/api/v1/zz_generated.deepcopy.go:90.25,93.29 3 1
github.com/decisiveai/mdai-operator/api/v1/zz_generated.deepcopy.go:93.29,95.4 1 1
github.com/decisiveai/mdai-operator/api/v1/zz_generated.deepcopy.go:100.54,101.15 1 0
github.com/decisiveai/mdai-operator/api/v1/zz_generated.deepcopy.go:101.15,103.3 1 0
github.com/decisiveai/mdai-operator/api/v1/zz_generated.deepcopy.go:104.2,106.12 3 0
github.com/decisiveai/mdai-operator/api/v1/zz_generated.deepcopy.go:110.45,112.34 2 1
github.com/decisiveai/mdai-operator/api/v1/zz_generated.deepcopy.go:112.34,116.3 3 1
github.com/decisiveai/mdai-operator/api/v1/zz_generated.deepcopy.go:120.38,121.15 1 0
github.com/decisiveai/mdai-operator/api/v1/zz_generated.deepcopy.go:121.15,123.3 1 0
github.com/decisiveai/mdai-operator/api/v1/zz_generated.deepcopy.go:124.2,126.12 3 0
github.com/decisiveai/mdai-operator/api/v1/zz_generated.deepcopy.go:130.63,132.2 1 0
github.com/decisiveai/mdai-operator/api/v1/zz_generated.deepcopy.go:135.56,136.15 1 0
github.com/decisiveai/mdai-operator/api/v1/zz_generated.deepcopy.go:136.15,138.3 1 0
github.com/decisiveai/mdai-operator/api/v1/zz_generated.deepcopy.go:139.2,141.12 3 0
github.com/decisiveai/mdai-operator/api/v1/zz_generated.deepcopy.go:145.53,147.18 2 0
github.com/decisiveai/mdai-operator/api/v1/zz_generated.deepcopy.go:147.18,151.3 3 0
github.com/decisiveai/mdai-operator/api/v1/zz_generated.deepcopy.go:152.2,152.20 1 0
github.com/decisiveai/mdai-operator/api/v1/zz_generated.deepcopy.go:152.20,156.3 3 0
github.com/decisiveai/mdai-operator/api/v1/zz_generated.deepcopy.go:160.46,161.15 1 0
github.com/decisiveai/mdai-operator/api/v1/zz_generated.deepcopy.go:161.15,163.3 1 0
github.com/decisiveai/mdai-operator/api/v1/zz_generated.deepcopy.go:164.2,166.12 3 0
github.com/decisiveai/mdai-operator/api/v1/zz_generated.deepcopy.go:170.63,172.27 2 0
github.com/decisiveai/mdai-operator/api/v1/zz_generated.deepcopy.go:172.27,176.3 3 0
github.com/decisiveai/mdai-operator/api/v1/zz_generated.deepcopy.go:180.56,181.15 1 0
github.com/decisiveai/mdai-operator/api/v1/zz_generated.deepcopy.go:181.15,183.3 1 0
github.com/decisiveai/mdai-operator/api/v1/zz_generated.deepcopy.go:184.2,186.12 3 0
github.com/decisiveai/mdai-operator/api/v1/zz_generated.deepcopy.go:190.59,196.2 5 1
github.com/decisiveai/mdai-operator/api/v1/zz_generated.deepcopy.go:199.52,200.15 1 1
github.com/decisiveai/mdai-operator/api/v1/zz_generated.deepcopy.go:200.15,202.3 1 0
github.com/decisiveai/mdai-operator/api/v1/zz_generated.deepcopy.go:203.2,205.12 3 1
github.com/decisiveai/mdai-operator/api/v1/zz_generated.deepcopy.go:209.58,210.34 1 1
github.com/decisiveai/mdai-operator/api/v1/zz_generated.deepcopy.go:210.34,212.3 1 1
github.com/decisiveai/mdai-operator/api/v1/zz_generated.deepcopy.go:213.2,213.12 1 0
github.com/decisiveai/mdai-operator/api/v1/zz_generated.deepcopy.go:217.67,221.21 4 0
github.com/decisiveai/mdai-operator/api/v1/zz_generated.deepcopy.go:221.21,224.22 3 0
github.com/decisiveai/mdai-operator/api/v1/zz_generated.deepcopy.go:224.22,226.4 1 0
github.com/decisiveai/mdai-operator/api/v1/zz_generated.deepcopy.go:231.60,232.15 1 0
github.com/decisiveai/mdai-operator/api/v1/zz_generated.deepcopy.go:232.15,234.3 1 0
github.com/decisiveai/mdai-operator/api/v1/zz_generated.deepcopy.go:235.2,237.12 3 0
github.com/decisiveai/mdai-operator/api/v1/zz_generated.deepcopy.go:241.62,242.34 1 0
github.com/decisiveai/mdai-operator/api/v1/zz_generated.deepcopy.go:242.34,244.3 1 0
github.com/decisiveai/mdai-operator/api/v1/zz_generated.deepcopy.go:245.2,245.12 1 0
github.com/decisiveai/mdai-operator/api/v1/zz_generated.deepcopy.go:249.67,251.25 2 1
github.com/decisiveai/mdai-operator/api/v1/zz_generated.deepcopy.go:251.25,255.3 3 0
github.com/decisiveai/mdai-operator/api/v1/zz_generated.deepcopy.go:256.2,256.20 1 1
github.com/decisiveai/mdai-operator/api/v1/zz_generated.deepcopy.go:256.20,260.3 3 0
github.com/decisiveai/mdai-operator/api/v1/zz_generated.deepcopy.go:264.60,265.15 1 0
github.com/decisiveai/mdai-operator/api/v1/zz_generated.deepcopy.go:265.15,267.3 1 0
github.com/decisiveai/mdai-operator/api/v1/zz_generated.deepcopy.go:268.2,270.12 3 0
github.com/decisiveai/mdai-operator/api/v1/zz_generated.deepcopy.go:274.71,276.31 2 1
github.com/decisiveai/mdai-operator/api/v1/zz_generated.deepcopy.go:276.31,279.3 2 0
github.com/decisiveai/mdai-operator/api/v1/zz_generated.deepcopy.go:280.2,280.26 1 1
github.com/decisiveai/mdai-operator/api/v1/zz_generated.deepcopy.go:280.26,283.22 3 0
github.com/decisiveai/mdai-operator/api/v1/zz_generated.deepcopy.go:283.22,285.4 1 0
github.com/decisiveai/mdai-operator/api/v1/zz_generated.deepcopy.go:290.64,291.15 1 0
github.com/decisiveai/mdai-operator/api/v1/zz_generated.deepcopy.go:291.15,293.3 1 0
github.com/decisiveai/mdai-operator/api/v1/zz_generated.deepcopy.go:294.2,296.12 3 0
github.com/decisiveai/mdai-operator/api/v1/zz_generated.deepcopy.go:300.47,306.2 5 1
github.com/decisiveai/mdai-operator/api/v1/zz_generated.deepcopy.go:309.40,310.15 1 1
github.com/decisiveai/mdai-operator/api/v1/zz_generated.deepcopy.go:310.15,312.3 1 0
github.com/decisiveai/mdai-operator/api/v1/zz_generated.deepcopy.go:313.2,315.12 3 1
github.com/decisiveai/mdai-operator/api/v1/zz_generated.deepcopy.go:319.52,320.34 1 1
github.com/decisiveai/mdai-operator/api/v1/zz_generated.deepcopy.go:320.34,322.3 1 1
github.com/decisiveai/mdai-operator/api/v1/zz_generated.deepcopy.go:323.2,323.12 1 0
github.com/decisiveai/mdai-operator/api/v1/zz_generated.deepcopy.go:327.55,331.21 4 0
github.com/decisiveai/mdai-operator/api/v1/zz_generated.deepcopy.go:331.21,334.22 3 0
github.com/decisiveai/mdai-operator/api/v1/zz_generated.deepcopy.go:334.22,336.4 1 0
github.com/decisiveai/mdai-operator/api/v1/zz_generated.deepcopy.go:341.48,342.15 1 0
github.com/decisiveai/mdai-operator/api/v1/zz_generated.deepcopy.go:342.15,344.3 1 0
github.com/decisiveai/mdai-operator/api/v1/zz_generated.deepcopy.go:345.2,347.12 3 0
github.com/decisiveai/mdai-operator/api/v1/zz_generated.deepcopy.go:351.56,352.34 1 0
github.com/decisiveai/mdai-operator/api/v1/zz_generated.deepcopy.go:352.34,354.3 1 0
github.com/decisiveai/mdai-operator/api/v1/zz_generated.deepcopy.go:355.2,355.12 1 0
github.com/decisiveai/mdai-operator/api/v1/zz_generated.deepcopy.go:359.55,361.22 2 1
github.com/decisiveai/mdai-operator/api/v1/zz_generated.deepcopy.go:361.22,365.3 3 1
github.com/decisiveai/mdai-operator/api/v1/zz_generated.deepcopy.go:366.2,366.25 1 1
github.com/decisiveai/mdai-operator/api/v1/zz_generated.deepcopy.go:366.25,369.22 3 1
github.com/decisiveai/mdai-operator/api/v1/zz_generated.deepcopy.go:369.22,371.4 1 1
github.com/decisiveai/mdai-operator/api/v1/zz_generated.deepcopy.go:373.2,373.31 1 1
github.com/decisiveai/mdai-operator/api/v1/zz_generated.deepcopy.go:373.31,376.22 3 1
github.com/decisiveai/mdai-operator/api/v1/zz_generated.deepcopy.go:376.22,378.4 1 1
github.com/decisiveai/mdai-operator/api/v1/zz_generated.deepcopy.go:380.2,380.27 1 1
github.com/decisiveai/mdai-operator/api/v1/zz_generated.deepcopy.go:380.27,383.22 3 1
github.com/decisiveai/mdai-operator/api/v1/zz_generated.deepcopy.go:383.22,385.4 1 1
github.com/decisiveai/mdai-operator/api/v1/zz_generated.deepcopy.go:390.48,391.15 1 0
github.com/decisiveai/mdai-operator/api/v1/zz_generated.deepcopy.go:391.15,393.3 1 0
github.com/decisiveai/mdai-operator/api/v1/zz_generated.deepcopy.go:394.2,396.12 3 0
github.com/decisiveai/mdai-operator/api/v1/zz_generated.deepcopy.go:400.59,402.31 2 1
github.com/decisiveai/mdai-operator/api/v1/zz_generated.deepcopy.go:402.31,405.3 2 0
github.com/decisiveai/mdai-operator/api/v1/zz_generated.deepcopy.go:406.2,406.26 1 1
github.com/decisiveai/mdai-operator/api/v1/zz_generated.deepcopy.go:406.26,409.22 3 1
github.com/decisiveai/mdai-operator/api/v1/zz_generated.deepcopy.go:409.22,411.4 1 1
github.com/decisiveai/mdai-operator/api/v1/zz_generated.deepcopy.go:416.52,417.15 1 0
github.com/decisiveai/mdai-operator/api/v1/zz_generated.deepcopy.go:417.15,419.3 1 0
github.com/decisiveai/mdai-operator/api/v1/zz_generated.deepcopy.go:420.2,422.12 3 0
github.com/decisiveai/mdai-operator/api/v1/zz_generated.deepcopy.go:426.57,432.2 5 1
github.com/decisiveai/mdai-operator/api/v1/zz_generated.deepcopy.go:435.50,436.15 1 1
github.com/decisiveai/mdai-operator/api/v1/zz_generated.deepcopy.go:436.15,438.3 1 0
github.com/decisiveai/mdai-operator/api/v1/zz_generated.deepcopy.go:439.2,441.12 3 1
github.com/decisiveai/mdai-operator/api/v1/zz_generated.deepcopy.go:445.57,446.34 1 1
github.com/decisiveai/mdai-operator/api/v1/zz_generated.deepcopy.go:446.34,448.3 1 1
github.com/decisiveai/mdai-operator/api/v1/zz_generated.deepcopy.go:449.2,449.12 1 0
github.com/decisiveai/mdai-operator/api/v1/zz_generated.deepcopy.go:453.65,457.21 4 0
github.com/decisiveai/mdai-operator/api/v1/zz_generated.deepcopy.go:457.21,460.22 3 0
github.com/decisiveai/mdai-operator/api/v1/zz_generated.deepcopy.go:460.22,462.4 1 0
github.com/decisiveai/mdai-operator/api/v1/zz_generated.deepcopy.go:467.58,468.15 1 0
github.com/decisiveai/mdai-operator/api/v1/zz_generated.deepcopy.go:468.15,470.3 1 0
github.com/decisiveai/mdai-operator/api/v1/zz_generated.deepcopy.go:471.2,473.12 3 0
github.com/decisiveai/mdai-operator/api/v1/zz_generated.deepcopy.go:477.61,478.34 1 0
github.com/decisiveai/mdai-operator/api/v1/zz_generated.deepcopy.go:478.34,480.3 1 0
github.com/decisiveai/mdai-operator/api/v1/zz_generated.deepcopy.go:481.2,481.12 1 0
github.com/decisiveai/mdai-operator/api/v1/zz_generated.deepcopy.go:485.65,487.25 2 1
github.com/decisiveai/mdai-operator/api/v1/zz_generated.deepcopy.go:487.25,490.22 3 1
github.com/decisiveai/mdai-operator/api/v1/zz_generated.deepcopy.go:490.22,492.4 1 1
github.com/decisiveai/mdai-operator/api/v1/zz_generated.deepcopy.go:494.2,494.57 1 1
github.com/decisiveai/mdai-operator/api/v1/zz_generated.deepcopy.go:498.58,499.15 1 0
github.com/decisiveai/mdai-operator/api/v1/zz_generated.deepcopy.go:499.15,501.3 1 0
github.com/decisiveai/mdai-operator/api/v1/zz_generated.deepcopy.go:502.2,504.12 3 0
github.com/decisiveai/mdai-operator/api/v1/zz_generated.deepcopy.go:508.69,510.31 2 1
github.com/decisiveai/mdai-operator/api/v1/zz_generated.deepcopy.go:510.31,513.3 2 0
github.com/decisiveai/mdai-operator/api/v1/zz_generated.deepcopy.go:514.2,514.26 1 1
github.com/decisiveai/mdai-operator/api/v1/zz_generated.deepcopy.go:514.26,517.22 3 0
github.com/decisiveai/mdai-operator/api/v1/zz_generated.deepcopy.go:517.22,519.4 1 0
github.com/decisiveai/mdai-operator/api/v1/zz_generated.deepcopy.go:524.62,525.15 1 0
github.com/decisiveai/mdai-operator/api/v1/zz_generated.deepcopy.go:525.15,527.3 1 0
github.com/decisiveai/mdai-operator/api/v1/zz_generated.deepcopy.go:528.2,530.12 3 0
github.com/decisiveai/mdai-operator/api/v1/zz_generated.deepcopy.go:534.49,536.39 2 1
github.com/decisiveai/mdai-operator/api/v1/zz_generated.deepcopy.go:536.39,540.3 3 1
github.com/decisiveai/mdai-operator/api/v1/zz_generated.deepcopy.go:541.2,541.31 1 1
github.com/decisiveai/mdai-operator/api/v1/zz_generated.deepcopy.go:541.31,545.3 3 1
github.com/decisiveai/mdai-operator/api/v1/zz_generated.deepcopy.go:546.2,546.31 1 1
github.com/decisiveai/mdai-operator/api/v1/zz_generated.deepcopy.go:546.31,550.3 3 1
github.com/decisiveai/mdai-operator/api/v1/zz_generated.deepcopy.go:551.2,551.22 1 1
github.com/decisiveai/mdai-operator/api/v1/zz_generated.deepcopy.go:551.22,555.3 3 1
github.com/decisiveai/mdai-operator/api/v1/zz_generated.deepcopy.go:559.42,560.15 1 0
github.com/decisiveai/mdai-operator/api/v1/zz_generated.deepcopy.go:560.15,562.3 1 0
github.com/decisiveai/mdai-operator/api/v1/zz_generated.deepcopy.go:563.2,565.12 3 0
github.com/decisiveai/mdai-operator/api/v1/zz_generated.deepcopy.go:569.61,571.25 2 1
github.com/decisiveai/mdai-operator/api/v1/zz_generated.deepcopy.go:571.25,575.3 3 1
github.com/decisiveai/mdai-operator/api/v1/zz_generated.deepcopy.go:576.2,576.20 1 1
github.com/decisiveai/mdai-operator/api/v1/zz_generated.deepcopy.go:576.20,580.3 3 1
github.com/decisiveai/mdai-operator/api/v1/zz_generated.deepcopy.go:584.54,585.15 1 0
github.com/decisiveai/mdai-operator/api/v1/zz_generated.deepcopy.go:585.15,587.3 1 0
github.com/decisiveai/mdai-operator/api/v1/zz_generated.deepcopy.go:588.2,590.12 3 0
github.com/decisiveai/mdai-operator/api/v1/zz_generated.deepcopy.go:594.69,596.25 2 1
github.com/decisiveai/mdai-operator/api/v1/zz_generated.deepcopy.go:596.25,600.3 3 1
github.com/decisiveai/mdai-operator/api/v1/zz_generated.deepcopy.go:604.62,605.15 1 0
github.com/decisiveai/mdai-operator/api/v1/zz_generated.deepcopy.go:605.15,607.3 1 0
github.com/decisiveai/mdai-operator/api/v1/zz_generated.deepcopy.go:608.2,610.12 3 0
github.com/decisiveai/mdai-operator/api/v1/zz_generated.deepcopy.go:614.65,616.21 2 1
github.com/decisiveai/mdai-operator/api/v1/zz_generated.deepcopy.go:616.21,620.3 3 1
github.com/decisiveai/mdai-operator/api/v1/zz_generated.deepcopy.go:621.2,621.24 1 1
github.com/decisiveai/mdai-operator/api/v1/zz_generated.deepcopy.go:621.24,625.3 3 0
github.com/decisiveai/mdai-operator/api/v1/zz_generated.deepcopy.go:626.2,626.25 1 1
github.com/decisiveai/mdai-operator/api/v1/zz_generated.deepcopy.go:626.25,630.3 3 0
github.com/decisiveai/mdai-operator/api/v1/zz_generated.deepcopy.go:631.2,631.38 1 1
github.com/decisiveai/mdai-operator/api/v1/zz_generated.deepcopy.go:631.38,635.3 3 0
github.com/decisiveai/mdai-operator/api/v1/zz_generated.deepcopy.go:636.2,636.35 1 1
github.com/decisiveai/mdai-operator/api/v1/zz_generated.deepcopy.go:636.35,640.3 3 0
github.com/decisiveai/mdai-operator/api/v1/zz_generated.deepcopy.go:644.58,645.15 1 0
github.com/decisiveai/mdai-operator/api/v1/zz_generated.deepcopy.go:645.15,647.3 1 0
github.com/decisiveai/mdai-operator/api/v1/zz_generated.deepcopy.go:648.2,650.12 3 0
github.com/decisiveai/mdai-operator/api/v1/zz_generated.deepcopy.go:654.61,656.25 2 0
github.com/decisiveai/mdai-operator/api/v1/zz_generated.deepcopy.go:656.25,660.3 3 0
github.com/decisiveai/mdai-operator/api/v1/zz_generated.deepcopy.go:661.2,661.29 1 0
github.com/decisiveai/mdai-operator/api/v1/zz_generated.deepcopy.go:661.29,665.3 3 0
github.com/decisiveai/mdai-operator/api/v1/zz_generated.deepcopy.go:666.2,666.23 1 0
github.com/decisiveai/mdai-operator/api/v1/zz_generated.deepcopy.go:666.23,670.3 3 0
github.com/decisiveai/mdai-operator/api/v1/zz_generated.deepcopy.go:671.2,671.25 1 0
github.com/decisiveai/mdai-operator/api/v1/zz_generated.deepcopy.go:671.25,675.3 3 0
github.com/decisiveai/mdai-operator/api/v1/zz_generated.deepcopy.go:679.54,680.15 1 0
github.com/decisiveai/mdai-operator/api/v1/zz_generated.deepcopy.go:680.15,682.3 1 0
github.com/decisiveai/mdai-operator/api/v1/zz_generated.deepcopy.go:683.2,685.12 3 0
github.com/decisiveai/mdai-operator/api/v1/zz_generated.deepcopy.go:689.63,692.19 3 1
github.com/decisiveai/mdai-operator/api/v1/zz_generated.deepcopy.go:692.19,696.3 3 1
github.com/decisiveai/mdai-operator/api/v1/zz_generated.deepcopy.go:697.2,697.29 1 1
github.com/decisiveai/mdai-operator/api/v1/zz_generated.deepcopy.go:697.29,701.3 3 0
github.com/decisiveai/mdai-operator/api/v1/zz_generated.deepcopy.go:702.2,702.24 1 1
github.com/decisiveai/mdai-operator/api/v1/zz_generated.deepcopy.go:702.24,706.3 3 0
github.com/decisiveai/mdai-operator/api/v1/zz_generated.deepcopy.go:710.56,711.15 1 0
github.com/decisiveai/mdai-operator/api/v1/zz_generated.deepcopy.go:711.15,713.3 1 0
github.com/decisiveai/mdai-operator/api/v1/zz_generated.deepcopy.go:714.2,716.12 3 0
github.com/decisiveai/mdai-operator/api/v1/zz_generated.deepcopy.go:720.57,722.25 2 0
github.com/decisiveai/mdai-operator/api/v1/zz_generated.deepcopy.go:722.25,726.3 3 0
github.com/decisiveai/mdai-operator/api/v1/zz_generated.deepcopy.go:727.2,727.29 1 0
github.com/decisiveai/mdai-operator/api/v1/zz_generated.deepcopy.go:727.29,731.3 3 0
github.com/decisiveai/mdai-operator/api/v1/zz_generated.deepcopy.go:732.2,732.23 1 0
github.com/decisiveai/mdai-operator/api/v1/zz_generated.deepcopy.go:732.23,736.3 3 0
github.com/decisiveai/mdai-operator/api/v1/zz_generated.deepcopy.go:737.2,737.25 1 0
github.com/decisiveai/mdai-operator/api/v1/zz_generated.deepcopy.go:737.25,741.3 3 0
github.com/decisiveai/mdai-operator/api/v1/zz_generated.deepcopy.go:745.50,746.15 1 0
github.com/decisiveai/mdai-operator/api/v1/zz_generated.deepcopy.go:746.15,748.3 1 0
github.com/decisiveai/mdai-operator/api/v1/zz_generated.deepcopy.go:749.2,751.12 3 0
github.com/decisiveai/mdai-operator/api/v1/zz_generated.deepcopy.go:755.53,757.28 2 1
github.com/decisiveai/mdai-operator/api/v1/zz_generated.deepcopy.go:757.28,760.22 3 1
github.com/decisiveai/mdai-operator/api/v1/zz_generated.deepcopy.go:760.22,762.4 1 1
github.com/decisiveai/mdai-operator/api/v1/zz_generated.deepcopy.go:767.46,768.15 1 0
github.com/decisiveai/mdai-operator/api/v1/zz_generated.deepcopy.go:768.15,770.3 1 0
github.com/decisiveai/mdai-operator/api/v1/zz_generated.deepcopy.go:771.2,773.12 3 0
github.com/decisiveai/mdai-operator/api/v1/zz_generated.deepcopy.go:777.49,779.28 2 1
github.com/decisiveai/mdai-operator/api/v1/zz_generated.deepcopy.go:779.28,783.3 3 1
github.com/decisiveai/mdai-operator/api/v1/zz_generated.deepcopy.go:784.2,784.27 1 1
github.com/decisiveai/mdai-operator/api/v1/zz_generated.deepcopy.go:784.27,787.22 3 1
github.com/decisiveai/mdai-operator/api/v1/zz_generated.deepcopy.go:787.22,789.4 1 1
github.com/decisiveai/mdai-operator/api/v1/zz_generated.deepcopy.go:794.42,795.15 1 0
github.com/decisiveai/mdai-operator/api/v1/zz_generated.deepcopy.go:795.15,797.3 1 0
github.com/decisiveai/mdai-operator/api/v1/zz_generated.deepcopy.go:798.2,800.12 3 0
github.com/decisiveai/mdai-operator/api/v1/zz_generated.deepcopy.go:804.71,806.20 2 1
github.com/decisiveai/mdai-operator/api/v1/zz_generated.deepcopy.go:806.20,810.3 3 1
github.com/decisiveai/mdai-operator/api/v1/zz_generated.deepcopy.go:814.64,815.15 1 0
github.com/decisiveai/mdai-operator/api/v1/zz_generated.deepcopy.go:815.15,817.3 1 0
github.com/decisiveai/mdai-operator/api/v1/zz_generated.deepcopy.go:818.2,820.12 3 0
github.com/decisiveai/mdai-operator/internal/controller/hub_adapter.go:69.15,81.2 1 1
github.com/decisiveai/mdai-operator/internal/controller/hub_adapter.go:83.94,84.63 1 1
github.com/decisiveai/mdai-operator/internal/controller/hub_adapter.go:84.63,86.69 2 1
github.com/decisiveai/mdai-operator/internal/controller/hub_adapter.go:86.69,89.4 2 0
github.com/decisiveai/mdai-operator/internal/controller/hub_adapter.go:91.3,91.56 1 1
github.com/decisiveai/mdai-operator/internal/controller/hub_adapter.go:91.56,94.4 2 0
github.com/decisiveai/mdai-operator/internal/controller/hub_adapter.go:95.3,95.26 1 1
github.com/decisiveai/mdai-operator/internal/controller/hub_adapter.go:97.2,97.29 1 1
github.com/decisiveai/mdai-operator/internal/controller/hub_adapter.go:100.91,101.42 1 1
github.com/decisiveai/mdai-operator/internal/controller/hub_adapter.go:101.42,103.65 2 1
github.com/decisiveai/mdai-operator/internal/controller/hub_adapter.go:103.65,106.4 2 0
github.com/decisiveai/mdai-operator/internal/controller/hub_adapter.go:107.3,108.26 2 1
github.com/decisiveai/mdai-operator/internal/controller/hub_adapter.go:110.2,110.29 1 0
github.com/decisiveai/mdai-operator/internal/controller/hub_adapter.go:114.75,115.63 1 1
github.com/decisiveai/mdai-operator/internal/controller/hub_adapter.go:115.63,118.3 2 0
github.com/decisiveai/mdai-operator/internal/controller/hub_adapter.go:120.2,123.16 3 1
github.com/decisiveai/mdai-operator/internal/controller/hub_adapter.go:123.16,126.3 2 0
github.com/decisiveai/mdai-operator/internal/controller/hub_adapter.go:128.2,128.126 1 1
github.com/decisiveai/mdai-operator/internal/controller/hub_adapter.go:128.126,129.32 1 0
github.com/decisiveai/mdai-operator/internal/controller/hub_adapter.go:129.32,132.4 2 0
github.com/decisiveai/mdai-operator/internal/controller/hub_adapter.go:133.3,134.30 2 0
github.com/decisiveai/mdai-operator/internal/controller/hub_adapter.go:137.2,142.5 1 1
github.com/decisiveai/mdai-operator/internal/controller/hub_adapter.go:142.5,143.65 1 1
github.com/decisiveai/mdai-operator/internal/controller/hub_adapter.go:143.65,144.33 1 0
github.com/decisiveai/mdai-operator/internal/controller/hub_adapter.go:144.33,147.5 2 0
github.com/decisiveai/mdai-operator/internal/controller/hub_adapter.go:148.4,150.31 2 0
github.com/decisiveai/mdai-operator/internal/controller/hub_adapter.go:154.2,155.57 2 1
github.com/decisiveai/mdai-operator/internal/controller/hub_adapter.go:155.57,157.3 1 0
github.com/decisiveai/mdai-operator/internal/controller/hub_adapter.go:159.2,161.152 3 1
github.com/decisiveai/mdai-operator/internal/controller/hub_adapter.go:161.152,163.3 1 0
github.com/decisiveai/mdai-operator/internal/controller/hub_adapter.go:165.2,165.28 1 1
github.com/decisiveai/mdai-operator/internal/controller/hub_adapter.go:169.74,172.2 2 1
github.com/decisiveai/mdai-operator/internal/controller/hub_adapter.go:175.104,177.16 2 1
github.com/decisiveai/mdai-operator/internal/controller/hub_adapter.go:177.16,180.3 2 0
github.com/decisiveai/mdai-operator/internal/controller/hub_adapter.go:181.2,182.44 2 1
github.com/decisiveai/mdai-operator/internal/controller/hub_adapter.go:182.44,183.76 1 1
github.com/decisiveai/mdai-operator/internal/controller/hub_adapter.go:183.76,183.101 1 1
github.com/decisiveai/mdai-operator/internal/controller/hub_adapter.go:184.3,184.38 1 1
github.com/decisiveai/mdai-operator/internal/controller/hub_adapter.go:186.2,186.12 1 0
github.com/decisiveai/mdai-operator/internal/controller/hub_adapter.go:190.102,204.18 6 1
github.com/decisiveai/mdai-operator/internal/controller/hub_adapter.go:204.18,206.17 2 1
github.com/decisiveai/mdai-operator/internal/controller/hub_adapter.go:206.17,208.54 2 0
github.com/decisiveai/mdai-operator/internal/controller/hub_adapter.go:208.54,210.5 1 0
github.com/decisiveai/mdai-operator/internal/controller/hub_adapter.go:212.3,212.30 1 1
github.com/decisiveai/mdai-operator/internal/controller/hub_adapter.go:216.2,216.31 1 1
github.com/decisiveai/mdai-operator/internal/controller/hub_adapter.go:216.31,236.62 2 1
github.com/decisiveai/mdai-operator/internal/controller/hub_adapter.go:236.62,239.4 2 0
github.com/decisiveai/mdai-operator/internal/controller/hub_adapter.go:240.3,240.124 1 1
github.com/decisiveai/mdai-operator/internal/controller/hub_adapter.go:241.8,241.23 1 0
github.com/decisiveai/mdai-operator/internal/controller/hub_adapter.go:241.23,244.3 2 0
github.com/decisiveai/mdai-operator/internal/controller/hub_adapter.go:246.2,248.29 2 1
github.com/decisiveai/mdai-operator/internal/controller/hub_adapter.go:248.29,256.27 3 1
github.com/decisiveai/mdai-operator/internal/controller/hub_adapter.go:256.27,258.4 1 0
github.com/decisiveai/mdai-operator/internal/controller/hub_adapter.go:258.9,258.91 1 1
github.com/decisiveai/mdai-operator/internal/controller/hub_adapter.go:258.91,260.4 1 1
github.com/decisiveai/mdai-operator/internal/controller/hub_adapter.go:262.3,262.33 1 1
github.com/decisiveai/mdai-operator/internal/controller/hub_adapter.go:265.2,267.60 2 1
github.com/decisiveai/mdai-operator/internal/controller/hub_adapter.go:267.60,269.3 1 0
github.com/decisiveai/mdai-operator/internal/controller/hub_adapter.go:271.2,271.29 1 1
github.com/decisiveai/mdai-operator/internal/controller/hub_adapter.go:274.98,293.2 3 1
github.com/decisiveai/mdai-operator/internal/controller/hub_adapter.go:295.69,305.16 4 1
github.com/decisiveai/mdai-operator/internal/controller/hub_adapter.go:305.16,306.32 1 1
github.com/decisiveai/mdai-operator/internal/controller/hub_adapter.go:306.32,309.4 2 1
github.com/decisiveai/mdai-operator/internal/controller/hub_adapter.go:310.3,311.13 2 0
github.com/decisiveai/mdai-operator/internal/controller/hub_adapter.go:314.2,315.12 2 0
github.com/decisiveai/mdai-operator/internal/controller/hub_adapter.go:319.88,322.22 2 1
github.com/decisiveai/mdai-operator/internal/controller/hub_adapter.go:322.22,325.3 2 0
github.com/decisiveai/mdai-operator/internal/controller/hub_adapter.go:327.2,331.37 5 1
github.com/decisiveai/mdai-operator/internal/controller/hub_adapter.go:331.37,333.31 2 1
github.com/decisiveai/mdai-operator/internal/controller/hub_adapter.go:334.47,337.25 3 1
github.com/decisiveai/mdai-operator/internal/controller/hub_adapter.go:339.35,341.16 2 1
github.com/decisiveai/mdai-operator/internal/controller/hub_adapter.go:342.37,343.30 1 1
github.com/decisiveai/mdai-operator/internal/controller/hub_adapter.go:344.37,346.20 2 1
github.com/decisiveai/mdai-operator/internal/controller/hub_adapter.go:346.20,348.7 1 0
github.com/decisiveai/mdai-operator/internal/controller/hub_adapter.go:349.6,349.62 1 1
github.com/decisiveai/mdai-operator/internal/controller/hub_adapter.go:350.100,354.20 2 1
github.com/decisiveai/mdai-operator/internal/controller/hub_adapter.go:354.20,356.7 1 0
github.com/decisiveai/mdai-operator/internal/controller/hub_adapter.go:357.6,357.16 1 1
github.com/decisiveai/mdai-operator/internal/controller/hub_adapter.go:357.16,358.15 1 0
github.com/decisiveai/mdai-operator/internal/controller/hub_adapter.go:360.6,360.56 1 1
github.com/decisiveai/mdai-operator/internal/controller/hub_adapter.go:361.37,363.20 2 1
github.com/decisiveai/mdai-operator/internal/controller/hub_adapter.go:363.20,365.7 1 0
github.com/decisiveai/mdai-operator/internal/controller/hub_adapter.go:366.6,366.56 1 1
github.com/decisiveai/mdai-operator/internal/controller/hub_adapter.go:367.13,369.14 2 0
github.com/decisiveai/mdai-operator/internal/controller/hub_adapter.go:371.33,372.30 1 1
github.com/decisiveai/mdai-operator/internal/controller/hub_adapter.go:373.50,375.20 2 1
github.com/decisiveai/mdai-operator/internal/controller/hub_adapter.go:375.20,377.7 1 0
github.com/decisiveai/mdai-operator/internal/controller/hub_adapter.go:378.6,378.16 1 1
[...]
github.com/decisiveai/mdai-operator/internal/controller/mdaihub_controller.go:95.33,97.4 1 0
github.com/decisiveai/mdai-operator/internal/controller/mdaihub_controller.go:98.3,99.51 2 0
github.com/decisiveai/mdai-operator/internal/controller/mdaihub_controller.go:102.2,103.16 2 1
github.com/decisiveai/mdai-operator/internal/controller/mdaihub_controller.go:103.16,105.3 1 0
github.com/decisiveai/mdai-operator/internal/controller/mdaihub_controller.go:107.2,108.27 2 1
github.com/decisiveai/mdai-operator/internal/controller/mdaihub_controller.go:111.108,121.39 2 1
github.com/decisiveai/mdai-operator/internal/controller/mdaihub_controller.go:121.39,123.42 2 1
github.com/decisiveai/mdai-operator/internal/controller/mdaihub_controller.go:123.42,125.4 1 0
github.com/decisiveai/mdai-operator/internal/controller/mdaihub_controller.go:126.3,126.27 1 1
github.com/decisiveai/mdai-operator/internal/controller/mdaihub_controller.go:126.27,128.4 1 1
github.com/decisiveai/mdai-operator/internal/controller/mdaihub_controller.go:131.2,131.27 1 0
github.com/decisiveai/mdai-operator/internal/controller/mdaihub_controller.go:137.70,139.45 2 0
github.com/decisiveai/mdai-operator/internal/controller/mdaihub_controller.go:139.45,141.3 1 0
github.com/decisiveai/mdai-operator/internal/controller/mdaihub_controller.go:143.2,144.82 2 0
github.com/decisiveai/mdai-operator/internal/controller/mdaihub_controller.go:144.82,146.17 2 0
github.com/decisiveai/mdai-operator/internal/controller/mdaihub_controller.go:146.17,149.4 2 0
github.com/decisiveai/mdai-operator/internal/controller/mdaihub_controller.go:150.3,151.90 2 0
github.com/decisiveai/mdai-operator/internal/controller/mdaihub_controller.go:155.2,164.16 3 0
github.com/decisiveai/mdai-operator/internal/controller/mdaihub_controller.go:164.16,166.3 1 0
github.com/decisiveai/mdai-operator/internal/controller/mdaihub_controller.go:168.2,193.27 3 0
github.com/decisiveai/mdai-operator/internal/controller/mdaihub_controller.go:193.27,195.3 1 0
github.com/decisiveai/mdai-operator/internal/controller/mdaihub_controller.go:197.2,197.27 1 0
github.com/decisiveai/mdai-operator/internal/controller/mdaihub_controller.go:197.27,199.3 1 0
github.com/decisiveai/mdai-operator/internal/controller/mdaihub_controller.go:201.2,201.12 1 0
github.com/decisiveai/mdai-operator/internal/controller/mdaihub_controller.go:204.51,207.46 2 0
github.com/decisiveai/mdai-operator/internal/controller/mdaihub_controller.go:207.46,210.4 1 0
github.com/decisiveai/mdai-operator/internal/controller/mdaihub_controller.go:211.46,215.4 3 0
github.com/decisiveai/mdai-operator/internal/controller/mdaihub_controller.go:216.46,219.4 1 0
github.com/decisiveai/mdai-operator/internal/controller/mdaihub_controller.go:220.48,223.4 1 0
github.com/decisiveai/mdai-operator/internal/controller/mdaihub_controller.go:227.55,235.125 6 0
github.com/decisiveai/mdai-operator/internal/controller/mdaihub_controller.go:235.125,243.22 4 0
github.com/decisiveai/mdai-operator/internal/controller/mdaihub_controller.go:243.22,246.4 2 0
github.com/decisiveai/mdai-operator/internal/controller/mdaihub_controller.go:247.3,249.13 3 0
github.com/decisiveai/mdai-operator/internal/controller/mdaihub_controller.go:249.13,252.4 2 0
github.com/decisiveai/mdai-operator/internal/controller/mdaihub_controller.go:253.3,253.17 1 0
github.com/decisiveai/mdai-operator/internal/controller/mdaihub_controller.go:253.17,256.4 2 0
github.com/decisiveai/mdai-operator/internal/controller/mdaihub_controller.go:258.3,266.129 2 0
github.com/decisiveai/mdai-operator/internal/controller/mdaihub_controller.go:267.17,270.3 2 0
github.com/decisiveai/mdai-operator/internal/controller/mdaihub_controller.go:273.54,281.50 6 0
github.com/decisiveai/mdai-operator/internal/controller/mdaihub_controller.go:281.50,283.3 1 0
github.com/decisiveai/mdai-operator/internal/controller/mdaihub_controller.go:284.2,285.38 2 0
github.com/decisiveai/mdai-operator/internal/controller/mdaihub_controller.go:285.38,290.17 2 0
github.com/decisiveai/mdai-operator/internal/controller/mdaihub_controller.go:290.17,294.4 3 0
github.com/decisiveai/mdai-operator/internal/controller/mdaihub_controller.go:295.3,296.17 2 0
github.com/decisiveai/mdai-operator/internal/controller/mdaihub_controller.go:299.2,302.56 3 0
github.com/decisiveai/mdai-operator/internal/controller/mdaihub_controller.go:302.56,304.3 1 0
github.com/decisiveai/mdai-operator/internal/controller/mdaihub_controller.go:306.2,310.16 1 0
github.com/decisiveai/mdai-operator/internal/controller/mdaihub_controller.go:310.16,312.3 1 0
github.com/decisiveai/mdai-operator/internal/controller/mdaihub_controller.go:313.2,313.12 1 0
github.com/decisiveai/mdai-operator/internal/controller/mdaihub_controller.go:316.105,321.9 4 0
github.com/decisiveai/mdai-operator/internal/controller/mdaihub_controller.go:321.9,324.3 2 0
github.com/decisiveai/mdai-operator/internal/controller/mdaihub_controller.go:326.2,327.39 2 0
github.com/decisiveai/mdai-operator/internal/controller/mdaihub_controller.go:327.39,330.3 2 0
github.com/decisiveai/mdai-operator/internal/controller/mdaihub_controller.go:331.2,334.26 3 0
github.com/decisiveai/mdai-operator/internal/controller/mdaihub_controller.go:334.26,336.3 1 0
github.com/decisiveai/mdai-operator/internal/controller/mdaihub_controller.go:338.2,347.3 2 0
github.com/decisiveai/mdai-operator/internal/controller/mdaihub_controller.go:350.131,355.61 3 0
github.com/decisiveai/mdai-operator/internal/controller/mdaihub_controller.go:355.61,358.3 2 0
github.com/decisiveai/mdai-operator/internal/controller/mdaihub_controller.go:360.2,361.36 2 0
github.com/decisiveai/mdai-operator/internal/controller/mdaihub_controller.go:361.36,362.35 1 0
github.com/decisiveai/mdai-operator/internal/controller/mdaihub_controller.go:362.35,364.9 2 0
github.com/decisiveai/mdai-operator/internal/controller/mdaihub_controller.go:368.2,368.22 1 0
github.com/decisiveai/mdai-operator/internal/controller/mdaihub_controller.go:368.22,371.3 2 0
github.com/decisiveai/mdai-operator/internal/controller/mdaihub_controller.go:374.2,375.32 2 0
github.com/decisiveai/mdai-operator/internal/controller/mdaihub_controller.go:379.45,381.3 1 0
github.com/decisiveai/mdai-operator/internal/controller/mdaihub_controller.go:382.45,384.3 1 0
github.com/decisiveai/mdai-operator/internal/controller/mdaihub_controller.go:385.45,387.3 1 0
github.com/decisiveai/mdai-operator/internal/controller/mdaihub_controller.go:388.47,390.3 1 0
github.com/decisiveai/mdai-operator/internal/controller/mdaiobserver_adapter.go:38.20,47.2 1 1
github.com/decisiveai/mdai-operator/internal/controller/mdaiobserver_adapter.go:49.99,50.67 1 0
github.com/decisiveai/mdai-operator/internal/controller/mdaiobserver_adapter.go:50.67,52.73 2 0
github.com/decisiveai/mdai-operator/internal/controller/mdaiobserver_adapter.go:52.73,55.4 2 0
github.com/decisiveai/mdai-operator/internal/controller/mdaiobserver_adapter.go:57.3,57.60 1 0
github.com/decisiveai/mdai-operator/internal/controller/mdaiobserver_adapter.go:57.60,60.4 2 0
github.com/decisiveai/mdai-operator/internal/controller/mdaiobserver_adapter.go:61.3,61.26 1 0
github.com/decisiveai/mdai-operator/internal/controller/mdaiobserver_adapter.go:63.2,63.29 1 0
github.com/decisiveai/mdai-operator/internal/controller/mdaiobserver_adapter.go:66.96,67.46 1 1
github.com/decisiveai/mdai-operator/internal/controller/mdaiobserver_adapter.go:67.46,69.69 2 1
github.com/decisiveai/mdai-operator/internal/controller/mdaiobserver_adapter.go:69.69,72.4 2 0
github.com/decisiveai/mdai-operator/internal/controller/mdaiobserver_adapter.go:73.3,74.26 2 1
github.com/decisiveai/mdai-operator/internal/controller/mdaiobserver_adapter.go:76.2,76.29 1 0
github.com/decisiveai/mdai-operator/internal/controller/mdaiobserver_adapter.go:80.104,81.46 1 1
github.com/decisiveai/mdai-operator/internal/controller/mdaiobserver_adapter.go:81.46,84.47 3 0
github.com/decisiveai/mdai-operator/internal/controller/mdaiobserver_adapter.go:84.47,87.4 2 0
github.com/decisiveai/mdai-operator/internal/controller/mdaiobserver_adapter.go:88.3,88.26 1 0
github.com/decisiveai/mdai-operator/internal/controller/mdaiobserver_adapter.go:90.2,90.29 1 1
github.com/decisiveai/mdai-operator/internal/controller/mdaiobserver_adapter.go:94.85,95.67 1 0
github.com/decisiveai/mdai-operator/internal/controller/mdaiobserver_adapter.go:95.67,98.3 2 0
github.com/decisiveai/mdai-operator/internal/controller/mdaiobserver_adapter.go:100.2,102.138 2 0
github.com/decisiveai/mdai-operator/internal/controller/mdaiobserver_adapter.go:102.138,103.32 1 0
github.com/decisiveai/mdai-operator/internal/controller/mdaiobserver_adapter.go:103.32,106.4 2 0
github.com/decisiveai/mdai-operator/internal/controller/mdaiobserver_adapter.go:107.3,108.30 2 0
github.com/decisiveai/mdai-operator/internal/controller/mdaiobserver_adapter.go:111.2,116.5 1 0
github.com/decisiveai/mdai-operator/internal/controller/mdaiobserver_adapter.go:116.5,117.69 1 0
github.com/decisiveai/mdai-operator/internal/controller/mdaiobserver_adapter.go:117.69,118.33 1 0
github.com/decisiveai/mdai-operator/internal/controller/mdaiobserver_adapter.go:118.33,121.5 2 0
github.com/decisiveai/mdai-operator/internal/controller/mdaiobserver_adapter.go:122.4,124.31 2 0
github.com/decisiveai/mdai-operator/internal/controller/mdaiobserver_adapter.go:128.2,129.62 2 0
github.com/decisiveai/mdai-operator/internal/controller/mdaiobserver_adapter.go:129.62,131.3 1 0
github.com/decisiveai/mdai-operator/internal/controller/mdaiobserver_adapter.go:133.2,133.28 1 0
github.com/decisiveai/mdai-operator/internal/controller/mdaiobserver_adapter.go:137.84,141.16 4 0
github.com/decisiveai/mdai-operator/internal/controller/mdaiobserver_adapter.go:141.16,144.3 2 0
github.com/decisiveai/mdai-operator/internal/controller/mdaiobserver_adapter.go:145.2,146.47 2 0
github.com/decisiveai/mdai-operator/internal/controller/mdaiobserver_adapter.go:146.47,147.76 1 0
github.com/decisiveai/mdai-operator/internal/controller/mdaiobserver_adapter.go:147.76,147.104 1 0
github.com/decisiveai/mdai-operator/internal/controller/mdaiobserver_adapter.go:148.3,148.38 1 0
github.com/decisiveai/mdai-operator/internal/controller/mdaiobserver_adapter.go:150.2,150.12 1 0
github.com/decisiveai/mdai-operator/internal/controller/mdaiobserver_adapter.go:153.94,155.138 1 0
github.com/decisiveai/mdai-operator/internal/controller/mdaiobserver_adapter.go:155.138,158.3 2 0
github.com/decisiveai/mdai-operator/internal/controller/mdaiobserver_adapter.go:159.2,164.68 2 0
github.com/decisiveai/mdai-operator/internal/controller/mdaiobserver_adapter.go:164.68,165.67 1 0
github.com/decisiveai/mdai-operator/internal/controller/mdaiobserver_adapter.go:165.67,168.4 2 0
github.com/decisiveai/mdai-operator/internal/controller/mdaiobserver_adapter.go:169.3,170.19 2 0
github.com/decisiveai/mdai-operator/internal/controller/mdaiobserver_adapter.go:172.2,173.29 2 0
github.com/decisiveai/mdai-operator/internal/controller/mdaiobserver_controller.go:48.104,53.66 4 1
github.com/decisiveai/mdai-operator/internal/controller/mdaiobserver_controller.go:53.66,57.33 1 0
github.com/decisiveai/mdai-operator/internal/controller/mdaiobserver_controller.go:57.33,59.4 1 0
github.com/decisiveai/mdai-operator/internal/controller/mdaiobserver_controller.go:60.3,61.51 2 0
github.com/decisiveai/mdai-operator/internal/controller/mdaiobserver_controller.go:64.2,65.16 2 1
github.com/decisiveai/mdai-operator/internal/controller/mdaiobserver_controller.go:65.16,67.3 1 0
github.com/decisiveai/mdai-operator/internal/controller/mdaiobserver_controller.go:69.2,71.27 2 1
github.com/decisiveai/mdai-operator/internal/controller/mdaiobserver_controller.go:75.118,83.39 2 1
github.com/decisiveai/mdai-operator/internal/controller/mdaiobserver_controller.go:83.39,85.42 2 1
github.com/decisiveai/mdai-operator/internal/controller/mdaiobserver_controller.go:85.42,87.4 1 0
github.com/decisiveai/mdai-operator/internal/controller/mdaiobserver_controller.go:88.3,88.27 1 1
github.com/decisiveai/mdai-operator/internal/controller/mdaiobserver_controller.go:88.27,90.4 1 1
github.com/decisiveai/mdai-operator/internal/controller/mdaiobserver_controller.go:93.2,93.27 1 0
github.com/decisiveai/mdai-operator/internal/controller/mdaiobserver_controller.go:97.75,102.2 1 0
github.com/decisiveai/mdai-operator/internal/controller/observer.go:28.100,32.25 3 1
github.com/decisiveai/mdai-operator/internal/controller/observer.go:32.25,35.3 2 0
github.com/decisiveai/mdai-operator/internal/controller/observer.go:37.2,38.16 2 1
github.com/decisiveai/mdai-operator/internal/controller/observer.go:38.16,40.3 1 0
github.com/decisiveai/mdai-operator/internal/controller/observer.go:42.2,42.120 1 1
github.com/decisiveai/mdai-operator/internal/controller/observer.go:42.120,43.64 1 0
github.com/decisiveai/mdai-operator/internal/controller/observer.go:43.64,46.4 2 0
github.com/decisiveai/mdai-operator/internal/controller/observer.go:47.3,47.32 1 0
github.com/decisiveai/mdai-operator/internal/controller/observer.go:50.2,50.93 1 1
github.com/decisiveai/mdai-operator/internal/controller/observer.go:50.93,52.3 1 0
github.com/decisiveai/mdai-operator/internal/controller/observer.go:54.2,54.29 1 1
github.com/decisiveai/mdai-operator/internal/controller/observer.go:57.79,58.19 1 1
github.com/decisiveai/mdai-operator/internal/controller/observer.go:58.19,60.3 1 1
github.com/decisiveai/mdai-operator/internal/controller/observer.go:61.2,61.78 1 1
github.com/decisiveai/mdai-operator/internal/controller/observer.go:64.109,75.95 4 1
github.com/decisiveai/mdai-operator/internal/controller/observer.go:75.95,78.3 2 0
github.com/decisiveai/mdai-operator/internal/controller/observer.go:80.2,80.93 1 1
github.com/decisiveai/mdai-operator/internal/controller/observer.go:80.93,81.28 1 1
github.com/decisiveai/mdai-operator/internal/controller/observer.go:81.28,87.4 1 1
github.com/decisiveai/mdai-operator/internal/controller/observer.go:89.3,109.13 2 1
github.com/decisiveai/mdai-operator/internal/controller/observer.go:111.2,111.16 1 1
github.com/decisiveai/mdai-operator/internal/controller/observer.go:111.16,113.3 1 0
github.com/decisiveai/mdai-operator/internal/controller/observer.go:115.2,116.12 2 1
github.com/decisiveai/mdai-operator/internal/controller/observer.go:119.166,124.16 4 1
github.com/decisiveai/mdai-operator/internal/controller/observer.go:124.16,126.3 1 0
github.com/decisiveai/mdai-operator/internal/controller/observer.go:128.2,142.104 2 1
github.com/decisiveai/mdai-operator/internal/controller/observer.go:142.104,145.3 2 0
github.com/decisiveai/mdai-operator/internal/controller/observer.go:147.2,147.102 1 1
github.com/decisiveai/mdai-operator/internal/controller/observer.go:147.102,150.3 2 1
github.com/decisiveai/mdai-operator/internal/controller/observer.go:151.2,151.16 1 1
github.com/decisiveai/mdai-operator/internal/controller/observer.go:151.16,154.3 2 0
github.com/decisiveai/mdai-operator/internal/controller/observer.go:156.2,157.43 2 1
github.com/decisiveai/mdai-operator/internal/controller/observer.go:160.163,170.96 3 1
github.com/decisiveai/mdai-operator/internal/controller/observer.go:170.96,171.99 1 1
github.com/decisiveai/mdai-operator/internal/controller/observer.go:171.99,174.4 2 0
github.com/decisiveai/mdai-operator/internal/controller/observer.go:176.3,176.31 1 1
github.com/decisiveai/mdai-operator/internal/controller/observer.go:176.31,182.4 1 1
github.com/decisiveai/mdai-operator/internal/controller/observer.go:184.3,185.39 2 1
github.com/decisiveai/mdai-operator/internal/controller/observer.go:185.39,187.4 1 0
github.com/decisiveai/mdai-operator/internal/controller/observer.go:188.3,188.38 1 1
github.com/decisiveai/mdai-operator/internal/controller/observer.go:188.38,190.4 1 1
github.com/decisiveai/mdai-operator/internal/controller/observer.go:191.3,191.50 1 1
github.com/decisiveai/mdai-operator/internal/controller/observer.go:191.50,193.4 1 1
github.com/decisiveai/mdai-operator/internal/controller/observer.go:194.3,196.45 2 1
github.com/decisiveai/mdai-operator/internal/controller/observer.go:196.45,198.4 1 1
github.com/decisiveai/mdai-operator/internal/controller/observer.go:199.3,202.50 3 1
github.com/decisiveai/mdai-operator/internal/controller/observer.go:202.50,204.4 1 1
github.com/decisiveai/mdai-operator/internal/controller/observer.go:205.3,245.69 7 1
github.com/decisiveai/mdai-operator/internal/controller/observer.go:245.69,247.4 1 1
github.com/decisiveai/mdai-operator/internal/controller/observer.go:249.3,249.40 1 1
github.com/decisiveai/mdai-operator/internal/controller/observer.go:249.40,251.4 1 0
github.com/decisiveai/mdai-operator/internal/controller/observer.go:253.3,270.13 3 1
github.com/decisiveai/mdai-operator/internal/controller/observer.go:272.2,272.16 1 1
github.com/decisiveai/mdai-operator/internal/controller/observer.go:272.16,274.3 1 0
github.com/decisiveai/mdai-operator/internal/controller/observer.go:275.2,277.12 2 1
github.com/decisiveai/mdai-operator/internal/controller/observer.go:280.132,282.83 2 1
github.com/decisiveai/mdai-operator/internal/controller/observer.go:282.83,285.3 2 0
github.com/decisiveai/mdai-operator/internal/controller/observer.go:286.2,287.35 2 1
github.com/decisiveai/mdai-operator/internal/controller/observer.go:287.35,289.3 1 0
github.com/decisiveai/mdai-operator/internal/controller/observer.go:291.2,292.32 2 1
github.com/decisiveai/mdai-operator/internal/controller/observer.go:292.32,304.33 6 1
github.com/decisiveai/mdai-operator/internal/controller/observer.go:304.33,306.4 1 1
github.com/decisiveai/mdai-operator/internal/controller/observer.go:307.3,307.33 1 1
github.com/decisiveai/mdai-operator/internal/controller/observer.go:307.33,309.4 1 1
github.com/decisiveai/mdai-operator/internal/controller/observer.go:310.3,313.24 3 1
github.com/decisiveai/mdai-operator/internal/controller/observer.go:313.24,316.4 2 1
github.com/decisiveai/mdai-operator/internal/controller/observer.go:318.3,319.23 2 1
github.com/decisiveai/mdai-operator/internal/controller/observer.go:319.23,321.4 1 1
github.com/decisiveai/mdai-operator/internal/controller/observer.go:322.3,331.59 4 1
github.com/decisiveai/mdai-operator/internal/controller/observer.go:334.2,342.67 4 1
github.com/decisiveai/mdai-operator/internal/controller/observer.go:342.67,357.3 1 0
github.com/decisiveai/mdai-operator/internal/controller/observer.go:359.2,360.16 2 1
github.com/decisiveai/mdai-operator/internal/controller/observer.go:360.16,362.3 1 0
github.com/decisiveai/mdai-operator/internal/controller/observer.go:364.2,364.25 1 1
github.com/decisiveai/mdai-operator/internal/controller/observer.go:367.81,370.29 2 1
github.com/decisiveai/mdai-operator/internal/controller/observer.go:370.29,372.3 1 1
github.com/decisiveai/mdai-operator/internal/controller/observer.go:374.2,374.58 1 1
github.com/decisiveai/mdai-operator/internal/controller/observer.go:374.58,378.3 1 1
github.com/decisiveai/mdai-operator/internal/controller/observer.go:382.2,382.18 1 1
github.com/decisiveai/mdai-operator/internal/controller/reconcile_operation.go:11.49,13.2 1 0
github.com/decisiveai/mdai-operator/internal/controller/reconcile_operation.go:15.48,21.2 1 1
github.com/decisiveai/mdai-operator/internal/controller/reconcile_operation.go:23.44,29.2 1 1
github.com/decisiveai/mdai-operator/internal/controller/reconcile_operation.go:31.48,33.2 1 1
github.com/decisiveai/mdai-operator/internal/controller/reconcile_operation.go:35.41,41.2 1 0
github.com/decisiveai/mdai-operator/internal/controller/reconcile_operation.go:43.61,49.2 1 0
github.com/decisiveai/mdai-operator/internal/controller/reconcile_operation.go:51.65,57.2 1 0
github.com/decisiveai/mdai-operator/internal/controller/reconcile_operation.go:59.69,65.2 1 0
github.com/decisiveai/mdai-operator/internal/controller/reconcile_operation.go:67.78,73.2 1 0
github.com/decisiveai/mdai-operator/internal/controller/reconcile_operation.go:75.52,77.2 1 1
