mode: set
github.com/DecisiveAI/mdai-operator/api/v1/mdaihub_types.go:208.13,210.2 1 0
github.com/DecisiveAI/mdai-operator/api/v1/zz_generated.deepcopy.go:30.45,32.30 2 0
github.com/DecisiveAI/mdai-operator/api/v1/zz_generated.deepcopy.go:32.30,36.3 3 0
github.com/DecisiveAI/mdai-operator/api/v1/zz_generated.deepcopy.go:40.38,41.15 1 0
github.com/DecisiveAI/mdai-operator/api/v1/zz_generated.deepcopy.go:41.15,43.3 1 0
github.com/DecisiveAI/mdai-operator/api/v1/zz_generated.deepcopy.go:44.2,46.12 3 0
github.com/DecisiveAI/mdai-operator/api/v1/zz_generated.deepcopy.go:50.45,52.34 2 0
github.com/DecisiveAI/mdai-operator/api/v1/zz_generated.deepcopy.go:52.34,56.3 3 0
github.com/DecisiveAI/mdai-operator/api/v1/zz_generated.deepcopy.go:60.38,61.15 1 0
github.com/DecisiveAI/mdai-operator/api/v1/zz_generated.deepcopy.go:61.15,63.3 1 0
github.com/DecisiveAI/mdai-operator/api/v1/zz_generated.deepcopy.go:64.2,66.12 3 0
github.com/DecisiveAI/mdai-operator/api/v1/zz_generated.deepcopy.go:70.53,73.19 3 0
github.com/DecisiveAI/mdai-operator/api/v1/zz_generated.deepcopy.go:73.19,77.3 3 0
github.com/DecisiveAI/mdai-operator/api/v1/zz_generated.deepcopy.go:78.2,78.29 1 0
github.com/DecisiveAI/mdai-operator/api/v1/zz_generated.deepcopy.go:78.29,82.3 3 0
github.com/DecisiveAI/mdai-operator/api/v1/zz_generated.deepcopy.go:83.2,83.30 1 0
github.com/DecisiveAI/mdai-operator/api/v1/zz_generated.deepcopy.go:83.30,86.18 3 0
github.com/DecisiveAI/mdai-operator/api/v1/zz_generated.deepcopy.go:86.18,90.4 3 0
github.com/DecisiveAI/mdai-operator/api/v1/zz_generated.deepcopy.go:92.2,92.24 1 0
github.com/DecisiveAI/mdai-operator/api/v1/zz_generated.deepcopy.go:92.24,96.3 3 0
github.com/DecisiveAI/mdai-operator/api/v1/zz_generated.deepcopy.go:100.46,101.15 1 0
github.com/DecisiveAI/mdai-operator/api/v1/zz_generated.deepcopy.go:101.15,103.3 1 0
github.com/DecisiveAI/mdai-operator/api/v1/zz_generated.deepcopy.go:104.2,106.12 3 0
github.com/DecisiveAI/mdai-operator/api/v1/zz_generated.deepcopy.go:110.57,112.2 1 0
github.com/DecisiveAI/mdai-operator/api/v1/zz_generated.deepcopy.go:115.50,116.15 1 0
github.com/DecisiveAI/mdai-operator/api/v1/zz_generated.deepcopy.go:116.15,118.3 1 0
github.com/DecisiveAI/mdai-operator/api/v1/zz_generated.deepcopy.go:119.2,121.12 3 0
github.com/DecisiveAI/mdai-operator/api/v1/zz_generated.deepcopy.go:125.47,131.2 5 0
github.com/DecisiveAI/mdai-operator/api/v1/zz_generated.deepcopy.go:134.40,135.15 1 0
github.com/DecisiveAI/mdai-operator/api/v1/zz_generated.deepcopy.go:135.15,137.3 1 0
github.com/DecisiveAI/mdai-operator/api/v1/zz_generated.deepcopy.go:138.2,140.12 3 0
github.com/DecisiveAI/mdai-operator/api/v1/zz_generated.deepcopy.go:144.52,145.34 1 0
github.com/DecisiveAI/mdai-operator/api/v1/zz_generated.deepcopy.go:145.34,147.3 1 0
github.com/DecisiveAI/mdai-operator/api/v1/zz_generated.deepcopy.go:148.2,148.12 1 0
github.com/DecisiveAI/mdai-operator/api/v1/zz_generated.deepcopy.go:152.55,156.21 4 0
github.com/DecisiveAI/mdai-operator/api/v1/zz_generated.deepcopy.go:156.21,159.22 3 0
github.com/DecisiveAI/mdai-operator/api/v1/zz_generated.deepcopy.go:159.22,161.4 1 0
github.com/DecisiveAI/mdai-operator/api/v1/zz_generated.deepcopy.go:166.48,167.15 1 0
github.com/DecisiveAI/mdai-operator/api/v1/zz_generated.deepcopy.go:167.15,169.3 1 0
github.com/DecisiveAI/mdai-operator/api/v1/zz_generated.deepcopy.go:170.2,172.12 3 0
github.com/DecisiveAI/mdai-operator/api/v1/zz_generated.deepcopy.go:176.56,177.34 1 0
github.com/DecisiveAI/mdai-operator/api/v1/zz_generated.deepcopy.go:177.34,179.3 1 0
github.com/DecisiveAI/mdai-operator/api/v1/zz_generated.deepcopy.go:180.2,180.12 1 0
github.com/DecisiveAI/mdai-operator/api/v1/zz_generated.deepcopy.go:184.55,186.22 2 0
github.com/DecisiveAI/mdai-operator/api/v1/zz_generated.deepcopy.go:186.22,190.3 3 0
github.com/DecisiveAI/mdai-operator/api/v1/zz_generated.deepcopy.go:191.2,191.25 1 0
github.com/DecisiveAI/mdai-operator/api/v1/zz_generated.deepcopy.go:191.25,194.18 3 0
github.com/DecisiveAI/mdai-operator/api/v1/zz_generated.deepcopy.go:194.18,197.23 3 0
github.com/DecisiveAI/mdai-operator/api/v1/zz_generated.deepcopy.go:197.23,199.5 1 0
github.com/DecisiveAI/mdai-operator/api/v1/zz_generated.deepcopy.go:202.2,202.25 1 0
github.com/DecisiveAI/mdai-operator/api/v1/zz_generated.deepcopy.go:202.25,205.18 3 0
github.com/DecisiveAI/mdai-operator/api/v1/zz_generated.deepcopy.go:205.18,208.23 3 0
github.com/DecisiveAI/mdai-operator/api/v1/zz_generated.deepcopy.go:208.23,210.5 1 0
github.com/DecisiveAI/mdai-operator/api/v1/zz_generated.deepcopy.go:213.2,213.27 1 0
github.com/DecisiveAI/mdai-operator/api/v1/zz_generated.deepcopy.go:213.27,216.18 3 0
github.com/DecisiveAI/mdai-operator/api/v1/zz_generated.deepcopy.go:216.18,219.23 3 0
github.com/DecisiveAI/mdai-operator/api/v1/zz_generated.deepcopy.go:219.23,221.5 1 0
github.com/DecisiveAI/mdai-operator/api/v1/zz_generated.deepcopy.go:227.48,228.15 1 0
github.com/DecisiveAI/mdai-operator/api/v1/zz_generated.deepcopy.go:228.15,230.3 1 0
github.com/DecisiveAI/mdai-operator/api/v1/zz_generated.deepcopy.go:231.2,233.12 3 0
github.com/DecisiveAI/mdai-operator/api/v1/zz_generated.deepcopy.go:237.59,239.31 2 0
github.com/DecisiveAI/mdai-operator/api/v1/zz_generated.deepcopy.go:239.31,242.3 2 0
github.com/DecisiveAI/mdai-operator/api/v1/zz_generated.deepcopy.go:243.2,243.26 1 0
github.com/DecisiveAI/mdai-operator/api/v1/zz_generated.deepcopy.go:243.26,246.22 3 0
github.com/DecisiveAI/mdai-operator/api/v1/zz_generated.deepcopy.go:246.22,248.4 1 0
github.com/DecisiveAI/mdai-operator/api/v1/zz_generated.deepcopy.go:253.52,254.15 1 0
github.com/DecisiveAI/mdai-operator/api/v1/zz_generated.deepcopy.go:254.15,256.3 1 0
github.com/DecisiveAI/mdai-operator/api/v1/zz_generated.deepcopy.go:257.2,259.12 3 0
github.com/DecisiveAI/mdai-operator/api/v1/zz_generated.deepcopy.go:263.49,265.21 2 0
github.com/DecisiveAI/mdai-operator/api/v1/zz_generated.deepcopy.go:265.21,269.3 3 0
github.com/DecisiveAI/mdai-operator/api/v1/zz_generated.deepcopy.go:270.2,270.39 1 0
github.com/DecisiveAI/mdai-operator/api/v1/zz_generated.deepcopy.go:270.39,274.3 3 0
github.com/DecisiveAI/mdai-operator/api/v1/zz_generated.deepcopy.go:275.2,275.31 1 0
github.com/DecisiveAI/mdai-operator/api/v1/zz_generated.deepcopy.go:275.31,279.3 3 0
github.com/DecisiveAI/mdai-operator/api/v1/zz_generated.deepcopy.go:280.2,280.31 1 0
github.com/DecisiveAI/mdai-operator/api/v1/zz_generated.deepcopy.go:280.31,284.3 3 0
github.com/DecisiveAI/mdai-operator/api/v1/zz_generated.deepcopy.go:285.2,285.22 1 0
github.com/DecisiveAI/mdai-operator/api/v1/zz_generated.deepcopy.go:285.22,289.3 3 0
github.com/DecisiveAI/mdai-operator/api/v1/zz_generated.deepcopy.go:293.42,294.15 1 0
github.com/DecisiveAI/mdai-operator/api/v1/zz_generated.deepcopy.go:294.15,296.3 1 0
github.com/DecisiveAI/mdai-operator/api/v1/zz_generated.deepcopy.go:297.2,299.12 3 0
github.com/DecisiveAI/mdai-operator/api/v1/zz_generated.deepcopy.go:303.61,305.25 2 0
github.com/DecisiveAI/mdai-operator/api/v1/zz_generated.deepcopy.go:305.25,309.3 3 0
github.com/DecisiveAI/mdai-operator/api/v1/zz_generated.deepcopy.go:310.2,310.20 1 0
github.com/DecisiveAI/mdai-operator/api/v1/zz_generated.deepcopy.go:310.20,314.3 3 0
github.com/DecisiveAI/mdai-operator/api/v1/zz_generated.deepcopy.go:318.54,319.15 1 0
github.com/DecisiveAI/mdai-operator/api/v1/zz_generated.deepcopy.go:319.15,321.3 1 0
github.com/DecisiveAI/mdai-operator/api/v1/zz_generated.deepcopy.go:322.2,324.12 3 0
github.com/DecisiveAI/mdai-operator/api/v1/zz_generated.deepcopy.go:328.69,330.25 2 0
github.com/DecisiveAI/mdai-operator/api/v1/zz_generated.deepcopy.go:330.25,334.3 3 0
github.com/DecisiveAI/mdai-operator/api/v1/zz_generated.deepcopy.go:338.62,339.15 1 0
github.com/DecisiveAI/mdai-operator/api/v1/zz_generated.deepcopy.go:339.15,341.3 1 0
github.com/DecisiveAI/mdai-operator/api/v1/zz_generated.deepcopy.go:342.2,344.12 3 0
github.com/DecisiveAI/mdai-operator/api/v1/zz_generated.deepcopy.go:348.95,350.22 2 0
github.com/DecisiveAI/mdai-operator/api/v1/zz_generated.deepcopy.go:350.22,354.3 3 0
github.com/DecisiveAI/mdai-operator/api/v1/zz_generated.deepcopy.go:355.2,355.24 1 0
github.com/DecisiveAI/mdai-operator/api/v1/zz_generated.deepcopy.go:355.24,359.3 3 0
github.com/DecisiveAI/mdai-operator/api/v1/zz_generated.deepcopy.go:363.88,364.15 1 0
github.com/DecisiveAI/mdai-operator/api/v1/zz_generated.deepcopy.go:364.15,366.3 1 0
github.com/DecisiveAI/mdai-operator/api/v1/zz_generated.deepcopy.go:367.2,369.12 3 0
github.com/DecisiveAI/mdai-operator/api/v1/zz_generated.deepcopy.go:373.49,375.27 2 0
github.com/DecisiveAI/mdai-operator/api/v1/zz_generated.deepcopy.go:375.27,379.3 3 0
github.com/DecisiveAI/mdai-operator/api/v1/zz_generated.deepcopy.go:380.2,380.28 1 0
github.com/DecisiveAI/mdai-operator/api/v1/zz_generated.deepcopy.go:380.28,384.3 3 0
github.com/DecisiveAI/mdai-operator/api/v1/zz_generated.deepcopy.go:385.2,385.20 1 0
github.com/DecisiveAI/mdai-operator/api/v1/zz_generated.deepcopy.go:385.20,388.22 3 0
github.com/DecisiveAI/mdai-operator/api/v1/zz_generated.deepcopy.go:388.22,390.4 1 0
github.com/DecisiveAI/mdai-operator/api/v1/zz_generated.deepcopy.go:395.42,396.15 1 0
github.com/DecisiveAI/mdai-operator/api/v1/zz_generated.deepcopy.go:396.15,398.3 1 0
github.com/DecisiveAI/mdai-operator/api/v1/zz_generated.deepcopy.go:399.2,401.12 3 0
github.com/DecisiveAI/mdai-operator/api/v1/zz_generated.deepcopy.go:405.71,407.20 2 0
github.com/DecisiveAI/mdai-operator/api/v1/zz_generated.deepcopy.go:407.20,411.3 3 0
github.com/DecisiveAI/mdai-operator/api/v1/zz_generated.deepcopy.go:415.64,416.15 1 0
github.com/DecisiveAI/mdai-operator/api/v1/zz_generated.deepcopy.go:416.15,418.3 1 0
github.com/DecisiveAI/mdai-operator/api/v1/zz_generated.deepcopy.go:419.2,421.12 3 0
github.com/DecisiveAI/mdai-operator/api/v1/zz_generated.deepcopy.go:425.61,427.2 1 0
github.com/DecisiveAI/mdai-operator/api/v1/zz_generated.deepcopy.go:430.54,431.15 1 0
github.com/DecisiveAI/mdai-operator/api/v1/zz_generated.deepcopy.go:431.15,433.3 1 0
github.com/DecisiveAI/mdai-operator/api/v1/zz_generated.deepcopy.go:434.2,436.12 3 0
github.com/DecisiveAI/mdai-operator/api/v1/zz_generated.deepcopy.go:440.57,442.27 2 0
github.com/DecisiveAI/mdai-operator/api/v1/zz_generated.deepcopy.go:442.27,446.3 3 0
github.com/DecisiveAI/mdai-operator/api/v1/zz_generated.deepcopy.go:450.50,451.15 1 0
github.com/DecisiveAI/mdai-operator/api/v1/zz_generated.deepcopy.go:451.15,453.3 1 0
github.com/DecisiveAI/mdai-operator/api/v1/zz_generated.deepcopy.go:454.2,456.12 3 0
github.com/DecisiveAI/mdai-operator/api/v1/mdaihub_types.go:208.13,210.2 1 1
github.com/DecisiveAI/mdai-operator/api/v1/zz_generated.deepcopy.go:30.45,32.30 2 0
github.com/DecisiveAI/mdai-operator/api/v1/zz_generated.deepcopy.go:32.30,36.3 3 0
github.com/DecisiveAI/mdai-operator/api/v1/zz_generated.deepcopy.go:40.38,41.15 1 0
github.com/DecisiveAI/mdai-operator/api/v1/zz_generated.deepcopy.go:41.15,43.3 1 0
github.com/DecisiveAI/mdai-operator/api/v1/zz_generated.deepcopy.go:44.2,46.12 3 0
github.com/DecisiveAI/mdai-operator/api/v1/zz_generated.deepcopy.go:50.45,52.34 2 0
github.com/DecisiveAI/mdai-operator/api/v1/zz_generated.deepcopy.go:52.34,56.3 3 0
github.com/DecisiveAI/mdai-operator/api/v1/zz_generated.deepcopy.go:60.38,61.15 1 0
github.com/DecisiveAI/mdai-operator/api/v1/zz_generated.deepcopy.go:61.15,63.3 1 0
github.com/DecisiveAI/mdai-operator/api/v1/zz_generated.deepcopy.go:64.2,66.12 3 0
github.com/DecisiveAI/mdai-operator/api/v1/zz_generated.deepcopy.go:70.53,73.19 3 0
github.com/DecisiveAI/mdai-operator/api/v1/zz_generated.deepcopy.go:73.19,77.3 3 0
github.com/DecisiveAI/mdai-operator/api/v1/zz_generated.deepcopy.go:78.2,78.29 1 0
github.com/DecisiveAI/mdai-operator/api/v1/zz_generated.deepcopy.go:78.29,82.3 3 0
github.com/DecisiveAI/mdai-operator/api/v1/zz_generated.deepcopy.go:83.2,83.30 1 0
github.com/DecisiveAI/mdai-operator/api/v1/zz_generated.deepcopy.go:83.30,86.18 3 0
github.com/DecisiveAI/mdai-operator/api/v1/zz_generated.deepcopy.go:86.18,90.4 3 0
github.com/DecisiveAI/mdai-operator/api/v1/zz_generated.deepcopy.go:92.2,92.24 1 0
github.com/DecisiveAI/mdai-operator/api/v1/zz_generated.deepcopy.go:92.24,96.3 3 0
github.com/DecisiveAI/mdai-operator/api/v1/zz_generated.deepcopy.go:100.46,101.15 1 0
github.com/DecisiveAI/mdai-operator/api/v1/zz_generated.deepcopy.go:101.15,103.3 1 0
github.com/DecisiveAI/mdai-operator/api/v1/zz_generated.deepcopy.go:104.2,106.12 3 0
github.com/DecisiveAI/mdai-operator/api/v1/zz_generated.deepcopy.go:110.57,112.2 1 0
github.com/DecisiveAI/mdai-operator/api/v1/zz_generated.deepcopy.go:115.50,116.15 1 0
github.com/DecisiveAI/mdai-operator/api/v1/zz_generated.deepcopy.go:116.15,118.3 1 0
github.com/DecisiveAI/mdai-operator/api/v1/zz_generated.deepcopy.go:119.2,121.12 3 0
github.com/DecisiveAI/mdai-operator/api/v1/zz_generated.deepcopy.go:125.47,131.2 5 0
github.com/DecisiveAI/mdai-operator/api/v1/zz_generated.deepcopy.go:134.40,135.15 1 0
github.com/DecisiveAI/mdai-operator/api/v1/zz_generated.deepcopy.go:135.15,137.3 1 0
github.com/DecisiveAI/mdai-operator/api/v1/zz_generated.deepcopy.go:138.2,140.12 3 0
github.com/DecisiveAI/mdai-operator/api/v1/zz_generated.deepcopy.go:144.52,145.34 1 0
github.com/DecisiveAI/mdai-operator/api/v1/zz_generated.deepcopy.go:145.34,147.3 1 0
github.com/DecisiveAI/mdai-operator/api/v1/zz_generated.deepcopy.go:148.2,148.12 1 0
github.com/DecisiveAI/mdai-operator/api/v1/zz_generated.deepcopy.go:152.55,156.21 4 0
github.com/DecisiveAI/mdai-operator/api/v1/zz_generated.deepcopy.go:156.21,159.22 3 0
github.com/DecisiveAI/mdai-operator/api/v1/zz_generated.deepcopy.go:159.22,161.4 1 0
github.com/DecisiveAI/mdai-operator/api/v1/zz_generated.deepcopy.go:166.48,167.15 1 0
github.com/DecisiveAI/mdai-operator/api/v1/zz_generated.deepcopy.go:167.15,169.3 1 0
github.com/DecisiveAI/mdai-operator/api/v1/zz_generated.deepcopy.go:170.2,172.12 3 0
github.com/DecisiveAI/mdai-operator/api/v1/zz_generated.deepcopy.go:176.56,177.34 1 0
github.com/DecisiveAI/mdai-operator/api/v1/zz_generated.deepcopy.go:177.34,179.3 1 0
github.com/DecisiveAI/mdai-operator/api/v1/zz_generated.deepcopy.go:180.2,180.12 1 0
github.com/DecisiveAI/mdai-operator/api/v1/zz_generated.deepcopy.go:184.55,186.22 2 0
github.com/DecisiveAI/mdai-operator/api/v1/zz_generated.deepcopy.go:186.22,190.3 3 0
github.com/DecisiveAI/mdai-operator/api/v1/zz_generated.deepcopy.go:191.2,191.25 1 0
github.com/DecisiveAI/mdai-operator/api/v1/zz_generated.deepcopy.go:191.25,194.18 3 0
github.com/DecisiveAI/mdai-operator/api/v1/zz_generated.deepcopy.go:194.18,197.23 3 0
github.com/DecisiveAI/mdai-operator/api/v1/zz_generated.deepcopy.go:197.23,199.5 1 0
github.com/DecisiveAI/mdai-operator/api/v1/zz_generated.deepcopy.go:202.2,202.25 1 0
github.com/DecisiveAI/mdai-operator/api/v1/zz_generated.deepcopy.go:202.25,205.18 3 0
github.com/DecisiveAI/mdai-operator/api/v1/zz_generated.deepcopy.go:205.18,208.23 3 0
github.com/DecisiveAI/mdai-operator/api/v1/zz_generated.deepcopy.go:208.23,210.5 1 0
github.com/DecisiveAI/mdai-operator/api/v1/zz_generated.deepcopy.go:213.2,213.27 1 0
github.com/DecisiveAI/mdai-operator/api/v1/zz_generated.deepcopy.go:213.27,216.18 3 0
github.com/DecisiveAI/mdai-operator/api/v1/zz_generated.deepcopy.go:216.18,219.23 3 0
github.com/DecisiveAI/mdai-operator/api/v1/zz_generated.deepcopy.go:219.23,221.5 1 0
github.com/DecisiveAI/mdai-operator/api/v1/zz_generated.deepcopy.go:227.48,228.15 1 0
github.com/DecisiveAI/mdai-operator/api/v1/zz_generated.deepcopy.go:228.15,230.3 1 0
github.com/DecisiveAI/mdai-operator/api/v1/zz_generated.deepcopy.go:231.2,233.12 3 0
github.com/DecisiveAI/mdai-operator/api/v1/zz_generated.deepcopy.go:237.59,239.31 2 0
github.com/DecisiveAI/mdai-operator/api/v1/zz_generated.deepcopy.go:239.31,242.3 2 0
github.com/DecisiveAI/mdai-operator/api/v1/zz_generated.deepcopy.go:243.2,243.26 1 0
github.com/DecisiveAI/mdai-operator/api/v1/zz_generated.deepcopy.go:243.26,246.22 3 0
github.com/DecisiveAI/mdai-operator/api/v1/zz_generated.deepcopy.go:246.22,248.4 1 0
github.com/DecisiveAI/mdai-operator/api/v1/zz_generated.deepcopy.go:253.52,254.15 1 0
github.com/DecisiveAI/mdai-operator/api/v1/zz_generated.deepcopy.go:254.15,256.3 1 0
github.com/DecisiveAI/mdai-operator/api/v1/zz_generated.deepcopy.go:257.2,259.12 3 0
github.com/DecisiveAI/mdai-operator/api/v1/zz_generated.deepcopy.go:263.49,265.21 2 0
github.com/DecisiveAI/mdai-operator/api/v1/zz_generated.deepcopy.go:265.21,269.3 3 0
github.com/DecisiveAI/mdai-operator/api/v1/zz_generated.deepcopy.go:270.2,270.39 1 0
github.com/DecisiveAI/mdai-operator/api/v1/zz_generated.deepcopy.go:270.39,274.3 3 0
github.com/DecisiveAI/mdai-operator/api/v1/zz_generated.deepcopy.go:275.2,275.31 1 0
github.com/DecisiveAI/mdai-operator/api/v1/zz_generated.deepcopy.go:275.31,279.3 3 0
github.com/DecisiveAI/mdai-operator/api/v1/zz_generated.deepcopy.go:280.2,280.31 1 0
github.com/DecisiveAI/mdai-operator/api/v1/zz_generated.deepcopy.go:280.31,284.3 3 0
github.com/DecisiveAI/mdai-operator/api/v1/zz_generated.deepcopy.go:285.2,285.22 1 0
github.com/DecisiveAI/mdai-operator/api/v1/zz_generated.deepcopy.go:285.22,289.3 3 0
github.com/DecisiveAI/mdai-operator/api/v1/zz_generated.deepcopy.go:293.42,294.15 1 0
github.com/DecisiveAI/mdai-operator/api/v1/zz_generated.deepcopy.go:294.15,296.3 1 0
github.com/DecisiveAI/mdai-operator/api/v1/zz_generated.deepcopy.go:297.2,299.12 3 0
github.com/DecisiveAI/mdai-operator/api/v1/zz_generated.deepcopy.go:303.61,305.25 2 0
github.com/DecisiveAI/mdai-operator/api/v1/zz_generated.deepcopy.go:305.25,309.3 3 0
github.com/DecisiveAI/mdai-operator/api/v1/zz_generated.deepcopy.go:310.2,310.20 1 0
github.com/DecisiveAI/mdai-operator/api/v1/zz_generated.deepcopy.go:310.20,314.3 3 0
github.com/DecisiveAI/mdai-operator/api/v1/zz_generated.deepcopy.go:318.54,319.15 1 0
github.com/DecisiveAI/mdai-operator/api/v1/zz_generated.deepcopy.go:319.15,321.3 1 0
github.com/DecisiveAI/mdai-operator/api/v1/zz_generated.deepcopy.go:322.2,324.12 3 0
github.com/DecisiveAI/mdai-operator/api/v1/zz_generated.deepcopy.go:328.69,330.25 2 0
github.com/DecisiveAI/mdai-operator/api/v1/zz_generated.deepcopy.go:330.25,334.3 3 0
github.com/DecisiveAI/mdai-operator/api/v1/zz_generated.deepcopy.go:338.62,339.15 1 0
github.com/DecisiveAI/mdai-operator/api/v1/zz_generated.deepcopy.go:339.15,341.3 1 0
github.com/DecisiveAI/mdai-operator/api/v1/zz_generated.deepcopy.go:342.2,344.12 3 0
github.com/DecisiveAI/mdai-operator/api/v1/zz_generated.deepcopy.go:348.95,350.22 2 0
github.com/DecisiveAI/mdai-operator/api/v1/zz_generated.deepcopy.go:350.22,354.3 3 0
github.com/DecisiveAI/mdai-operator/api/v1/zz_generated.deepcopy.go:355.2,355.24 1 0
github.com/DecisiveAI/mdai-operator/api/v1/zz_generated.deepcopy.go:355.24,359.3 3 0
github.com/DecisiveAI/mdai-operator/api/v1/zz_generated.deepcopy.go:363.88,364.15 1 0
github.com/DecisiveAI/mdai-operator/api/v1/zz_generated.deepcopy.go:364.15,366.3 1 0
github.com/DecisiveAI/mdai-operator/api/v1/zz_generated.deepcopy.go:367.2,369.12 3 0
github.com/DecisiveAI/mdai-operator/api/v1/zz_generated.deepcopy.go:373.49,375.27 2 0
github.com/DecisiveAI/mdai-operator/api/v1/zz_generated.deepcopy.go:375.27,379.3 3 0
github.com/DecisiveAI/mdai-operator/api/v1/zz_generated.deepcopy.go:380.2,380.28 1 0
github.com/DecisiveAI/mdai-operator/api/v1/zz_generated.deepcopy.go:380.28,384.3 3 0
github.com/DecisiveAI/mdai-operator/api/v1/zz_generated.deepcopy.go:385.2,385.20 1 0
github.com/DecisiveAI/mdai-operator/api/v1/zz_generated.deepcopy.go:385.20,388.22 3 0
github.com/DecisiveAI/mdai-operator/api/v1/zz_generated.deepcopy.go:388.22,390.4 1 0
github.com/DecisiveAI/mdai-operator/api/v1/zz_generated.deepcopy.go:395.42,396.15 1 0
github.com/DecisiveAI/mdai-operator/api/v1/zz_generated.deepcopy.go:396.15,398.3 1 0
github.com/DecisiveAI/mdai-operator/api/v1/zz_generated.deepcopy.go:399.2,401.12 3 0
github.com/DecisiveAI/mdai-operator/api/v1/zz_generated.deepcopy.go:405.71,407.20 2 0
github.com/DecisiveAI/mdai-operator/api/v1/zz_generated.deepcopy.go:407.20,411.3 3 0
github.com/DecisiveAI/mdai-operator/api/v1/zz_generated.deepcopy.go:415.64,416.15 1 0
github.com/DecisiveAI/mdai-operator/api/v1/zz_generated.deepcopy.go:416.15,418.3 1 0
github.com/DecisiveAI/mdai-operator/api/v1/zz_generated.deepcopy.go:419.2,421.12 3 0
github.com/DecisiveAI/mdai-operator/api/v1/zz_generated.deepcopy.go:425.61,427.2 1 0
github.com/DecisiveAI/mdai-operator/api/v1/zz_generated.deepcopy.go:430.54,431.15 1 0
github.com/DecisiveAI/mdai-operator/api/v1/zz_generated.deepcopy.go:431.15,433.3 1 0
github.com/DecisiveAI/mdai-operator/api/v1/zz_generated.deepcopy.go:434.2,436.12 3 0
github.com/DecisiveAI/mdai-operator/api/v1/zz_generated.deepcopy.go:440.57,442.27 2 0
github.com/DecisiveAI/mdai-operator/api/v1/zz_generated.deepcopy.go:442.27,446.3 3 0
github.com/DecisiveAI/mdai-operator/api/v1/zz_generated.deepcopy.go:450.50,451.15 1 0
github.com/DecisiveAI/mdai-operator/api/v1/zz_generated.deepcopy.go:451.15,453.3 1 0
github.com/DecisiveAI/mdai-operator/api/v1/zz_generated.deepcopy.go:454.2,456.12 3 0
github.com/DecisiveAI/mdai-operator/internal/webhook/v1/mdaihub_webhook.go:37.61,42.2 1 0
github.com/DecisiveAI/mdai-operator/internal/webhook/v1/mdaihub_webhook.go:60.89,63.9 2 0
github.com/DecisiveAI/mdai-operator/internal/webhook/v1/mdaihub_webhook.go:63.9,65.3 1 0
github.com/DecisiveAI/mdai-operator/internal/webhook/v1/mdaihub_webhook.go:66.2,70.12 2 0
github.com/DecisiveAI/mdai-operator/internal/webhook/v1/mdaihub_webhook.go:90.116,92.9 2 0
github.com/DecisiveAI/mdai-operator/internal/webhook/v1/mdaihub_webhook.go:92.9,94.3 1 0
github.com/DecisiveAI/mdai-operator/internal/webhook/v1/mdaihub_webhook.go:95.2,97.28 2 0
github.com/DecisiveAI/mdai-operator/internal/webhook/v1/mdaihub_webhook.go:101.127,103.9 2 0
github.com/DecisiveAI/mdai-operator/internal/webhook/v1/mdaihub_webhook.go:103.9,105.3 1 0
github.com/DecisiveAI/mdai-operator/internal/webhook/v1/mdaihub_webhook.go:106.2,108.28 2 0
github.com/DecisiveAI/mdai-operator/internal/webhook/v1/mdaihub_webhook.go:112.116,114.9 2 0
github.com/DecisiveAI/mdai-operator/internal/webhook/v1/mdaihub_webhook.go:114.9,116.3 1 0
github.com/DecisiveAI/mdai-operator/internal/webhook/v1/mdaihub_webhook.go:117.2,119.28 2 0
github.com/DecisiveAI/mdai-operator/internal/webhook/v1/mdaihub_webhook.go:122.96,128.22 5 0
github.com/DecisiveAI/mdai-operator/internal/webhook/v1/mdaihub_webhook.go:128.22,130.3 1 0
github.com/DecisiveAI/mdai-operator/internal/webhook/v1/mdaihub_webhook.go:130.8,131.39 1 0
github.com/DecisiveAI/mdai-operator/internal/webhook/v1/mdaihub_webhook.go:131.39,133.33 1 0
github.com/DecisiveAI/mdai-operator/internal/webhook/v1/mdaihub_webhook.go:134.47,135.62 1 0
github.com/DecisiveAI/mdai-operator/internal/webhook/v1/mdaihub_webhook.go:135.62,137.6 1 0
github.com/DecisiveAI/mdai-operator/internal/webhook/v1/mdaihub_webhook.go:138.5,140.40 2 0
github.com/DecisiveAI/mdai-operator/internal/webhook/v1/mdaihub_webhook.go:140.40,141.79 1 0
github.com/DecisiveAI/mdai-operator/internal/webhook/v1/mdaihub_webhook.go:141.79,143.7 1 0
github.com/DecisiveAI/mdai-operator/internal/webhook/v1/mdaihub_webhook.go:144.6,147.27 3 0
github.com/DecisiveAI/mdai-operator/internal/webhook/v1/mdaihub_webhook.go:148.34,149.56 1 0
github.com/DecisiveAI/mdai-operator/internal/webhook/v1/mdaihub_webhook.go:149.56,151.8 1 0
github.com/DecisiveAI/mdai-operator/internal/webhook/v1/mdaihub_webhook.go:152.14,153.97 1 0
github.com/DecisiveAI/mdai-operator/internal/webhook/v1/mdaihub_webhook.go:156.12,157.94 1 0
github.com/DecisiveAI/mdai-operator/internal/webhook/v1/mdaihub_webhook.go:162.2,163.50 2 0
github.com/DecisiveAI/mdai-operator/internal/webhook/v1/mdaihub_webhook.go:163.50,165.3 1 0
github.com/DecisiveAI/mdai-operator/internal/webhook/v1/mdaihub_webhook.go:165.8,166.43 1 0
github.com/DecisiveAI/mdai-operator/internal/webhook/v1/mdaihub_webhook.go:166.43,167.27 1 0
github.com/DecisiveAI/mdai-operator/internal/webhook/v1/mdaihub_webhook.go:168.46,169.113 1 0
github.com/DecisiveAI/mdai-operator/internal/webhook/v1/mdaihub_webhook.go:169.113,171.14 2 0
github.com/DecisiveAI/mdai-operator/internal/webhook/v1/mdaihub_webhook.go:174.5,174.109 1 0
github.com/DecisiveAI/mdai-operator/internal/webhook/v1/mdaihub_webhook.go:174.109,176.6 1 0
github.com/DecisiveAI/mdai-operator/internal/webhook/v1/mdaihub_webhook.go:178.5,178.113 1 0
github.com/DecisiveAI/mdai-operator/internal/webhook/v1/mdaihub_webhook.go:178.113,180.6 1 0
github.com/DecisiveAI/mdai-operator/internal/webhook/v1/mdaihub_webhook.go:181.12,182.84 1 0
github.com/DecisiveAI/mdai-operator/internal/webhook/v1/mdaihub_webhook.go:188.2,188.22 1 0
github.com/DecisiveAI/mdai-operator/internal/webhook/v1/mdaihub_webhook.go:191.162,192.19 1 0
github.com/DecisiveAI/mdai-operator/internal/webhook/v1/mdaihub_webhook.go:192.19,194.3 1 0
github.com/DecisiveAI/mdai-operator/internal/webhook/v1/mdaihub_webhook.go:195.2,195.34 1 0
github.com/DecisiveAI/mdai-operator/internal/webhook/v1/mdaihub_webhook.go:195.34,197.3 1 0
github.com/DecisiveAI/mdai-operator/internal/webhook/v1/mdaihub_webhook.go:198.2,199.44 2 0
github.com/DecisiveAI/mdai-operator/internal/webhook/v1/mdaihub_webhook.go:199.44,201.3 1 0
github.com/DecisiveAI/mdai-operator/internal/webhook/v1/mdaihub_webhook.go:203.2,203.12 1 0
github.com/DecisiveAI/mdai-operator/api/v1/mdaihub_types.go:208.13,210.2 1 1
github.com/DecisiveAI/mdai-operator/api/v1/zz_generated.deepcopy.go:30.45,32.30 2 1
github.com/DecisiveAI/mdai-operator/api/v1/zz_generated.deepcopy.go:32.30,36.3 3 1
github.com/DecisiveAI/mdai-operator/api/v1/zz_generated.deepcopy.go:40.38,41.15 1 0
github.com/DecisiveAI/mdai-operator/api/v1/zz_generated.deepcopy.go:41.15,43.3 1 0
github.com/DecisiveAI/mdai-operator/api/v1/zz_generated.deepcopy.go:44.2,46.12 3 0
github.com/DecisiveAI/mdai-operator/api/v1/zz_generated.deepcopy.go:50.45,52.34 2 1
github.com/DecisiveAI/mdai-operator/api/v1/zz_generated.deepcopy.go:52.34,56.3 3 1
github.com/DecisiveAI/mdai-operator/api/v1/zz_generated.deepcopy.go:60.38,61.15 1 0
github.com/DecisiveAI/mdai-operator/api/v1/zz_generated.deepcopy.go:61.15,63.3 1 0
github.com/DecisiveAI/mdai-operator/api/v1/zz_generated.deepcopy.go:64.2,66.12 3 0
github.com/DecisiveAI/mdai-operator/api/v1/zz_generated.deepcopy.go:70.53,73.19 3 1
github.com/DecisiveAI/mdai-operator/api/v1/zz_generated.deepcopy.go:73.19,77.3 3 1
github.com/DecisiveAI/mdai-operator/api/v1/zz_generated.deepcopy.go:78.2,78.29 1 1
github.com/DecisiveAI/mdai-operator/api/v1/zz_generated.deepcopy.go:78.29,82.3 3 0
github.com/DecisiveAI/mdai-operator/api/v1/zz_generated.deepcopy.go:83.2,83.30 1 1
github.com/DecisiveAI/mdai-operator/api/v1/zz_generated.deepcopy.go:83.30,86.18 3 1
github.com/DecisiveAI/mdai-operator/api/v1/zz_generated.deepcopy.go:86.18,90.4 3 1
github.com/DecisiveAI/mdai-operator/api/v1/zz_generated.deepcopy.go:92.2,92.24 1 1
github.com/DecisiveAI/mdai-operator/api/v1/zz_generated.deepcopy.go:92.24,96.3 3 1
github.com/DecisiveAI/mdai-operator/api/v1/zz_generated.deepcopy.go:100.46,101.15 1 0
github.com/DecisiveAI/mdai-operator/api/v1/zz_generated.deepcopy.go:101.15,103.3 1 0
github.com/DecisiveAI/mdai-operator/api/v1/zz_generated.deepcopy.go:104.2,106.12 3 0
github.com/DecisiveAI/mdai-operator/api/v1/zz_generated.deepcopy.go:110.57,112.2 1 0
github.com/DecisiveAI/mdai-operator/api/v1/zz_generated.deepcopy.go:115.50,116.15 1 0
github.com/DecisiveAI/mdai-operator/api/v1/zz_generated.deepcopy.go:116.15,118.3 1 0
github.com/DecisiveAI/mdai-operator/api/v1/zz_generated.deepcopy.go:119.2,121.12 3 0
github.com/DecisiveAI/mdai-operator/api/v1/zz_generated.deepcopy.go:125.47,131.2 5 1
github.com/DecisiveAI/mdai-operator/api/v1/zz_generated.deepcopy.go:134.40,135.15 1 1
github.com/DecisiveAI/mdai-operator/api/v1/zz_generated.deepcopy.go:135.15,137.3 1 0
github.com/DecisiveAI/mdai-operator/api/v1/zz_generated.deepcopy.go:138.2,140.12 3 1
github.com/DecisiveAI/mdai-operator/api/v1/zz_generated.deepcopy.go:144.52,145.34 1 1
github.com/DecisiveAI/mdai-operator/api/v1/zz_generated.deepcopy.go:145.34,147.3 1 1
github.com/DecisiveAI/mdai-operator/api/v1/zz_generated.deepcopy.go:148.2,148.12 1 0
github.com/DecisiveAI/mdai-operator/api/v1/zz_generated.deepcopy.go:152.55,156.21 4 0
github.com/DecisiveAI/mdai-operator/api/v1/zz_generated.deepcopy.go:156.21,159.22 3 0
github.com/DecisiveAI/mdai-operator/api/v1/zz_generated.deepcopy.go:159.22,161.4 1 0
github.com/DecisiveAI/mdai-operator/api/v1/zz_generated.deepcopy.go:166.48,167.15 1 0
github.com/DecisiveAI/mdai-operator/api/v1/zz_generated.deepcopy.go:167.15,169.3 1 0
github.com/DecisiveAI/mdai-operator/api/v1/zz_generated.deepcopy.go:170.2,172.12 3 0
github.com/DecisiveAI/mdai-operator/api/v1/zz_generated.deepcopy.go:176.56,177.34 1 0
github.com/DecisiveAI/mdai-operator/api/v1/zz_generated.deepcopy.go:177.34,179.3 1 0
github.com/DecisiveAI/mdai-operator/api/v1/zz_generated.deepcopy.go:180.2,180.12 1 0
github.com/DecisiveAI/mdai-operator/api/v1/zz_generated.deepcopy.go:184.55,186.22 2 1
github.com/DecisiveAI/mdai-operator/api/v1/zz_generated.deepcopy.go:186.22,190.3 3 1
github.com/DecisiveAI/mdai-operator/api/v1/zz_generated.deepcopy.go:191.2,191.25 1 1
github.com/DecisiveAI/mdai-operator/api/v1/zz_generated.deepcopy.go:191.25,194.18 3 1
github.com/DecisiveAI/mdai-operator/api/v1/zz_generated.deepcopy.go:194.18,197.23 3 1
github.com/DecisiveAI/mdai-operator/api/v1/zz_generated.deepcopy.go:197.23,199.5 1 1
github.com/DecisiveAI/mdai-operator/api/v1/zz_generated.deepcopy.go:202.2,202.25 1 1
github.com/DecisiveAI/mdai-operator/api/v1/zz_generated.deepcopy.go:202.25,205.18 3 1
github.com/DecisiveAI/mdai-operator/api/v1/zz_generated.deepcopy.go:205.18,208.23 3 1
github.com/DecisiveAI/mdai-operator/api/v1/zz_generated.deepcopy.go:208.23,210.5 1 1
github.com/DecisiveAI/mdai-operator/api/v1/zz_generated.deepcopy.go:213.2,213.27 1 1
github.com/DecisiveAI/mdai-operator/api/v1/zz_generated.deepcopy.go:213.27,216.18 3 1
github.com/DecisiveAI/mdai-operator/api/v1/zz_generated.deepcopy.go:216.18,219.23 3 1
github.com/DecisiveAI/mdai-operator/api/v1/zz_generated.deepcopy.go:219.23,221.5 1 1
github.com/DecisiveAI/mdai-operator/api/v1/zz_generated.deepcopy.go:227.48,228.15 1 0
github.com/DecisiveAI/mdai-operator/api/v1/zz_generated.deepcopy.go:228.15,230.3 1 0
github.com/DecisiveAI/mdai-operator/api/v1/zz_generated.deepcopy.go:231.2,233.12 3 0
github.com/DecisiveAI/mdai-operator/api/v1/zz_generated.deepcopy.go:237.59,239.31 2 1
github.com/DecisiveAI/mdai-operator/api/v1/zz_generated.deepcopy.go:239.31,242.3 2 0
github.com/DecisiveAI/mdai-operator/api/v1/zz_generated.deepcopy.go:243.2,243.26 1 1
github.com/DecisiveAI/mdai-operator/api/v1/zz_generated.deepcopy.go:243.26,246.22 3 1
github.com/DecisiveAI/mdai-operator/api/v1/zz_generated.deepcopy.go:246.22,248.4 1 1
github.com/DecisiveAI/mdai-operator/api/v1/zz_generated.deepcopy.go:253.52,254.15 1 0
github.com/DecisiveAI/mdai-operator/api/v1/zz_generated.deepcopy.go:254.15,256.3 1 0
github.com/DecisiveAI/mdai-operator/api/v1/zz_generated.deepcopy.go:257.2,259.12 3 0
github.com/DecisiveAI/mdai-operator/api/v1/zz_generated.deepcopy.go:263.49,265.21 2 1
github.com/DecisiveAI/mdai-operator/api/v1/zz_generated.deepcopy.go:265.21,269.3 3 1
github.com/DecisiveAI/mdai-operator/api/v1/zz_generated.deepcopy.go:270.2,270.39 1 1
github.com/DecisiveAI/mdai-operator/api/v1/zz_generated.deepcopy.go:270.39,274.3 3 1
github.com/DecisiveAI/mdai-operator/api/v1/zz_generated.deepcopy.go:275.2,275.31 1 1
github.com/DecisiveAI/mdai-operator/api/v1/zz_generated.deepcopy.go:275.31,279.3 3 1
github.com/DecisiveAI/mdai-operator/api/v1/zz_generated.deepcopy.go:280.2,280.31 1 1
github.com/DecisiveAI/mdai-operator/api/v1/zz_generated.deepcopy.go:280.31,284.3 3 1
github.com/DecisiveAI/mdai-operator/api/v1/zz_generated.deepcopy.go:285.2,285.22 1 1
github.com/DecisiveAI/mdai-operator/api/v1/zz_generated.deepcopy.go:285.22,289.3 3 1
github.com/DecisiveAI/mdai-operator/api/v1/zz_generated.deepcopy.go:293.42,294.15 1 0
github.com/DecisiveAI/mdai-operator/api/v1/zz_generated.deepcopy.go:294.15,296.3 1 0
github.com/DecisiveAI/mdai-operator/api/v1/zz_generated.deepcopy.go:297.2,299.12 3 0
github.com/DecisiveAI/mdai-operator/api/v1/zz_generated.deepcopy.go:303.61,305.25 2 1
github.com/DecisiveAI/mdai-operator/api/v1/zz_generated.deepcopy.go:305.25,309.3 3 1
github.com/DecisiveAI/mdai-operator/api/v1/zz_generated.deepcopy.go:310.2,310.20 1 1
github.com/DecisiveAI/mdai-operator/api/v1/zz_generated.deepcopy.go:310.20,314.3 3 1
github.com/DecisiveAI/mdai-operator/api/v1/zz_generated.deepcopy.go:318.54,319.15 1 0
github.com/DecisiveAI/mdai-operator/api/v1/zz_generated.deepcopy.go:319.15,321.3 1 0
github.com/DecisiveAI/mdai-operator/api/v1/zz_generated.deepcopy.go:322.2,324.12 3 0
github.com/DecisiveAI/mdai-operator/api/v1/zz_generated.deepcopy.go:328.69,330.25 2 1
github.com/DecisiveAI/mdai-operator/api/v1/zz_generated.deepcopy.go:330.25,334.3 3 1
github.com/DecisiveAI/mdai-operator/api/v1/zz_generated.deepcopy.go:338.62,339.15 1 0
github.com/DecisiveAI/mdai-operator/api/v1/zz_generated.deepcopy.go:339.15,341.3 1 0
github.com/DecisiveAI/mdai-operator/api/v1/zz_generated.deepcopy.go:342.2,344.12 3 0
github.com/DecisiveAI/mdai-operator/api/v1/zz_generated.deepcopy.go:348.95,350.22 2 1
github.com/DecisiveAI/mdai-operator/api/v1/zz_generated.deepcopy.go:350.22,354.3 3 1
github.com/DecisiveAI/mdai-operator/api/v1/zz_generated.deepcopy.go:355.2,355.24 1 1
github.com/DecisiveAI/mdai-operator/api/v1/zz_generated.deepcopy.go:355.24,359.3 3 1
github.com/DecisiveAI/mdai-operator/api/v1/zz_generated.deepcopy.go:363.88,364.15 1 0
github.com/DecisiveAI/mdai-operator/api/v1/zz_generated.deepcopy.go:364.15,366.3 1 0
github.com/DecisiveAI/mdai-operator/api/v1/zz_generated.deepcopy.go:367.2,369.12 3 0
github.com/DecisiveAI/mdai-operator/api/v1/zz_generated.deepcopy.go:373.49,375.27 2 1
github.com/DecisiveAI/mdai-operator/api/v1/zz_generated.deepcopy.go:375.27,379.3 3 1
github.com/DecisiveAI/mdai-operator/api/v1/zz_generated.deepcopy.go:380.2,380.28 1 1
github.com/DecisiveAI/mdai-operator/api/v1/zz_generated.deepcopy.go:380.28,384.3 3 1
github.com/DecisiveAI/mdai-operator/api/v1/zz_generated.deepcopy.go:385.2,385.20 1 1
github.com/DecisiveAI/mdai-operator/api/v1/zz_generated.deepcopy.go:385.20,388.22 3 1
github.com/DecisiveAI/mdai-operator/api/v1/zz_generated.deepcopy.go:388.22,390.4 1 1
github.com/DecisiveAI/mdai-operator/api/v1/zz_generated.deepcopy.go:395.42,396.15 1 0
github.com/DecisiveAI/mdai-operator/api/v1/zz_generated.deepcopy.go:396.15,398.3 1 0
github.com/DecisiveAI/mdai-operator/api/v1/zz_generated.deepcopy.go:399.2,401.12 3 0
github.com/DecisiveAI/mdai-operator/api/v1/zz_generated.deepcopy.go:405.71,407.20 2 1
github.com/DecisiveAI/mdai-operator/api/v1/zz_generated.deepcopy.go:407.20,411.3 3 1
github.com/DecisiveAI/mdai-operator/api/v1/zz_generated.deepcopy.go:415.64,416.15 1 0
github.com/DecisiveAI/mdai-operator/api/v1/zz_generated.deepcopy.go:416.15,418.3 1 0
github.com/DecisiveAI/mdai-operator/api/v1/zz_generated.deepcopy.go:419.2,421.12 3 0
github.com/DecisiveAI/mdai-operator/api/v1/zz_generated.deepcopy.go:425.61,427.2 1 0
github.com/DecisiveAI/mdai-operator/api/v1/zz_generated.deepcopy.go:430.54,431.15 1 0
github.com/DecisiveAI/mdai-operator/api/v1/zz_generated.deepcopy.go:431.15,433.3 1 0
github.com/DecisiveAI/mdai-operator/api/v1/zz_generated.deepcopy.go:434.2,436.12 3 0
github.com/DecisiveAI/mdai-operator/api/v1/zz_generated.deepcopy.go:440.57,442.27 2 1
github.com/DecisiveAI/mdai-operator/api/v1/zz_generated.deepcopy.go:442.27,446.3 3 1
github.com/DecisiveAI/mdai-operator/api/v1/zz_generated.deepcopy.go:450.50,451.15 1 0
github.com/DecisiveAI/mdai-operator/api/v1/zz_generated.deepcopy.go:451.15,453.3 1 0
github.com/DecisiveAI/mdai-operator/api/v1/zz_generated.deepcopy.go:454.2,456.12 3 0
github.com/DecisiveAI/mdai-operator/internal/controller/hub_adapter.go:78.15,88.2 1 1
github.com/DecisiveAI/mdai-operator/internal/controller/hub_adapter.go:90.94,91.63 1 1
github.com/DecisiveAI/mdai-operator/internal/controller/hub_adapter.go:91.63,93.69 2 1
github.com/DecisiveAI/mdai-operator/internal/controller/hub_adapter.go:93.69,96.4 2 0
github.com/DecisiveAI/mdai-operator/internal/controller/hub_adapter.go:98.3,98.56 1 1
github.com/DecisiveAI/mdai-operator/internal/controller/hub_adapter.go:98.56,101.4 2 0
github.com/DecisiveAI/mdai-operator/internal/controller/hub_adapter.go:102.3,102.26 1 1
github.com/DecisiveAI/mdai-operator/internal/controller/hub_adapter.go:104.2,104.29 1 1
github.com/DecisiveAI/mdai-operator/internal/controller/hub_adapter.go:107.91,108.42 1 1
github.com/DecisiveAI/mdai-operator/internal/controller/hub_adapter.go:108.42,110.65 2 1
github.com/DecisiveAI/mdai-operator/internal/controller/hub_adapter.go:110.65,113.4 2 0
github.com/DecisiveAI/mdai-operator/internal/controller/hub_adapter.go:114.3,115.26 2 1
github.com/DecisiveAI/mdai-operator/internal/controller/hub_adapter.go:117.2,117.29 1 0
github.com/DecisiveAI/mdai-operator/internal/controller/hub_adapter.go:121.75,122.63 1 1
github.com/DecisiveAI/mdai-operator/internal/controller/hub_adapter.go:122.63,125.3 2 0
github.com/DecisiveAI/mdai-operator/internal/controller/hub_adapter.go:127.2,130.16 3 1
github.com/DecisiveAI/mdai-operator/internal/controller/hub_adapter.go:130.16,133.3 2 0
github.com/DecisiveAI/mdai-operator/internal/controller/hub_adapter.go:135.2,135.126 1 1
github.com/DecisiveAI/mdai-operator/internal/controller/hub_adapter.go:135.126,136.32 1 0
github.com/DecisiveAI/mdai-operator/internal/controller/hub_adapter.go:136.32,139.4 2 0
github.com/DecisiveAI/mdai-operator/internal/controller/hub_adapter.go:140.3,141.30 2 0
github.com/DecisiveAI/mdai-operator/internal/controller/hub_adapter.go:144.2,149.5 1 1
github.com/DecisiveAI/mdai-operator/internal/controller/hub_adapter.go:149.5,150.65 1 1
github.com/DecisiveAI/mdai-operator/internal/controller/hub_adapter.go:150.65,151.33 1 0
github.com/DecisiveAI/mdai-operator/internal/controller/hub_adapter.go:151.33,154.5 2 0
github.com/DecisiveAI/mdai-operator/internal/controller/hub_adapter.go:155.4,157.31 2 0
github.com/DecisiveAI/mdai-operator/internal/controller/hub_adapter.go:161.2,162.57 2 1
github.com/DecisiveAI/mdai-operator/internal/controller/hub_adapter.go:162.57,164.3 1 0
github.com/DecisiveAI/mdai-operator/internal/controller/hub_adapter.go:166.2,168.92 3 1
github.com/DecisiveAI/mdai-operator/internal/controller/hub_adapter.go:168.92,170.3 1 0
github.com/DecisiveAI/mdai-operator/internal/controller/hub_adapter.go:172.2,172.28 1 1
github.com/DecisiveAI/mdai-operator/internal/controller/hub_adapter.go:176.74,179.2 2 1
github.com/DecisiveAI/mdai-operator/internal/controller/hub_adapter.go:182.104,184.16 2 1
github.com/DecisiveAI/mdai-operator/internal/controller/hub_adapter.go:184.16,187.3 2 0
github.com/DecisiveAI/mdai-operator/internal/controller/hub_adapter.go:188.2,189.44 2 1
github.com/DecisiveAI/mdai-operator/internal/controller/hub_adapter.go:189.44,190.76 1 1
github.com/DecisiveAI/mdai-operator/internal/controller/hub_adapter.go:190.76,190.101 1 1
github.com/DecisiveAI/mdai-operator/internal/controller/hub_adapter.go:191.3,191.38 1 1
github.com/DecisiveAI/mdai-operator/internal/controller/hub_adapter.go:193.2,193.12 1 0
github.com/DecisiveAI/mdai-operator/internal/controller/hub_adapter.go:197.97,211.18 6 1
github.com/DecisiveAI/mdai-operator/internal/controller/hub_adapter.go:211.18,213.17 2 1
github.com/DecisiveAI/mdai-operator/internal/controller/hub_adapter.go:213.17,215.54 2 0
github.com/DecisiveAI/mdai-operator/internal/controller/hub_adapter.go:215.54,217.5 1 0
github.com/DecisiveAI/mdai-operator/internal/controller/hub_adapter.go:219.3,219.30 1 1
github.com/DecisiveAI/mdai-operator/internal/controller/hub_adapter.go:223.2,223.31 1 1
github.com/DecisiveAI/mdai-operator/internal/controller/hub_adapter.go:223.31,238.62 2 1
github.com/DecisiveAI/mdai-operator/internal/controller/hub_adapter.go:238.62,241.4 2 0
github.com/DecisiveAI/mdai-operator/internal/controller/hub_adapter.go:242.3,242.124 1 1
github.com/DecisiveAI/mdai-operator/internal/controller/hub_adapter.go:243.8,243.23 1 0
github.com/DecisiveAI/mdai-operator/internal/controller/hub_adapter.go:243.23,246.3 2 0
github.com/DecisiveAI/mdai-operator/internal/controller/hub_adapter.go:248.2,248.83 1 1
github.com/DecisiveAI/mdai-operator/internal/controller/hub_adapter.go:248.83,250.3 1 1
github.com/DecisiveAI/mdai-operator/internal/controller/hub_adapter.go:252.2,253.30 2 1
github.com/DecisiveAI/mdai-operator/internal/controller/hub_adapter.go:253.30,256.3 2 1
github.com/DecisiveAI/mdai-operator/internal/controller/hub_adapter.go:258.2,259.60 2 1
github.com/DecisiveAI/mdai-operator/internal/controller/hub_adapter.go:259.60,261.3 1 0
github.com/DecisiveAI/mdai-operator/internal/controller/hub_adapter.go:263.2,263.29 1 1
github.com/DecisiveAI/mdai-operator/internal/controller/hub_adapter.go:266.93,283.34 3 1
github.com/DecisiveAI/mdai-operator/internal/controller/hub_adapter.go:283.34,285.17 2 1
github.com/DecisiveAI/mdai-operator/internal/controller/hub_adapter.go:285.17,287.4 1 0
github.com/DecisiveAI/mdai-operator/internal/controller/hub_adapter.go:288.3,288.75 1 1
github.com/DecisiveAI/mdai-operator/internal/controller/hub_adapter.go:291.2,291.40 1 1
github.com/DecisiveAI/mdai-operator/internal/controller/hub_adapter.go:291.40,293.17 2 1
github.com/DecisiveAI/mdai-operator/internal/controller/hub_adapter.go:293.17,295.4 1 0
github.com/DecisiveAI/mdai-operator/internal/controller/hub_adapter.go:296.3,296.77 1 1
github.com/DecisiveAI/mdai-operator/internal/controller/hub_adapter.go:299.2,299.23 1 1
github.com/DecisiveAI/mdai-operator/internal/controller/hub_adapter.go:302.69,312.16 4 1
github.com/DecisiveAI/mdai-operator/internal/controller/hub_adapter.go:312.16,313.32 1 1
github.com/DecisiveAI/mdai-operator/internal/controller/hub_adapter.go:313.32,316.4 2 1
github.com/DecisiveAI/mdai-operator/internal/controller/hub_adapter.go:317.3,318.13 2 0
github.com/DecisiveAI/mdai-operator/internal/controller/hub_adapter.go:321.2,322.12 2 0
github.com/DecisiveAI/mdai-operator/internal/controller/hub_adapter.go:325.88,328.22 2 1
github.com/DecisiveAI/mdai-operator/internal/controller/hub_adapter.go:328.22,331.3 2 0
github.com/DecisiveAI/mdai-operator/internal/controller/hub_adapter.go:333.2,336.38 4 1
github.com/DecisiveAI/mdai-operator/internal/controller/hub_adapter.go:336.38,338.32 1 1
github.com/DecisiveAI/mdai-operator/internal/controller/hub_adapter.go:339.46,342.11 3 1
github.com/DecisiveAI/mdai-operator/internal/controller/hub_adapter.go:343.49,348.19 2 1
github.com/DecisiveAI/mdai-operator/internal/controller/hub_adapter.go:348.19,351.6 2 0
github.com/DecisiveAI/mdai-operator/internal/controller/hub_adapter.go:352.5,353.31 2 1
github.com/DecisiveAI/mdai-operator/internal/controller/hub_adapter.go:353.31,354.38 1 0
github.com/DecisiveAI/mdai-operator/internal/controller/hub_adapter.go:354.38,356.15 2 0
github.com/DecisiveAI/mdai-operator/internal/controller/hub_adapter.go:358.6,359.65 2 0
github.com/DecisiveAI/mdai-operator/internal/controller/hub_adapter.go:362.5,362.40 1 1
github.com/DecisiveAI/mdai-operator/internal/controller/hub_adapter.go:362.40,364.44 2 1
github.com/DecisiveAI/mdai-operator/internal/controller/hub_adapter.go:364.44,366.15 2 0
github.com/DecisiveAI/mdai-operator/internal/controller/hub_adapter.go:369.6,370.28 2 1
github.com/DecisiveAI/mdai-operator/internal/controller/hub_adapter.go:370.28,372.15 2 0
github.com/DecisiveAI/mdai-operator/internal/controller/hub_adapter.go:374.6,375.21 2 1
github.com/DecisiveAI/mdai-operator/internal/controller/hub_adapter.go:375.21,379.7 3 1
github.com/DecisiveAI/mdai-operator/internal/controller/hub_adapter.go:381.12,383.13 2 0
github.com/DecisiveAI/mdai-operator/internal/controller/hub_adapter.go:388.2,389.116 2 1
github.com/DecisiveAI/mdai-operator/internal/controller/hub_adapter.go:389.116,391.3 1 0
github.com/DecisiveAI/mdai-operator/internal/controller/hub_adapter.go:393.2,393.22 1 1
github.com/DecisiveAI/mdai-operator/internal/controller/hub_adapter.go:393.22,396.3 2 0
github.com/DecisiveAI/mdai-operator/internal/controller/hub_adapter.go:398.2,399.16 2 1
github.com/DecisiveAI/mdai-operator/internal/controller/hub_adapter.go:399.16,401.3 1 0
github.com/DecisiveAI/mdai-operator/internal/controller/hub_adapter.go:404.2,405.39 2 1
github.com/DecisiveAI/mdai-operator/internal/controller/hub_adapter.go:405.39,407.3 1 1
github.com/DecisiveAI/mdai-operator/internal/controller/hub_adapter.go:409.2,410.36 2 1
github.com/DecisiveAI/mdai-operator/internal/controller/hub_adapter.go:410.36,412.17 2 1
github.com/DecisiveAI/mdai-operator/internal/controller/hub_adapter.go:412.17,414.4 1 0
github.com/DecisiveAI/mdai-operator/internal/controller/hub_adapter.go:415.3,415.123 1 1
github.com/DecisiveAI/mdai-operator/internal/controller/hub_adapter.go:415.123,417.4 1 1
github.com/DecisiveAI/mdai-operator/internal/controller/hub_adapter.go:420.2,420.39 1 1
github.com/DecisiveAI/mdai-operator/internal/controller/hub_adapter.go:420.39,421.81 1 1
github.com/DecisiveAI/mdai-operator/internal/controller/hub_adapter.go:421.81,426.35 2 1
github.com/DecisiveAI/mdai-operator/internal/controller/hub_adapter.go:426.35,428.5 1 1
github.com/DecisiveAI/mdai-operator/internal/controller/hub_adapter.go:429.4,432.40 3 1
github.com/DecisiveAI/mdai-operator/internal/controller/hub_adapter.go:432.40,434.5 1 1
github.com/DecisiveAI/mdai-operator/internal/controller/hub_adapter.go:435.4,437.62 2 1
github.com/DecisiveAI/mdai-operator/internal/controller/hub_adapter.go:437.62,440.5 2 0
github.com/DecisiveAI/mdai-operator/internal/controller/hub_adapter.go:441.4,443.242 3 1
github.com/DecisiveAI/mdai-operator/internal/controller/hub_adapter.go:443.242,445.5 1 0
github.com/DecisiveAI/mdai-operator/internal/controller/hub_adapter.go:449.2,449.29 1 1
github.com/DecisiveAI/mdai-operator/internal/controller/hub_adapter.go:452.119,457.6 4 1
github.com/DecisiveAI/mdai-operator/internal/controller/hub_adapter.go:457.6,459.17 2 1
github.com/DecisiveAI/mdai-operator/internal/controller/hub_adapter.go:459.17,461.4 1 0
github.com/DecisiveAI/mdai-operator/internal/controller/hub_adapter.go:462.3,462.41 1 1
github.com/DecisiveAI/mdai-operator/internal/controller/hub_adapter.go:462.41,463.36 1 1
github.com/DecisiveAI/mdai-operator/internal/controller/hub_adapter.go:463.36,464.13 1 0
github.com/DecisiveAI/mdai-operator/internal/controller/hub_adapter.go:466.4,466.99 1 1
github.com/DecisiveAI/mdai-operator/internal/controller/hub_adapter.go:466.99,468.5 1 0
github.com/DecisiveAI/mdai-operator/internal/controller/hub_adapter.go:470.3,471.18 2 1
github.com/DecisiveAI/mdai-operator/internal/controller/hub_adapter.go:471.18,472.9 1 1
github.com/DecisiveAI/mdai-operator/internal/controller/hub_adapter.go:476.2,476.12 1 1
github.com/DecisiveAI/mdai-operator/internal/controller/hub_adapter.go:479.71,481.2 1 1
github.com/DecisiveAI/mdai-operator/internal/controller/hub_adapter.go:483.92,484.47 1 1
github.com/DecisiveAI/mdai-operator/internal/controller/hub_adapter.go:484.47,485.31 1 1
github.com/DecisiveAI/mdai-operator/internal/controller/hub_adapter.go:485.31,486.20 1 1
github.com/DecisiveAI/mdai-operator/internal/controller/hub_adapter.go:486.20,488.5 1 0
github.com/DecisiveAI/mdai-operator/internal/controller/hub_adapter.go:493.153,502.102 3 1
github.com/DecisiveAI/mdai-operator/internal/controller/hub_adapter.go:502.102,505.3 2 1
github.com/DecisiveAI/mdai-operator/internal/controller/hub_adapter.go:506.2,506.16 1 1
github.com/DecisiveAI/mdai-operator/internal/controller/hub_adapter.go:506.16,509.3 2 0
github.com/DecisiveAI/mdai-operator/internal/controller/hub_adapter.go:511.2,512.29 2 1
github.com/DecisiveAI/mdai-operator/internal/controller/hub_adapter.go:515.134,519.16 3 1
github.com/DecisiveAI/mdai-operator/internal/controller/hub_adapter.go:519.16,521.3 1 0
github.com/DecisiveAI/mdai-operator/internal/controller/hub_adapter.go:523.2,527.72 2 1
github.com/DecisiveAI/mdai-operator/internal/controller/hub_adapter.go:527.72,529.3 1 0
github.com/DecisiveAI/mdai-operator/internal/controller/hub_adapter.go:531.2,531.33 1 1
github.com/DecisiveAI/mdai-operator/internal/controller/hub_adapter.go:535.94,536.42 1 1
github.com/DecisiveAI/mdai-operator/internal/controller/hub_adapter.go:536.42,539.47 3 1
github.com/DecisiveAI/mdai-operator/internal/controller/hub_adapter.go:539.47,542.4 2 0
github.com/DecisiveAI/mdai-operator/internal/controller/hub_adapter.go:543.3,543.26 1 1
github.com/DecisiveAI/mdai-operator/internal/controller/hub_adapter.go:545.2,545.29 1 1
github.com/DecisiveAI/mdai-operator/internal/controller/hub_adapter.go:548.95,551.22 2 1
github.com/DecisiveAI/mdai-operator/internal/controller/hub_adapter.go:551.22,554.3 2 0
github.com/DecisiveAI/mdai-operator/internal/controller/hub_adapter.go:557.2,558.16 2 1
github.com/DecisiveAI/mdai-operator/internal/controller/hub_adapter.go:558.16,560.3 1 0
github.com/DecisiveAI/mdai-operator/internal/controller/hub_adapter.go:563.2,563.98 1 1
github.com/DecisiveAI/mdai-operator/internal/controller/hub_adapter.go:563.98,564.67 1 0
github.com/DecisiveAI/mdai-operator/internal/controller/hub_adapter.go:564.67,567.4 2 0
github.com/DecisiveAI/mdai-operator/internal/controller/hub_adapter.go:568.3,568.32 1 0
github.com/DecisiveAI/mdai-operator/internal/controller/hub_adapter.go:571.2,571.89 1 1
github.com/DecisiveAI/mdai-operator/internal/controller/hub_adapter.go:571.89,573.3 1 0
github.com/DecisiveAI/mdai-operator/internal/controller/hub_adapter.go:575.2,575.29 1 1
github.com/DecisiveAI/mdai-operator/internal/controller/hub_adapter.go:578.104,589.91 4 1
github.com/DecisiveAI/mdai-operator/internal/controller/hub_adapter.go:589.91,592.3 2 0
github.com/DecisiveAI/mdai-operator/internal/controller/hub_adapter.go:594.2,594.93 1 1
github.com/DecisiveAI/mdai-operator/internal/controller/hub_adapter.go:594.93,595.28 1 1
github.com/DecisiveAI/mdai-operator/internal/controller/hub_adapter.go:595.28,597.4 1 1
github.com/DecisiveAI/mdai-operator/internal/controller/hub_adapter.go:598.3,614.13 3 1
github.com/DecisiveAI/mdai-operator/internal/controller/hub_adapter.go:616.2,616.16 1 1
github.com/DecisiveAI/mdai-operator/internal/controller/hub_adapter.go:616.16,618.3 1 0
github.com/DecisiveAI/mdai-operator/internal/controller/hub_adapter.go:620.2,621.12 2 1
github.com/DecisiveAI/mdai-operator/internal/controller/hub_adapter.go:624.98,629.16 4 1
github.com/DecisiveAI/mdai-operator/internal/controller/hub_adapter.go:629.16,631.3 1 0
github.com/DecisiveAI/mdai-operator/internal/controller/hub_adapter.go:633.2,645.100 2 1
github.com/DecisiveAI/mdai-operator/internal/controller/hub_adapter.go:645.100,648.3 2 0
github.com/DecisiveAI/mdai-operator/internal/controller/hub_adapter.go:650.2,650.102 1 1
github.com/DecisiveAI/mdai-operator/internal/controller/hub_adapter.go:650.102,653.3 2 1
github.com/DecisiveAI/mdai-operator/internal/controller/hub_adapter.go:654.2,654.16 1 1
github.com/DecisiveAI/mdai-operator/internal/controller/hub_adapter.go:654.16,657.3 2 0
github.com/DecisiveAI/mdai-operator/internal/controller/hub_adapter.go:659.2,660.43 2 1
github.com/DecisiveAI/mdai-operator/internal/controller/hub_adapter.go:663.31,665.2 1 1
github.com/DecisiveAI/mdai-operator/internal/controller/hub_adapter.go:667.59,669.16 2 1
github.com/DecisiveAI/mdai-operator/internal/controller/hub_adapter.go:669.16,671.3 1 0
github.com/DecisiveAI/mdai-operator/internal/controller/hub_adapter.go:672.2,673.40 2 1
github.com/DecisiveAI/mdai-operator/internal/controller/hub_adapter.go:676.120,686.96 3 1
github.com/DecisiveAI/mdai-operator/internal/controller/hub_adapter.go:686.96,687.95 1 1
github.com/DecisiveAI/mdai-operator/internal/controller/hub_adapter.go:687.95,690.4 2 0
github.com/DecisiveAI/mdai-operator/internal/controller/hub_adapter.go:692.3,692.31 1 1
github.com/DecisiveAI/mdai-operator/internal/controller/hub_adapter.go:692.31,694.4 1 1
github.com/DecisiveAI/mdai-operator/internal/controller/hub_adapter.go:695.3,698.38 3 1
github.com/DecisiveAI/mdai-operator/internal/controller/hub_adapter.go:698.38,700.4 1 1
github.com/DecisiveAI/mdai-operator/internal/controller/hub_adapter.go:701.3,701.50 1 1
github.com/DecisiveAI/mdai-operator/internal/controller/hub_adapter.go:701.50,703.4 1 1
github.com/DecisiveAI/mdai-operator/internal/controller/hub_adapter.go:704.3,706.45 2 1
github.com/DecisiveAI/mdai-operator/internal/controller/hub_adapter.go:706.45,708.4 1 1
github.com/DecisiveAI/mdai-operator/internal/controller/hub_adapter.go:709.3,712.50 3 1
github.com/DecisiveAI/mdai-operator/internal/controller/hub_adapter.go:712.50,714.4 1 1
github.com/DecisiveAI/mdai-operator/internal/controller/hub_adapter.go:715.3,757.13 8 1
github.com/DecisiveAI/mdai-operator/internal/controller/hub_adapter.go:759.2,759.16 1 1
github.com/DecisiveAI/mdai-operator/internal/controller/hub_adapter.go:759.16,761.3 1 0
github.com/DecisiveAI/mdai-operator/internal/controller/hub_adapter.go:762.2,764.12 2 1
github.com/DecisiveAI/mdai-operator/internal/controller/hub_adapter.go:770.60,774.75 3 1
github.com/DecisiveAI/mdai-operator/internal/controller/hub_adapter.go:774.75,777.3 2 0
github.com/DecisiveAI/mdai-operator/internal/controller/hub_adapter.go:779.2,780.33 2 1
github.com/DecisiveAI/mdai-operator/internal/controller/hub_adapter.go:780.33,792.33 6 1
github.com/DecisiveAI/mdai-operator/internal/controller/hub_adapter.go:792.33,794.4 1 1
github.com/DecisiveAI/mdai-operator/internal/controller/hub_adapter.go:795.3,795.33 1 1
github.com/DecisiveAI/mdai-operator/internal/controller/hub_adapter.go:795.33,797.4 1 1
github.com/DecisiveAI/mdai-operator/internal/controller/hub_adapter.go:798.3,801.24 3 1
github.com/DecisiveAI/mdai-operator/internal/controller/hub_adapter.go:801.24,804.4 2 1
github.com/DecisiveAI/mdai-operator/internal/controller/hub_adapter.go:806.3,807.23 2 1
github.com/DecisiveAI/mdai-operator/internal/controller/hub_adapter.go:807.23,809.4 1 1
github.com/DecisiveAI/mdai-operator/internal/controller/hub_adapter.go:810.3,819.59 4 1
github.com/DecisiveAI/mdai-operator/internal/controller/hub_adapter.go:822.2,829.16 3 1
github.com/DecisiveAI/mdai-operator/internal/controller/hub_adapter.go:829.16,831.3 1 0
github.com/DecisiveAI/mdai-operator/internal/controller/hub_adapter.go:833.2,833.25 1 1
github.com/DecisiveAI/mdai-operator/internal/controller/hub_adapter.go:836.89,838.126 1 1
github.com/DecisiveAI/mdai-operator/internal/controller/hub_adapter.go:838.126,841.3 2 0
github.com/DecisiveAI/mdai-operator/internal/controller/hub_adapter.go:842.2,847.64 2 1
github.com/DecisiveAI/mdai-operator/internal/controller/hub_adapter.go:847.64,848.67 1 0
github.com/DecisiveAI/mdai-operator/internal/controller/hub_adapter.go:848.67,851.4 2 0
github.com/DecisiveAI/mdai-operator/internal/controller/hub_adapter.go:852.3,853.19 2 0
github.com/DecisiveAI/mdai-operator/internal/controller/hub_adapter.go:855.2,856.29 2 1
github.com/DecisiveAI/mdai-operator/internal/controller/hub_adapter.go:859.76,862.29 2 1
github.com/DecisiveAI/mdai-operator/internal/controller/hub_adapter.go:862.29,864.3 1 1
github.com/DecisiveAI/mdai-operator/internal/controller/hub_adapter.go:866.2,866.58 1 1
github.com/DecisiveAI/mdai-operator/internal/controller/hub_adapter.go:866.58,870.3 1 1
github.com/DecisiveAI/mdai-operator/internal/controller/hub_adapter.go:874.2,874.18 1 1
github.com/DecisiveAI/mdai-operator/internal/controller/mdaihub_controller.go:86.99,91.66 4 1
github.com/DecisiveAI/mdai-operator/internal/controller/mdaihub_controller.go:91.66,95.33 1 0
github.com/DecisiveAI/mdai-operator/internal/controller/mdaihub_controller.go:95.33,97.4 1 0
github.com/DecisiveAI/mdai-operator/internal/controller/mdaihub_controller.go:98.3,99.51 2 0
github.com/DecisiveAI/mdai-operator/internal/controller/mdaihub_controller.go:102.2,103.16 2 1
github.com/DecisiveAI/mdai-operator/internal/controller/mdaihub_controller.go:103.16,105.3 1 0
github.com/DecisiveAI/mdai-operator/internal/controller/mdaihub_controller.go:107.2,108.27 2 1
github.com/DecisiveAI/mdai-operator/internal/controller/mdaihub_controller.go:111.108,121.39 2 1
github.com/DecisiveAI/mdai-operator/internal/controller/mdaihub_controller.go:121.39,123.42 2 1
github.com/DecisiveAI/mdai-operator/internal/controller/mdaihub_controller.go:123.42,125.4 1 0
github.com/DecisiveAI/mdai-operator/internal/controller/mdaihub_controller.go:126.3,126.27 1 1
github.com/DecisiveAI/mdai-operator/internal/controller/mdaihub_controller.go:126.27,128.4 1 1
github.com/DecisiveAI/mdai-operator/internal/controller/mdaihub_controller.go:131.2,131.27 1 0
github.com/DecisiveAI/mdai-operator/internal/controller/mdaihub_controller.go:137.70,139.45 2 0
github.com/DecisiveAI/mdai-operator/internal/controller/mdaihub_controller.go:139.45,141.3 1 0
github.com/DecisiveAI/mdai-operator/internal/controller/mdaihub_controller.go:143.2,144.35 2 0
github.com/DecisiveAI/mdai-operator/internal/controller/mdaihub_controller.go:144.35,146.17 2 0
github.com/DecisiveAI/mdai-operator/internal/controller/mdaihub_controller.go:146.17,149.4 2 0
github.com/DecisiveAI/mdai-operator/internal/controller/mdaihub_controller.go:150.3,151.154 2 0
github.com/DecisiveAI/mdai-operator/internal/controller/mdaihub_controller.go:155.2,164.16 3 0
github.com/DecisiveAI/mdai-operator/internal/controller/mdaihub_controller.go:164.16,166.3 1 0
github.com/DecisiveAI/mdai-operator/internal/controller/mdaihub_controller.go:168.2,193.27 3 0
github.com/DecisiveAI/mdai-operator/internal/controller/mdaihub_controller.go:193.27,195.3 1 0
github.com/DecisiveAI/mdai-operator/internal/controller/mdaihub_controller.go:197.2,197.27 1 0
github.com/DecisiveAI/mdai-operator/internal/controller/mdaihub_controller.go:197.27,199.3 1 0
github.com/DecisiveAI/mdai-operator/internal/controller/mdaihub_controller.go:201.2,201.12 1 0
github.com/DecisiveAI/mdai-operator/internal/controller/mdaihub_controller.go:204.51,207.46 2 0
github.com/DecisiveAI/mdai-operator/internal/controller/mdaihub_controller.go:207.46,210.4 1 0
github.com/DecisiveAI/mdai-operator/internal/controller/mdaihub_controller.go:211.46,215.4 3 0
github.com/DecisiveAI/mdai-operator/internal/controller/mdaihub_controller.go:216.46,219.4 1 0
github.com/DecisiveAI/mdai-operator/internal/controller/mdaihub_controller.go:220.48,223.4 1 0
github.com/DecisiveAI/mdai-operator/internal/controller/mdaihub_controller.go:227.55,235.125 6 0
github.com/DecisiveAI/mdai-operator/internal/controller/mdaihub_controller.go:235.125,243.22 4 0
github.com/DecisiveAI/mdai-operator/internal/controller/mdaihub_controller.go:243.22,246.4 2 0
github.com/DecisiveAI/mdai-operator/internal/controller/mdaihub_controller.go:247.3,249.17 3 0
github.com/DecisiveAI/mdai-operator/internal/controller/mdaihub_controller.go:249.17,252.4 2 0
github.com/DecisiveAI/mdai-operator/internal/controller/mdaihub_controller.go:254.3,262.129 2 0
github.com/DecisiveAI/mdai-operator/internal/controller/mdaihub_controller.go:263.17,266.3 2 0
github.com/DecisiveAI/mdai-operator/internal/controller/mdaihub_controller.go:269.54,277.50 6 0
github.com/DecisiveAI/mdai-operator/internal/controller/mdaihub_controller.go:277.50,279.3 1 0
github.com/DecisiveAI/mdai-operator/internal/controller/mdaihub_controller.go:280.2,281.38 2 0
github.com/DecisiveAI/mdai-operator/internal/controller/mdaihub_controller.go:281.38,286.17 2 0
github.com/DecisiveAI/mdai-operator/internal/controller/mdaihub_controller.go:286.17,290.4 3 0
github.com/DecisiveAI/mdai-operator/internal/controller/mdaihub_controller.go:291.3,292.17 2 0
github.com/DecisiveAI/mdai-operator/internal/controller/mdaihub_controller.go:295.2,298.56 3 0
github.com/DecisiveAI/mdai-operator/internal/controller/mdaihub_controller.go:298.56,300.3 1 0
github.com/DecisiveAI/mdai-operator/internal/controller/mdaihub_controller.go:302.2,306.16 1 0
github.com/DecisiveAI/mdai-operator/internal/controller/mdaihub_controller.go:306.16,308.3 1 0
github.com/DecisiveAI/mdai-operator/internal/controller/mdaihub_controller.go:309.2,309.12 1 0
github.com/DecisiveAI/mdai-operator/internal/controller/mdaihub_controller.go:312.105,317.9 4 0
github.com/DecisiveAI/mdai-operator/internal/controller/mdaihub_controller.go:317.9,320.3 2 0
github.com/DecisiveAI/mdai-operator/internal/controller/mdaihub_controller.go:322.2,323.39 2 0
github.com/DecisiveAI/mdai-operator/internal/controller/mdaihub_controller.go:323.39,326.3 2 0
github.com/DecisiveAI/mdai-operator/internal/controller/mdaihub_controller.go:327.2,330.16 3 0
github.com/DecisiveAI/mdai-operator/internal/controller/mdaihub_controller.go:330.16,332.3 1 0
github.com/DecisiveAI/mdai-operator/internal/controller/mdaihub_controller.go:334.2,343.3 2 0
github.com/DecisiveAI/mdai-operator/internal/controller/mdaihub_controller.go:346.125,351.61 3 0
github.com/DecisiveAI/mdai-operator/internal/controller/mdaihub_controller.go:351.61,354.3 2 0
github.com/DecisiveAI/mdai-operator/internal/controller/mdaihub_controller.go:356.2,357.36 2 0
github.com/DecisiveAI/mdai-operator/internal/controller/mdaihub_controller.go:357.36,358.35 1 0
github.com/DecisiveAI/mdai-operator/internal/controller/mdaihub_controller.go:358.35,360.9 2 0
github.com/DecisiveAI/mdai-operator/internal/controller/mdaihub_controller.go:364.2,364.22 1 0
github.com/DecisiveAI/mdai-operator/internal/controller/mdaihub_controller.go:364.22,367.3 2 0
github.com/DecisiveAI/mdai-operator/internal/controller/mdaihub_controller.go:370.2,371.26 2 0
github.com/DecisiveAI/mdai-operator/internal/controller/mdaihub_controller.go:375.45,377.3 1 0
github.com/DecisiveAI/mdai-operator/internal/controller/mdaihub_controller.go:378.45,380.3 1 0
github.com/DecisiveAI/mdai-operator/internal/controller/mdaihub_controller.go:381.45,383.3 1 0
github.com/DecisiveAI/mdai-operator/internal/controller/mdaihub_controller.go:384.47,386.3 1 0
github.com/DecisiveAI/mdai-operator/internal/controller/reconcile_operation.go:11.49,13.2 1 0
github.com/DecisiveAI/mdai-operator/internal/controller/reconcile_operation.go:15.48,21.2 1 1
github.com/DecisiveAI/mdai-operator/internal/controller/reconcile_operation.go:23.44,29.2 1 1
github.com/DecisiveAI/mdai-operator/internal/controller/reconcile_operation.go:31.48,33.2 1 1
github.com/DecisiveAI/mdai-operator/internal/controller/reconcile_operation.go:35.41,41.2 1 0
github.com/DecisiveAI/mdai-operator/internal/controller/reconcile_operation.go:43.61,49.2 1 0
github.com/DecisiveAI/mdai-operator/internal/controller/reconcile_operation.go:51.65,57.2 1 0
github.com/DecisiveAI/mdai-operator/internal/controller/reconcile_operation.go:59.69,65.2 1 0
github.com/DecisiveAI/mdai-operator/internal/controller/reconcile_operation.go:67.78,73.2 1 0
github.com/DecisiveAI/mdai-operator/internal/controller/reconcile_operation.go:75.52,77.2 1 1
